#
# There is insufficient memory for the Java Runtime Environment to continue.
# Native memory allocation (malloc) failed to allocate 798496 bytes for Chunk::new
# Possible reasons:
#   The system is out of physical RAM or swap space
#   The process is running with CompressedOops enabled, and the Java Heap may be blocking the growth of the native heap
# Possible solutions:
#   Reduce memory load on the system
#   Increase physical memory or swap space
#   Check if swap backing store is full
#   Decrease Java heap size (-Xmx/-Xms)
#   Decrease number of Java threads
#   Decrease Java thread stack sizes (-Xss)
#   Set larger code cache with -XX:ReservedCodeCacheSize=
#   JVM is running with Unscaled Compressed Oops mode in which the Java heap is
#     placed in the first 4GB address space. The Java Heap base address is the
#     maximum limit for the native heap growth. Please use -XX:HeapBaseMinAddress
#     to set the Java Heap base and to place the Java Heap above 4GB virtual address.
# This output file may be truncated or incomplete.
#
#  Out of Memory Error (arena.cpp:189), pid=18408, tid=6512
#
# JRE version: OpenJDK Runtime Environment (17.0.7) (build 17.0.7+0-b2043.56-10550314)
# Java VM: OpenJDK 64-Bit Server VM (17.0.7+0-b2043.56-10550314, mixed mode, tiered, compressed oops, compressed class ptrs, g1 gc, windows-amd64)
# No core dump will be written. Minidumps are not enabled by default on client versions of Windows
#

---------------  S U M M A R Y ------------

Command Line: --add-opens=java.base/java.util=ALL-UNNAMED --add-opens=java.base/java.lang=ALL-UNNAMED --add-opens=java.base/java.lang.invoke=ALL-UNNAMED --add-opens=java.prefs/java.util.prefs=ALL-UNNAMED --add-opens=java.base/java.nio.charset=ALL-UNNAMED --add-opens=java.base/java.net=ALL-UNNAMED --add-opens=java.base/java.util.concurrent.atomic=ALL-UNNAMED -Xmx2048m -Dfile.encoding=UTF-8 -Duser.country=US -Duser.language=en -Duser.variant -javaagent:C:\Users\COMBATIENTE\.gradle\wrapper\dists\gradle-8.2-bin\bbg7u40eoinfdyxsxr3z4i7ta\gradle-8.2\lib\agents\gradle-instrumentation-agent-8.2.jar org.gradle.launcher.daemon.bootstrap.GradleDaemon 8.2

Host: Intel(R) Core(TM) i5-4210U CPU @ 1.70GHz, 4 cores, 11G,  Windows 10 , 64 bit Build 19041 (10.0.19041.3636)
Time: Mon Feb 12 20:35:39 2024 Arab Standard Time elapsed time: 33.624906 seconds (0d 0h 0m 33s)

---------------  T H R E A D  ---------------

Current thread (0x00000199db299730):  JavaThread "C2 CompilerThread1" daemon [_thread_in_native, id=6512, stack(0x0000001925100000,0x0000001925200000)]


Current CompileTask:
C2:  33625 8881       4       jdk.internal.jimage.ImageLocation::verify (218 bytes)

Stack: [0x0000001925100000,0x0000001925200000]
Native frames: (J=compiled Java code, j=interpreted, Vv=VM code, C=native code)
V  [jvm.dll+0x683bfa]
V  [jvm.dll+0x8430a4]
V  [jvm.dll+0x8449be]
V  [jvm.dll+0x845023]
V  [jvm.dll+0x24ad2f]
V  [jvm.dll+0xac25c]
V  [jvm.dll+0xac82c]
V  [jvm.dll+0x2b218f]
V  [jvm.dll+0x58c2f7]
V  [jvm.dll+0x225a12]
V  [jvm.dll+0x225def]
V  [jvm.dll+0x21f0b5]
V  [jvm.dll+0x21c56b]
V  [jvm.dll+0x1a605d]
V  [jvm.dll+0x22c148]
V  [jvm.dll+0x22a209]
V  [jvm.dll+0x7f858c]
V  [jvm.dll+0x7f2aea]
V  [jvm.dll+0x682a35]
C  [ucrtbase.dll+0x21bb2]
C  [KERNEL32.DLL+0x17344]
C  [ntdll.dll+0x526b1]


---------------  P R O C E S S  ---------------

Threads class SMR info:
_java_thread_list=0x00000199db0da7d0, length=52, elements={
0x00000199b9d91f20, 0x00000199d3395dc0, 0x00000199d3396dc0, 0x00000199d350a840,
0x00000199d350d110, 0x00000199d350dde0, 0x00000199d350e6a0, 0x00000199d3512790,
0x00000199d3513090, 0x00000199d35159a0, 0x00000199d3313750, 0x00000199d3849060,
0x00000199da20bb10, 0x00000199d9b747e0, 0x00000199d9f2f4f0, 0x00000199da06e100,
0x00000199d9fd3ca0, 0x00000199d9462150, 0x00000199d94617b0, 0x00000199d9463490,
0x00000199d9463e30, 0x00000199d9462620, 0x00000199d94612e0, 0x00000199d9461c80,
0x00000199d9462fc0, 0x00000199d9463960, 0x00000199d9460470, 0x00000199d9460940,
0x00000199d9460e10, 0x00000199db0ff340, 0x00000199db0fc320, 0x00000199db0f9300,
0x00000199db0f8960, 0x00000199db0ff810, 0x00000199db0fe9a0, 0x00000199db0fdb30,
0x00000199db0f9ca0, 0x00000199db0fc7f0, 0x00000199db0fbe50, 0x00000199db0fafe0,
0x00000199db0fd660, 0x00000199db0fd190, 0x00000199db0fe000, 0x00000199d9e77a60,
0x00000199d9e76720, 0x00000199d9e78400, 0x00000199d9e74a40, 0x00000199d9e75d80,
0x00000199d9e76bf0, 0x00000199d9e72890, 0x00000199d9e74570, 0x00000199db299730
}

Java Threads: ( => current thread )
  0x00000199b9d91f20 JavaThread "main" [_thread_blocked, id=12668, stack(0x0000001921200000,0x0000001921300000)]
  0x00000199d3395dc0 JavaThread "Reference Handler" daemon [_thread_blocked, id=7164, stack(0x0000001921900000,0x0000001921a00000)]
  0x00000199d3396dc0 JavaThread "Finalizer" daemon [_thread_blocked, id=3052, stack(0x0000001921a00000,0x0000001921b00000)]
  0x00000199d350a840 JavaThread "Signal Dispatcher" daemon [_thread_blocked, id=12976, stack(0x0000001921b00000,0x0000001921c00000)]
  0x00000199d350d110 JavaThread "Attach Listener" daemon [_thread_blocked, id=4604, stack(0x0000001921c00000,0x0000001921d00000)]
  0x00000199d350dde0 JavaThread "Service Thread" daemon [_thread_blocked, id=16688, stack(0x0000001921d00000,0x0000001921e00000)]
  0x00000199d350e6a0 JavaThread "Monitor Deflation Thread" daemon [_thread_blocked, id=1536, stack(0x0000001921e00000,0x0000001921f00000)]
  0x00000199d3512790 JavaThread "C2 CompilerThread0" daemon [_thread_in_native, id=11992, stack(0x0000001921f00000,0x0000001922000000)]
  0x00000199d3513090 JavaThread "C1 CompilerThread0" daemon [_thread_in_native, id=17904, stack(0x0000001922000000,0x0000001922100000)]
  0x00000199d35159a0 JavaThread "Sweeper thread" daemon [_thread_blocked, id=11160, stack(0x0000001922100000,0x0000001922200000)]
  0x00000199d3313750 JavaThread "Common-Cleaner" daemon [_thread_blocked, id=6560, stack(0x0000001922200000,0x0000001922300000)]
  0x00000199d3849060 JavaThread "Notification Thread" daemon [_thread_blocked, id=5976, stack(0x0000001922300000,0x0000001922400000)]
  0x00000199da20bb10 JavaThread "Daemon health stats" [_thread_blocked, id=11980, stack(0x0000001922900000,0x0000001922a00000)]
  0x00000199d9b747e0 JavaThread "Incoming local TCP Connector on port 12721" [_thread_in_native, id=16572, stack(0x0000001922a00000,0x0000001922b00000)]
  0x00000199d9f2f4f0 JavaThread "Daemon periodic checks" [_thread_blocked, id=9732, stack(0x0000001922b00000,0x0000001922c00000)]
  0x00000199da06e100 JavaThread "Daemon" [_thread_blocked, id=17616, stack(0x0000001922c00000,0x0000001922d00000)]
  0x00000199d9fd3ca0 JavaThread "Handler for socket connection from /127.0.0.1:12721 to /127.0.0.1:12722" [_thread_in_native, id=11484, stack(0x0000001922d00000,0x0000001922e00000)]
  0x00000199d9462150 JavaThread "Cancel handler" [_thread_blocked, id=2544, stack(0x0000001922e00000,0x0000001922f00000)]
  0x00000199d94617b0 JavaThread "Daemon worker" [_thread_blocked, id=7084, stack(0x0000001922f00000,0x0000001923000000)]
  0x00000199d9463490 JavaThread "Asynchronous log dispatcher for DefaultDaemonConnection: socket connection from /127.0.0.1:12721 to /127.0.0.1:12722" [_thread_blocked, id=17908, stack(0x0000001923000000,0x0000001923100000)]
  0x00000199d9463e30 JavaThread "Stdin handler" [_thread_blocked, id=15044, stack(0x0000001923100000,0x0000001923200000)]
  0x00000199d9462620 JavaThread "Daemon client event forwarder" [_thread_blocked, id=17732, stack(0x0000001923200000,0x0000001923300000)]
  0x00000199d94612e0 JavaThread "Cache worker for journal cache (C:\Users\COMBATIENTE\.gradle\caches\journal-1)" [_thread_blocked, id=5472, stack(0x0000001922500000,0x0000001922600000)]
  0x00000199d9461c80 JavaThread "File lock request listener" [_thread_in_native, id=15600, stack(0x0000001923300000,0x0000001923400000)]
  0x00000199d9462fc0 JavaThread "Cache worker for file hash cache (C:\Users\COMBATIENTE\.gradle\caches\8.2\fileHashes)" [_thread_blocked, id=7004, stack(0x0000001923400000,0x0000001923500000)]
  0x00000199d9463960 JavaThread "File watcher server" daemon [_thread_in_native, id=8332, stack(0x0000001923600000,0x0000001923700000)]
  0x00000199d9460470 JavaThread "File watcher consumer" daemon [_thread_blocked, id=9056, stack(0x0000001923700000,0x0000001923800000)]
  0x00000199d9460940 JavaThread "jar transforms" [_thread_blocked, id=16100, stack(0x0000001923800000,0x0000001923900000)]
  0x00000199d9460e10 JavaThread "jar transforms Thread 2" [_thread_blocked, id=11300, stack(0x0000001923900000,0x0000001923a00000)]
  0x00000199db0ff340 JavaThread "jar transforms Thread 3" [_thread_blocked, id=12604, stack(0x0000001923a00000,0x0000001923b00000)]
  0x00000199db0fc320 JavaThread "jar transforms Thread 4" [_thread_blocked, id=8064, stack(0x0000001923b00000,0x0000001923c00000)]
  0x00000199db0f9300 JavaThread "Cache worker for checksums cache (C:\Users\COMBATIENTE\AndroidStudioProjects\MyApp2\.gradle\8.2\checksums)" [_thread_blocked, id=14088, stack(0x0000001923500000,0x0000001923600000)]
  0x00000199db0f8960 JavaThread "Cache worker for cache directory md-rule (C:\Users\COMBATIENTE\.gradle\caches\8.2\md-rule)" [_thread_blocked, id=14244, stack(0x0000001923c00000,0x0000001923d00000)]
  0x00000199db0ff810 JavaThread "Cache worker for file content cache (C:\Users\COMBATIENTE\.gradle\caches\8.2\fileContent)" [_thread_blocked, id=10128, stack(0x0000001923e00000,0x0000001923f00000)]
  0x00000199db0fe9a0 JavaThread "Cache worker for file hash cache (C:\Users\COMBATIENTE\AndroidStudioProjects\MyApp2\.gradle\8.2\fileHashes)" [_thread_blocked, id=4384, stack(0x0000001923f00000,0x0000001924000000)]
  0x00000199db0fdb30 JavaThread "Cache worker for cache directory md-supplier (C:\Users\COMBATIENTE\.gradle\caches\8.2\md-supplier)" [_thread_blocked, id=15648, stack(0x0000001924000000,0x0000001924100000)]
  0x00000199db0f9ca0 JavaThread "Cache worker for execution history cache (C:\Users\COMBATIENTE\.gradle\caches\8.2\executionHistory)" [_thread_blocked, id=14428, stack(0x0000001924100000,0x0000001924200000)]
  0x00000199db0fc7f0 JavaThread "Cache worker for kotlin-dsl (C:\Users\COMBATIENTE\.gradle\caches\8.2\kotlin-dsl)" [_thread_blocked, id=2012, stack(0x0000001924200000,0x0000001924300000)]
  0x00000199db0fbe50 JavaThread "Cache worker for dependencies-accessors (C:\Users\COMBATIENTE\AndroidStudioProjects\MyApp2\.gradle\8.2\dependencies-accessors)" [_thread_blocked, id=13076, stack(0x0000001924300000,0x0000001924400000)]
  0x00000199db0fafe0 JavaThread "Cache worker for Build Output Cleanup Cache (C:\Users\COMBATIENTE\AndroidStudioProjects\MyApp2\.gradle\buildOutputCleanup)" [_thread_blocked, id=15652, stack(0x0000001924400000,0x0000001924500000)]
  0x00000199db0fd660 JavaThread "Unconstrained build operations" [_thread_blocked, id=16808, stack(0x0000001924500000,0x0000001924600000)]
  0x00000199db0fd190 JavaThread "Unconstrained build operations Thread 2" [_thread_blocked, id=11668, stack(0x0000001924600000,0x0000001924700000)]
  0x00000199db0fe000 JavaThread "Unconstrained build operations Thread 3" [_thread_blocked, id=644, stack(0x0000001924700000,0x0000001924800000)]
  0x00000199d9e77a60 JavaThread "Memory manager" [_thread_blocked, id=13920, stack(0x0000001924800000,0x0000001924900000)]
  0x00000199d9e76720 JavaThread "pool-3-thread-1" [_thread_blocked, id=18396, stack(0x0000001924900000,0x0000001924a00000)]
  0x00000199d9e78400 JavaThread "included builds" [_thread_blocked, id=17024, stack(0x0000001924b00000,0x0000001924c00000)]
  0x00000199d9e74a40 JavaThread "Execution worker" [_thread_blocked, id=10948, stack(0x0000001924c00000,0x0000001924d00000)]
  0x00000199d9e75d80 JavaThread "Execution worker Thread 2" [_thread_blocked, id=7488, stack(0x0000001924d00000,0x0000001924e00000)]
  0x00000199d9e76bf0 JavaThread "Execution worker Thread 3" [_thread_blocked, id=11996, stack(0x0000001924e00000,0x0000001924f00000)]
  0x00000199d9e72890 JavaThread "Cache worker for execution history cache (C:\Users\COMBATIENTE\AndroidStudioProjects\MyApp2\.gradle\8.2\executionHistory)" [_thread_blocked, id=2108, stack(0x0000001924f00000,0x0000001925000000)]
  0x00000199d9e74570 JavaThread "idea-tooling-model-converter" [_thread_in_vm, id=9028, stack(0x0000001925000000,0x0000001925100000)]
=>0x00000199db299730 JavaThread "C2 CompilerThread1" daemon [_thread_in_native, id=6512, stack(0x0000001925100000,0x0000001925200000)]

Other Threads:
  0x00000199d338e8d0 VMThread "VM Thread" [stack: 0x0000001921800000,0x0000001921900000] [id=14316] _threads_hazard_ptr=0x00000199db0da7d0
  0x00000199d371f760 WatcherThread [stack: 0x0000001922400000,0x0000001922500000] [id=1312]
  0x00000199b9dee500 GCTaskThread "GC Thread#0" [stack: 0x0000001921300000,0x0000001921400000] [id=2908]
  0x00000199d386f2e0 GCTaskThread "GC Thread#1" [stack: 0x0000001922600000,0x0000001922700000] [id=14172]
  0x00000199d840afc0 GCTaskThread "GC Thread#2" [stack: 0x0000001922700000,0x0000001922800000] [id=16476]
  0x00000199d840b270 GCTaskThread "GC Thread#3" [stack: 0x0000001922800000,0x0000001922900000] [id=8480]
  0x00000199b9dff350 ConcurrentGCThread "G1 Main Marker" [stack: 0x0000001921400000,0x0000001921500000] [id=14948]
  0x00000199b9dffc70 ConcurrentGCThread "G1 Conc#0" [stack: 0x0000001921500000,0x0000001921600000] [id=10132]
  0x00000199b9e5d350 ConcurrentGCThread "G1 Refine#0" [stack: 0x0000001921600000,0x0000001921700000] [id=5160]
  0x00000199b9e5dc80 ConcurrentGCThread "G1 Service" [stack: 0x0000001921700000,0x0000001921800000] [id=9092]

Threads with active compile tasks:
C2 CompilerThread0    33717 8810       4       org.gradle.internal.instantiation.generator.AbstractClassGenerator::inspectType (560 bytes)
C1 CompilerThread0    33717 8911       3       java.util.Formatter::ensureOpen (16 bytes)
C2 CompilerThread1    33717 8881       4       jdk.internal.jimage.ImageLocation::verify (218 bytes)

VM state: not at safepoint (normal execution)

VM Mutex/Monitor currently owned by a thread:  ([mutex/lock_event])
[0x00000199b9d8cc40] Compile_lock - owner thread: 0x00000199d94617b0

Heap address: 0x0000000080000000, size: 2048 MB, Compressed Oops mode: 32-bit

CDS archive(s) not mapped
Compressed class space mapped at: 0x0000000100000000-0x0000000140000000, reserved size: 1073741824
Narrow klass base: 0x0000000000000000, Narrow klass shift: 3, Narrow klass range: 0x140000000

GC Precious Log:
 CPUs: 4 total, 4 available
 Memory: 12224M
 Large Page Support: Disabled
 NUMA Support: Disabled
 Compressed Oops: Enabled (32-bit)
 Heap Region Size: 1M
 Heap Min Capacity: 8M
 Heap Initial Capacity: 192M
 Heap Max Capacity: 2G
 Pre-touch: Disabled
 Parallel Workers: 4
 Concurrent Workers: 1
 Concurrent Refinement Workers: 4
 Periodic GC: Disabled

Heap:
 garbage-first heap   total 221184K, used 146586K [0x0000000080000000, 0x0000000100000000)
  region size 1024K, 33 young (33792K), 9 survivors (9216K)
 Metaspace       used 90752K, committed 91584K, reserved 1179648K
  class space    used 12351K, committed 12736K, reserved 1048576K

Heap Regions: E=young(eden), S=young(survivor), O=old, HS=humongous(starts), HC=humongous(continues), CS=collection set, F=free, OA=open archive, CA=closed archive, TAMS=top-at-mark-start (previous, next)
|   0|0x0000000080000000, 0x0000000080100000, 0x0000000080100000|100%| O|  |TAMS 0x0000000080100000, 0x0000000080100000| Untracked 
|   1|0x0000000080100000, 0x0000000080200000, 0x0000000080200000|100%| O|  |TAMS 0x0000000080200000, 0x0000000080200000| Untracked 
|   2|0x0000000080200000, 0x0000000080300000, 0x0000000080300000|100%|HS|  |TAMS 0x0000000080300000, 0x0000000080300000| Complete 
|   3|0x0000000080300000, 0x0000000080400000, 0x0000000080400000|100%|HC|  |TAMS 0x0000000080400000, 0x0000000080400000| Complete 
|   4|0x0000000080400000, 0x0000000080500000, 0x0000000080500000|100%|HC|  |TAMS 0x0000000080500000, 0x0000000080500000| Complete 
|   5|0x0000000080500000, 0x0000000080600000, 0x0000000080600000|100%|HC|  |TAMS 0x0000000080600000, 0x0000000080600000| Complete 
|   6|0x0000000080600000, 0x0000000080700000, 0x0000000080700000|100%| O|  |TAMS 0x0000000080700000, 0x0000000080700000| Untracked 
|   7|0x0000000080700000, 0x0000000080800000, 0x0000000080800000|100%| O|  |TAMS 0x0000000080800000, 0x0000000080800000| Untracked 
|   8|0x0000000080800000, 0x0000000080900000, 0x0000000080900000|100%| O|  |TAMS 0x0000000080900000, 0x0000000080900000| Untracked 
|   9|0x0000000080900000, 0x0000000080a00000, 0x0000000080a00000|100%| O|  |TAMS 0x0000000080a00000, 0x0000000080a00000| Untracked 
|  10|0x0000000080a00000, 0x0000000080b00000, 0x0000000080b00000|100%| O|  |TAMS 0x0000000080b00000, 0x0000000080b00000| Untracked 
|  11|0x0000000080b00000, 0x0000000080c00000, 0x0000000080c00000|100%| O|  |TAMS 0x0000000080c00000, 0x0000000080c00000| Untracked 
|  12|0x0000000080c00000, 0x0000000080d00000, 0x0000000080d00000|100%| O|  |TAMS 0x0000000080d00000, 0x0000000080d00000| Untracked 
|  13|0x0000000080d00000, 0x0000000080e00000, 0x0000000080e00000|100%| O|  |TAMS 0x0000000080e00000, 0x0000000080e00000| Untracked 
|  14|0x0000000080e00000, 0x0000000080f00000, 0x0000000080f00000|100%| O|  |TAMS 0x0000000080f00000, 0x0000000080f00000| Untracked 
|  15|0x0000000080f00000, 0x0000000081000000, 0x0000000081000000|100%| O|  |TAMS 0x0000000081000000, 0x0000000081000000| Untracked 
|  16|0x0000000081000000, 0x0000000081100000, 0x0000000081100000|100%| O|  |TAMS 0x0000000081100000, 0x0000000081100000| Untracked 
|  17|0x0000000081100000, 0x0000000081200000, 0x0000000081200000|100%| O|  |TAMS 0x0000000081200000, 0x0000000081200000| Untracked 
|  18|0x0000000081200000, 0x0000000081300000, 0x0000000081300000|100%| O|  |TAMS 0x0000000081300000, 0x0000000081300000| Untracked 
|  19|0x0000000081300000, 0x0000000081400000, 0x0000000081400000|100%|HS|  |TAMS 0x0000000081400000, 0x0000000081400000| Complete 
|  20|0x0000000081400000, 0x0000000081500000, 0x0000000081500000|100%|HC|  |TAMS 0x0000000081500000, 0x0000000081500000| Complete 
|  21|0x0000000081500000, 0x0000000081600000, 0x0000000081600000|100%|HS|  |TAMS 0x0000000081600000, 0x0000000081600000| Complete 
|  22|0x0000000081600000, 0x0000000081700000, 0x0000000081700000|100%|HC|  |TAMS 0x0000000081700000, 0x0000000081700000| Complete 
|  23|0x0000000081700000, 0x0000000081800000, 0x0000000081800000|100%|HC|  |TAMS 0x0000000081800000, 0x0000000081800000| Complete 
|  24|0x0000000081800000, 0x0000000081900000, 0x0000000081900000|100%| O|  |TAMS 0x0000000081900000, 0x0000000081900000| Untracked 
|  25|0x0000000081900000, 0x0000000081a00000, 0x0000000081a00000|100%| O|  |TAMS 0x0000000081a00000, 0x0000000081a00000| Untracked 
|  26|0x0000000081a00000, 0x0000000081b00000, 0x0000000081b00000|100%| O|  |TAMS 0x0000000081b00000, 0x0000000081b00000| Untracked 
|  27|0x0000000081b00000, 0x0000000081c00000, 0x0000000081c00000|100%|HS|  |TAMS 0x0000000081c00000, 0x0000000081c00000| Complete 
|  28|0x0000000081c00000, 0x0000000081d00000, 0x0000000081d00000|100%|HC|  |TAMS 0x0000000081d00000, 0x0000000081d00000| Complete 
|  29|0x0000000081d00000, 0x0000000081e00000, 0x0000000081e00000|100%| O|  |TAMS 0x0000000081e00000, 0x0000000081e00000| Untracked 
|  30|0x0000000081e00000, 0x0000000081f00000, 0x0000000081f00000|100%| O|  |TAMS 0x0000000081f00000, 0x0000000081f00000| Untracked 
|  31|0x0000000081f00000, 0x0000000082000000, 0x0000000082000000|100%|HS|  |TAMS 0x0000000082000000, 0x0000000082000000| Complete 
|  32|0x0000000082000000, 0x0000000082100000, 0x0000000082100000|100%|HC|  |TAMS 0x0000000082100000, 0x0000000082100000| Complete 
|  33|0x0000000082100000, 0x0000000082200000, 0x0000000082200000|100%|HC|  |TAMS 0x0000000082200000, 0x0000000082200000| Complete 
|  34|0x0000000082200000, 0x0000000082300000, 0x0000000082300000|100%|HC|  |TAMS 0x0000000082300000, 0x0000000082300000| Complete 
|  35|0x0000000082300000, 0x0000000082400000, 0x0000000082400000|100%|HC|  |TAMS 0x0000000082400000, 0x0000000082400000| Complete 
|  36|0x0000000082400000, 0x0000000082500000, 0x0000000082500000|100%|HC|  |TAMS 0x0000000082500000, 0x0000000082500000| Complete 
|  37|0x0000000082500000, 0x0000000082600000, 0x0000000082600000|100%|HC|  |TAMS 0x0000000082600000, 0x0000000082600000| Complete 
|  38|0x0000000082600000, 0x0000000082700000, 0x0000000082700000|100%|HC|  |TAMS 0x0000000082700000, 0x0000000082700000| Complete 
|  39|0x0000000082700000, 0x0000000082800000, 0x0000000082800000|100%|HC|  |TAMS 0x0000000082800000, 0x0000000082800000| Complete 
|  40|0x0000000082800000, 0x0000000082900000, 0x0000000082900000|100%|HC|  |TAMS 0x0000000082900000, 0x0000000082900000| Complete 
|  41|0x0000000082900000, 0x0000000082a00000, 0x0000000082a00000|100%|HC|  |TAMS 0x0000000082a00000, 0x0000000082a00000| Complete 
|  42|0x0000000082a00000, 0x0000000082b00000, 0x0000000082b00000|100%|HC|  |TAMS 0x0000000082b00000, 0x0000000082b00000| Complete 
|  43|0x0000000082b00000, 0x0000000082c00000, 0x0000000082c00000|100%|HS|  |TAMS 0x0000000082c00000, 0x0000000082c00000| Complete 
|  44|0x0000000082c00000, 0x0000000082d00000, 0x0000000082d00000|100%|HC|  |TAMS 0x0000000082d00000, 0x0000000082d00000| Complete 
|  45|0x0000000082d00000, 0x0000000082e00000, 0x0000000082e00000|100%| O|  |TAMS 0x0000000082e00000, 0x0000000082e00000| Untracked 
|  46|0x0000000082e00000, 0x0000000082f00000, 0x0000000082f00000|100%| O|  |TAMS 0x0000000082f00000, 0x0000000082f00000| Untracked 
|  47|0x0000000082f00000, 0x0000000083000000, 0x0000000083000000|100%| O|  |TAMS 0x0000000083000000, 0x0000000083000000| Untracked 
|  48|0x0000000083000000, 0x0000000083100000, 0x0000000083100000|100%| O|  |TAMS 0x0000000083100000, 0x0000000083100000| Untracked 
|  49|0x0000000083100000, 0x0000000083200000, 0x0000000083200000|100%| O|  |TAMS 0x0000000083200000, 0x0000000083200000| Untracked 
|  50|0x0000000083200000, 0x0000000083300000, 0x0000000083300000|100%| O|  |TAMS 0x0000000083300000, 0x0000000083300000| Untracked 
|  51|0x0000000083300000, 0x0000000083400000, 0x0000000083400000|100%| O|  |TAMS 0x0000000083400000, 0x0000000083400000| Untracked 
|  52|0x0000000083400000, 0x0000000083500000, 0x0000000083500000|100%| O|  |TAMS 0x0000000083500000, 0x0000000083500000| Untracked 
|  53|0x0000000083500000, 0x0000000083600000, 0x0000000083600000|100%|HS|  |TAMS 0x0000000083600000, 0x0000000083600000| Complete 
|  54|0x0000000083600000, 0x0000000083700000, 0x0000000083700000|100%|HC|  |TAMS 0x0000000083700000, 0x0000000083700000| Complete 
|  55|0x0000000083700000, 0x0000000083800000, 0x0000000083800000|100%|HC|  |TAMS 0x0000000083800000, 0x0000000083800000| Complete 
|  56|0x0000000083800000, 0x0000000083900000, 0x0000000083900000|100%| O|  |TAMS 0x0000000083900000, 0x0000000083900000| Untracked 
|  57|0x0000000083900000, 0x0000000083a00000, 0x0000000083a00000|100%| O|  |TAMS 0x0000000083a00000, 0x0000000083a00000| Untracked 
|  58|0x0000000083a00000, 0x0000000083b00000, 0x0000000083b00000|100%| O|  |TAMS 0x0000000083b00000, 0x0000000083b00000| Untracked 
|  59|0x0000000083b00000, 0x0000000083c00000, 0x0000000083c00000|100%| O|  |TAMS 0x0000000083c00000, 0x0000000083c00000| Untracked 
|  60|0x0000000083c00000, 0x0000000083d00000, 0x0000000083d00000|100%| O|  |TAMS 0x0000000083d00000, 0x0000000083d00000| Untracked 
|  61|0x0000000083d00000, 0x0000000083e00000, 0x0000000083e00000|100%| O|  |TAMS 0x0000000083e00000, 0x0000000083e00000| Untracked 
|  62|0x0000000083e00000, 0x0000000083f00000, 0x0000000083f00000|100%| O|  |TAMS 0x0000000083f00000, 0x0000000083f00000| Untracked 
|  63|0x0000000083f00000, 0x0000000084000000, 0x0000000084000000|100%| O|  |TAMS 0x0000000084000000, 0x0000000084000000| Untracked 
|  64|0x0000000084000000, 0x0000000084100000, 0x0000000084100000|100%| O|  |TAMS 0x0000000084100000, 0x0000000084100000| Untracked 
|  65|0x0000000084100000, 0x0000000084200000, 0x0000000084200000|100%| O|  |TAMS 0x0000000084200000, 0x0000000084200000| Untracked 
|  66|0x0000000084200000, 0x0000000084300000, 0x0000000084300000|100%|HS|  |TAMS 0x0000000084300000, 0x0000000084300000| Complete 
|  67|0x0000000084300000, 0x0000000084400000, 0x0000000084400000|100%|HS|  |TAMS 0x0000000084400000, 0x0000000084400000| Complete 
|  68|0x0000000084400000, 0x0000000084500000, 0x0000000084500000|100%|HS|  |TAMS 0x0000000084500000, 0x0000000084500000| Complete 
|  69|0x0000000084500000, 0x0000000084600000, 0x0000000084600000|100%| O|  |TAMS 0x0000000084600000, 0x0000000084600000| Untracked 
|  70|0x0000000084600000, 0x0000000084700000, 0x0000000084700000|100%| O|  |TAMS 0x0000000084700000, 0x0000000084700000| Untracked 
|  71|0x0000000084700000, 0x0000000084800000, 0x0000000084800000|100%| O|  |TAMS 0x0000000084800000, 0x0000000084800000| Untracked 
|  72|0x0000000084800000, 0x0000000084900000, 0x0000000084900000|100%|HS|  |TAMS 0x0000000084900000, 0x0000000084900000| Complete 
|  73|0x0000000084900000, 0x0000000084a00000, 0x0000000084a00000|100%| O|  |TAMS 0x0000000084a00000, 0x0000000084a00000| Untracked 
|  74|0x0000000084a00000, 0x0000000084b00000, 0x0000000084b00000|100%| O|  |TAMS 0x0000000084a00000, 0x0000000084b00000| Untracked 
|  75|0x0000000084b00000, 0x0000000084c00000, 0x0000000084c00000|100%|HS|  |TAMS 0x0000000084c00000, 0x0000000084c00000| Complete 
|  76|0x0000000084c00000, 0x0000000084d00000, 0x0000000084d00000|100%| O|  |TAMS 0x0000000084d00000, 0x0000000084d00000| Untracked 
|  77|0x0000000084d00000, 0x0000000084e00000, 0x0000000084e00000|100%| O|  |TAMS 0x0000000084e00000, 0x0000000084e00000| Untracked 
|  78|0x0000000084e00000, 0x0000000084e00000, 0x0000000084f00000|  0%| F|  |TAMS 0x0000000084e00000, 0x0000000084e00000| Untracked 
|  79|0x0000000084f00000, 0x0000000085000000, 0x0000000085000000|100%| O|  |TAMS 0x0000000085000000, 0x0000000085000000| Untracked 
|  80|0x0000000085000000, 0x0000000085100000, 0x0000000085100000|100%| O|  |TAMS 0x0000000085100000, 0x0000000085100000| Untracked 
|  81|0x0000000085100000, 0x0000000085200000, 0x0000000085200000|100%| O|  |TAMS 0x0000000085200000, 0x0000000085200000| Untracked 
|  82|0x0000000085200000, 0x0000000085300000, 0x0000000085300000|100%| O|  |TAMS 0x0000000085300000, 0x0000000085300000| Untracked 
|  83|0x0000000085300000, 0x0000000085400000, 0x0000000085400000|100%| O|  |TAMS 0x0000000085400000, 0x0000000085400000| Untracked 
|  84|0x0000000085400000, 0x0000000085500000, 0x0000000085500000|100%| O|  |TAMS 0x0000000085500000, 0x0000000085500000| Untracked 
|  85|0x0000000085500000, 0x0000000085600000, 0x0000000085600000|100%| O|  |TAMS 0x0000000085600000, 0x0000000085600000| Untracked 
|  86|0x0000000085600000, 0x0000000085700000, 0x0000000085700000|100%| O|  |TAMS 0x000000008561a800, 0x0000000085700000| Untracked 
|  87|0x0000000085700000, 0x0000000085800000, 0x0000000085800000|100%| O|  |TAMS 0x0000000085700000, 0x0000000085800000| Untracked 
|  88|0x0000000085800000, 0x0000000085900000, 0x0000000085900000|100%| O|  |TAMS 0x0000000085900000, 0x0000000085900000| Untracked 
|  89|0x0000000085900000, 0x0000000085a00000, 0x0000000085a00000|100%| O|  |TAMS 0x0000000085900000, 0x0000000085a00000| Untracked 
|  90|0x0000000085a00000, 0x0000000085b00000, 0x0000000085b00000|100%| O|  |TAMS 0x0000000085a00000, 0x0000000085b00000| Untracked 
|  91|0x0000000085b00000, 0x0000000085c00000, 0x0000000085c00000|100%| O|  |TAMS 0x0000000085b00000, 0x0000000085c00000| Untracked 
|  92|0x0000000085c00000, 0x0000000085c08600, 0x0000000085d00000|  3%| O|  |TAMS 0x0000000085c00000, 0x0000000085c08600| Untracked 
|  93|0x0000000085d00000, 0x0000000085e00000, 0x0000000085e00000|100%|HS|  |TAMS 0x0000000085d00000, 0x0000000085d00000| Complete 
|  94|0x0000000085e00000, 0x0000000085f00000, 0x0000000085f00000|100%|HC|  |TAMS 0x0000000085e00000, 0x0000000085e00000| Complete 
|  95|0x0000000085f00000, 0x0000000085f00000, 0x0000000086000000|  0%| F|  |TAMS 0x0000000085f00000, 0x0000000085f00000| Untracked 
|  96|0x0000000086000000, 0x0000000086000000, 0x0000000086100000|  0%| F|  |TAMS 0x0000000086000000, 0x0000000086000000| Untracked 
|  97|0x0000000086100000, 0x0000000086200000, 0x0000000086200000|100%|HS|  |TAMS 0x0000000086100000, 0x0000000086200000| Complete 
|  98|0x0000000086200000, 0x0000000086300000, 0x0000000086300000|100%|HC|  |TAMS 0x0000000086200000, 0x0000000086300000| Complete 
|  99|0x0000000086300000, 0x0000000086400000, 0x0000000086400000|100%|HS|  |TAMS 0x0000000086300000, 0x0000000086400000| Complete 
| 100|0x0000000086400000, 0x0000000086500000, 0x0000000086500000|100%|HC|  |TAMS 0x0000000086400000, 0x0000000086500000| Complete 
| 101|0x0000000086500000, 0x0000000086600000, 0x0000000086600000|100%|HC|  |TAMS 0x0000000086500000, 0x0000000086600000| Complete 
| 102|0x0000000086600000, 0x0000000086700000, 0x0000000086700000|100%|HS|  |TAMS 0x0000000086600000, 0x0000000086700000| Complete 
| 103|0x0000000086700000, 0x0000000086800000, 0x0000000086800000|100%|HC|  |TAMS 0x0000000086700000, 0x0000000086800000| Complete 
| 104|0x0000000086800000, 0x0000000086900000, 0x0000000086900000|100%|HS|  |TAMS 0x0000000086800000, 0x0000000086800000| Complete 
| 105|0x0000000086900000, 0x0000000086a00000, 0x0000000086a00000|100%|HC|  |TAMS 0x0000000086900000, 0x0000000086900000| Complete 
| 106|0x0000000086a00000, 0x0000000086b00000, 0x0000000086b00000|100%|HC|  |TAMS 0x0000000086a00000, 0x0000000086a00000| Complete 
| 107|0x0000000086b00000, 0x0000000086c00000, 0x0000000086c00000|100%|HC|  |TAMS 0x0000000086b00000, 0x0000000086b00000| Complete 
| 108|0x0000000086c00000, 0x0000000086d00000, 0x0000000086d00000|100%|HC|  |TAMS 0x0000000086c00000, 0x0000000086c00000| Complete 
| 109|0x0000000086d00000, 0x0000000086e00000, 0x0000000086e00000|100%|HC|  |TAMS 0x0000000086d00000, 0x0000000086d00000| Complete 
| 110|0x0000000086e00000, 0x0000000086f00000, 0x0000000086f00000|100%|HC|  |TAMS 0x0000000086e00000, 0x0000000086e00000| Complete 
| 111|0x0000000086f00000, 0x0000000087000000, 0x0000000087000000|100%|HC|  |TAMS 0x0000000086f00000, 0x0000000086f00000| Complete 
| 112|0x0000000087000000, 0x0000000087100000, 0x0000000087100000|100%|HC|  |TAMS 0x0000000087000000, 0x0000000087000000| Complete 
| 113|0x0000000087100000, 0x0000000087200000, 0x0000000087200000|100%|HC|  |TAMS 0x0000000087100000, 0x0000000087100000| Complete 
| 114|0x0000000087200000, 0x0000000087300000, 0x0000000087300000|100%|HC|  |TAMS 0x0000000087200000, 0x0000000087200000| Complete 
| 115|0x0000000087300000, 0x0000000087400000, 0x0000000087400000|100%|HC|  |TAMS 0x0000000087300000, 0x0000000087300000| Complete 
| 116|0x0000000087400000, 0x0000000087400000, 0x0000000087500000|  0%| F|  |TAMS 0x0000000087400000, 0x0000000087400000| Untracked 
| 117|0x0000000087500000, 0x0000000087500000, 0x0000000087600000|  0%| F|  |TAMS 0x0000000087500000, 0x0000000087500000| Untracked 
| 118|0x0000000087600000, 0x0000000087600000, 0x0000000087700000|  0%| F|  |TAMS 0x0000000087600000, 0x0000000087600000| Untracked 
| 119|0x0000000087700000, 0x0000000087700000, 0x0000000087800000|  0%| F|  |TAMS 0x0000000087700000, 0x0000000087700000| Untracked 
| 120|0x0000000087800000, 0x0000000087800000, 0x0000000087900000|  0%| F|  |TAMS 0x0000000087800000, 0x0000000087800000| Untracked 
| 121|0x0000000087900000, 0x0000000087900000, 0x0000000087a00000|  0%| F|  |TAMS 0x0000000087900000, 0x0000000087900000| Untracked 
| 122|0x0000000087a00000, 0x0000000087a00000, 0x0000000087b00000|  0%| F|  |TAMS 0x0000000087a00000, 0x0000000087a00000| Untracked 
| 123|0x0000000087b00000, 0x0000000087b00000, 0x0000000087c00000|  0%| F|  |TAMS 0x0000000087b00000, 0x0000000087b00000| Untracked 
| 124|0x0000000087c00000, 0x0000000087c00000, 0x0000000087d00000|  0%| F|  |TAMS 0x0000000087c00000, 0x0000000087c00000| Untracked 
| 125|0x0000000087d00000, 0x0000000087d00000, 0x0000000087e00000|  0%| F|  |TAMS 0x0000000087d00000, 0x0000000087d00000| Untracked 
| 126|0x0000000087e00000, 0x0000000087e00000, 0x0000000087f00000|  0%| F|  |TAMS 0x0000000087e00000, 0x0000000087e00000| Untracked 
| 127|0x0000000087f00000, 0x0000000087f00000, 0x0000000088000000|  0%| F|  |TAMS 0x0000000087f00000, 0x0000000087f00000| Untracked 
| 128|0x0000000088000000, 0x0000000088000000, 0x0000000088100000|  0%| F|  |TAMS 0x0000000088000000, 0x0000000088000000| Untracked 
| 129|0x0000000088100000, 0x0000000088100000, 0x0000000088200000|  0%| F|  |TAMS 0x0000000088100000, 0x0000000088100000| Untracked 
| 130|0x0000000088200000, 0x0000000088200000, 0x0000000088300000|  0%| F|  |TAMS 0x0000000088200000, 0x0000000088200000| Untracked 
| 131|0x0000000088300000, 0x0000000088300000, 0x0000000088400000|  0%| F|  |TAMS 0x0000000088300000, 0x0000000088300000| Untracked 
| 132|0x0000000088400000, 0x0000000088400000, 0x0000000088500000|  0%| F|  |TAMS 0x0000000088400000, 0x0000000088400000| Untracked 
| 133|0x0000000088500000, 0x0000000088500000, 0x0000000088600000|  0%| F|  |TAMS 0x0000000088500000, 0x0000000088500000| Untracked 
| 134|0x0000000088600000, 0x0000000088600000, 0x0000000088700000|  0%| F|  |TAMS 0x0000000088600000, 0x0000000088600000| Untracked 
| 135|0x0000000088700000, 0x0000000088700000, 0x0000000088800000|  0%| F|  |TAMS 0x0000000088700000, 0x0000000088700000| Untracked 
| 136|0x0000000088800000, 0x0000000088800000, 0x0000000088900000|  0%| F|  |TAMS 0x0000000088800000, 0x0000000088800000| Untracked 
| 137|0x0000000088900000, 0x0000000088900000, 0x0000000088a00000|  0%| F|  |TAMS 0x0000000088900000, 0x0000000088900000| Untracked 
| 138|0x0000000088a00000, 0x0000000088a00000, 0x0000000088b00000|  0%| F|  |TAMS 0x0000000088a00000, 0x0000000088a00000| Untracked 
| 139|0x0000000088b00000, 0x0000000088b00000, 0x0000000088c00000|  0%| F|  |TAMS 0x0000000088b00000, 0x0000000088b00000| Untracked 
| 140|0x0000000088c00000, 0x0000000088c00000, 0x0000000088d00000|  0%| F|  |TAMS 0x0000000088c00000, 0x0000000088c00000| Untracked 
| 141|0x0000000088d00000, 0x0000000088d00000, 0x0000000088e00000|  0%| F|  |TAMS 0x0000000088d00000, 0x0000000088d00000| Untracked 
| 142|0x0000000088e00000, 0x0000000088e00000, 0x0000000088f00000|  0%| F|  |TAMS 0x0000000088e00000, 0x0000000088e00000| Untracked 
| 143|0x0000000088f00000, 0x0000000088f00000, 0x0000000089000000|  0%| F|  |TAMS 0x0000000088f00000, 0x0000000088f00000| Untracked 
| 144|0x0000000089000000, 0x0000000089000000, 0x0000000089100000|  0%| F|  |TAMS 0x0000000089000000, 0x0000000089000000| Untracked 
| 145|0x0000000089100000, 0x0000000089100000, 0x0000000089200000|  0%| F|  |TAMS 0x0000000089100000, 0x0000000089100000| Untracked 
| 146|0x0000000089200000, 0x0000000089200000, 0x0000000089300000|  0%| F|  |TAMS 0x0000000089200000, 0x0000000089200000| Untracked 
| 147|0x0000000089300000, 0x0000000089300000, 0x0000000089400000|  0%| F|  |TAMS 0x0000000089300000, 0x0000000089300000| Untracked 
| 148|0x0000000089400000, 0x0000000089400000, 0x0000000089500000|  0%| F|  |TAMS 0x0000000089400000, 0x0000000089400000| Untracked 
| 149|0x0000000089500000, 0x0000000089500000, 0x0000000089600000|  0%| F|  |TAMS 0x0000000089500000, 0x0000000089500000| Untracked 
| 150|0x0000000089600000, 0x0000000089600000, 0x0000000089700000|  0%| F|  |TAMS 0x0000000089600000, 0x0000000089600000| Untracked 
| 151|0x0000000089700000, 0x0000000089700000, 0x0000000089800000|  0%| F|  |TAMS 0x0000000089700000, 0x0000000089700000| Untracked 
| 152|0x0000000089800000, 0x0000000089800000, 0x0000000089900000|  0%| F|  |TAMS 0x0000000089800000, 0x0000000089800000| Untracked 
| 153|0x0000000089900000, 0x0000000089900000, 0x0000000089a00000|  0%| F|  |TAMS 0x0000000089900000, 0x0000000089900000| Untracked 
| 154|0x0000000089a00000, 0x0000000089a00000, 0x0000000089b00000|  0%| F|  |TAMS 0x0000000089a00000, 0x0000000089a00000| Untracked 
| 155|0x0000000089b00000, 0x0000000089b00000, 0x0000000089c00000|  0%| F|  |TAMS 0x0000000089b00000, 0x0000000089b00000| Untracked 
| 156|0x0000000089c00000, 0x0000000089c00000, 0x0000000089d00000|  0%| F|  |TAMS 0x0000000089c00000, 0x0000000089c00000| Untracked 
| 157|0x0000000089d00000, 0x0000000089d00000, 0x0000000089e00000|  0%| F|  |TAMS 0x0000000089d00000, 0x0000000089d00000| Untracked 
| 158|0x0000000089e00000, 0x0000000089e00000, 0x0000000089f00000|  0%| F|  |TAMS 0x0000000089e00000, 0x0000000089e00000| Untracked 
| 159|0x0000000089f00000, 0x0000000089f00000, 0x000000008a000000|  0%| F|  |TAMS 0x0000000089f00000, 0x0000000089f00000| Untracked 
| 160|0x000000008a000000, 0x000000008a000000, 0x000000008a100000|  0%| F|  |TAMS 0x000000008a000000, 0x000000008a000000| Untracked 
| 161|0x000000008a100000, 0x000000008a100000, 0x000000008a200000|  0%| F|  |TAMS 0x000000008a100000, 0x000000008a100000| Untracked 
| 162|0x000000008a200000, 0x000000008a200000, 0x000000008a300000|  0%| F|  |TAMS 0x000000008a200000, 0x000000008a200000| Untracked 
| 163|0x000000008a300000, 0x000000008a300000, 0x000000008a400000|  0%| F|  |TAMS 0x000000008a300000, 0x000000008a300000| Untracked 
| 164|0x000000008a400000, 0x000000008a400000, 0x000000008a500000|  0%| F|  |TAMS 0x000000008a400000, 0x000000008a400000| Untracked 
| 165|0x000000008a500000, 0x000000008a500000, 0x000000008a600000|  0%| F|  |TAMS 0x000000008a500000, 0x000000008a500000| Untracked 
| 166|0x000000008a600000, 0x000000008a600000, 0x000000008a700000|  0%| F|  |TAMS 0x000000008a600000, 0x000000008a600000| Untracked 
| 167|0x000000008a700000, 0x000000008a700000, 0x000000008a800000|  0%| F|  |TAMS 0x000000008a700000, 0x000000008a700000| Untracked 
| 168|0x000000008a800000, 0x000000008a800000, 0x000000008a900000|  0%| F|  |TAMS 0x000000008a800000, 0x000000008a800000| Untracked 
| 169|0x000000008a900000, 0x000000008a900000, 0x000000008aa00000|  0%| F|  |TAMS 0x000000008a900000, 0x000000008a900000| Untracked 
| 170|0x000000008aa00000, 0x000000008aa00000, 0x000000008ab00000|  0%| F|  |TAMS 0x000000008aa00000, 0x000000008aa00000| Untracked 
| 171|0x000000008ab00000, 0x000000008ab00000, 0x000000008ac00000|  0%| F|  |TAMS 0x000000008ab00000, 0x000000008ab00000| Untracked 
| 172|0x000000008ac00000, 0x000000008ac00000, 0x000000008ad00000|  0%| F|  |TAMS 0x000000008ac00000, 0x000000008ac00000| Untracked 
| 173|0x000000008ad00000, 0x000000008ad00000, 0x000000008ae00000|  0%| F|  |TAMS 0x000000008ad00000, 0x000000008ad00000| Untracked 
| 174|0x000000008ae00000, 0x000000008ae00000, 0x000000008af00000|  0%| F|  |TAMS 0x000000008ae00000, 0x000000008ae00000| Untracked 
| 175|0x000000008af00000, 0x000000008af00000, 0x000000008b000000|  0%| F|  |TAMS 0x000000008af00000, 0x000000008af00000| Untracked 
| 176|0x000000008b000000, 0x000000008b000000, 0x000000008b100000|  0%| F|  |TAMS 0x000000008b000000, 0x000000008b000000| Untracked 
| 177|0x000000008b100000, 0x000000008b100000, 0x000000008b200000|  0%| F|  |TAMS 0x000000008b100000, 0x000000008b100000| Untracked 
| 178|0x000000008b200000, 0x000000008b200000, 0x000000008b300000|  0%| F|  |TAMS 0x000000008b200000, 0x000000008b200000| Untracked 
| 179|0x000000008b300000, 0x000000008b300000, 0x000000008b400000|  0%| F|  |TAMS 0x000000008b300000, 0x000000008b300000| Untracked 
| 180|0x000000008b400000, 0x000000008b400000, 0x000000008b500000|  0%| F|  |TAMS 0x000000008b400000, 0x000000008b400000| Untracked 
| 181|0x000000008b500000, 0x000000008b500000, 0x000000008b600000|  0%| F|  |TAMS 0x000000008b500000, 0x000000008b500000| Untracked 
| 182|0x000000008b600000, 0x000000008b600000, 0x000000008b700000|  0%| F|  |TAMS 0x000000008b600000, 0x000000008b600000| Untracked 
| 183|0x000000008b700000, 0x000000008b800000, 0x000000008b800000|100%| E|  |TAMS 0x000000008b700000, 0x000000008b700000| Complete 
| 184|0x000000008b800000, 0x000000008b900000, 0x000000008b900000|100%| E|CS|TAMS 0x000000008b800000, 0x000000008b800000| Complete 
| 185|0x000000008b900000, 0x000000008b91e500, 0x000000008ba00000| 11%| S|CS|TAMS 0x000000008b900000, 0x000000008b900000| Complete 
| 186|0x000000008ba00000, 0x000000008bb00000, 0x000000008bb00000|100%| S|CS|TAMS 0x000000008ba00000, 0x000000008ba00000| Complete 
| 187|0x000000008bb00000, 0x000000008bc00000, 0x000000008bc00000|100%| S|CS|TAMS 0x000000008bb00000, 0x000000008bb00000| Complete 
| 188|0x000000008bc00000, 0x000000008bd00000, 0x000000008bd00000|100%| S|CS|TAMS 0x000000008bc00000, 0x000000008bc00000| Complete 
| 189|0x000000008bd00000, 0x000000008be00000, 0x000000008be00000|100%| S|CS|TAMS 0x000000008bd00000, 0x000000008bd00000| Complete 
| 190|0x000000008be00000, 0x000000008bf00000, 0x000000008bf00000|100%| S|CS|TAMS 0x000000008be00000, 0x000000008be00000| Complete 
| 191|0x000000008bf00000, 0x000000008c000000, 0x000000008c000000|100%| S|CS|TAMS 0x000000008bf00000, 0x000000008bf00000| Complete 
| 192|0x000000008c000000, 0x000000008c100000, 0x000000008c100000|100%| S|CS|TAMS 0x000000008c000000, 0x000000008c000000| Complete 
| 193|0x000000008c100000, 0x000000008c200000, 0x000000008c200000|100%| S|CS|TAMS 0x000000008c100000, 0x000000008c100000| Complete 
| 194|0x000000008c200000, 0x000000008c300000, 0x000000008c300000|100%| E|CS|TAMS 0x000000008c200000, 0x000000008c200000| Complete 
| 195|0x000000008c300000, 0x000000008c400000, 0x000000008c400000|100%| E|CS|TAMS 0x000000008c300000, 0x000000008c300000| Complete 
| 196|0x000000008c400000, 0x000000008c500000, 0x000000008c500000|100%| E|CS|TAMS 0x000000008c400000, 0x000000008c400000| Complete 
| 197|0x000000008c500000, 0x000000008c600000, 0x000000008c600000|100%| E|CS|TAMS 0x000000008c500000, 0x000000008c500000| Complete 
| 198|0x000000008c600000, 0x000000008c700000, 0x000000008c700000|100%| E|CS|TAMS 0x000000008c600000, 0x000000008c600000| Complete 
| 199|0x000000008c700000, 0x000000008c800000, 0x000000008c800000|100%| E|CS|TAMS 0x000000008c700000, 0x000000008c700000| Complete 
| 200|0x000000008c800000, 0x000000008c900000, 0x000000008c900000|100%| E|CS|TAMS 0x000000008c800000, 0x000000008c800000| Complete 
| 201|0x000000008c900000, 0x000000008ca00000, 0x000000008ca00000|100%| E|CS|TAMS 0x000000008c900000, 0x000000008c900000| Complete 
| 202|0x000000008ca00000, 0x000000008cb00000, 0x000000008cb00000|100%| E|CS|TAMS 0x000000008ca00000, 0x000000008ca00000| Complete 
| 203|0x000000008cb00000, 0x000000008cc00000, 0x000000008cc00000|100%| E|CS|TAMS 0x000000008cb00000, 0x000000008cb00000| Complete 
| 204|0x000000008cc00000, 0x000000008cd00000, 0x000000008cd00000|100%| E|CS|TAMS 0x000000008cc00000, 0x000000008cc00000| Complete 
| 205|0x000000008cd00000, 0x000000008ce00000, 0x000000008ce00000|100%| E|CS|TAMS 0x000000008cd00000, 0x000000008cd00000| Complete 
| 206|0x000000008ce00000, 0x000000008cf00000, 0x000000008cf00000|100%| E|CS|TAMS 0x000000008ce00000, 0x000000008ce00000| Complete 
| 207|0x000000008cf00000, 0x000000008d000000, 0x000000008d000000|100%| E|CS|TAMS 0x000000008cf00000, 0x000000008cf00000| Complete 
| 208|0x000000008d000000, 0x000000008d100000, 0x000000008d100000|100%| E|CS|TAMS 0x000000008d000000, 0x000000008d000000| Complete 
| 209|0x000000008d100000, 0x000000008d200000, 0x000000008d200000|100%| E|CS|TAMS 0x000000008d100000, 0x000000008d100000| Complete 
| 210|0x000000008d200000, 0x000000008d300000, 0x000000008d300000|100%| E|CS|TAMS 0x000000008d200000, 0x000000008d200000| Complete 
| 211|0x000000008d300000, 0x000000008d400000, 0x000000008d400000|100%| E|CS|TAMS 0x000000008d300000, 0x000000008d300000| Complete 
| 212|0x000000008d400000, 0x000000008d500000, 0x000000008d500000|100%| E|CS|TAMS 0x000000008d400000, 0x000000008d400000| Complete 
| 213|0x000000008d500000, 0x000000008d600000, 0x000000008d600000|100%| E|CS|TAMS 0x000000008d500000, 0x000000008d500000| Complete 
| 214|0x000000008d600000, 0x000000008d700000, 0x000000008d700000|100%| E|CS|TAMS 0x000000008d600000, 0x000000008d600000| Complete 
| 215|0x000000008d700000, 0x000000008d800000, 0x000000008d800000|100%| E|CS|TAMS 0x000000008d700000, 0x000000008d700000| Complete 

Card table byte_map: [0x00000199cc670000,0x00000199cca70000] _byte_map_base: 0x00000199cc270000

Marking Bits (Prev, Next): (CMBitMap*) 0x00000199b9deea20, (CMBitMap*) 0x00000199b9deea60
 Prev Bits: [0x00000199cce70000, 0x00000199cee70000)
 Next Bits: [0x00000199cee70000, 0x00000199d0e70000)

Polling page: 0x00000199b7ce0000

Metaspace:

Usage:
  Non-class:     76.56 MB used.
      Class:     12.06 MB used.
       Both:     88.63 MB used.

Virtual space:
  Non-class space:      128.00 MB reserved,      77.00 MB ( 60%) committed,  2 nodes.
      Class space:        1.00 GB reserved,      12.44 MB (  1%) committed,  1 nodes.
             Both:        1.12 GB reserved,      89.44 MB (  8%) committed. 

Chunk freelists:
   Non-Class:  2.66 MB
       Class:  3.59 MB
        Both:  6.25 MB

MaxMetaspaceSize: unlimited
CompressedClassSpaceSize: 1.00 GB
Initial GC threshold: 21.00 MB
Current GC threshold: 123.06 MB
CDS: off
MetaspaceReclaimPolicy: balanced
 - commit_granule_bytes: 65536.
 - commit_granule_words: 8192.
 - virtual_space_node_default_size: 8388608.
 - enlarge_chunks_in_place: 1.
 - new_chunks_are_fully_committed: 0.
 - uncommit_free_chunks: 1.
 - use_allocation_guard: 0.
 - handle_deallocations: 1.


Internal statistics:

num_allocs_failed_limit: 3.
num_arena_births: 972.
num_arena_deaths: 0.
num_vsnodes_births: 3.
num_vsnodes_deaths: 0.
num_space_committed: 1430.
num_space_uncommitted: 0.
num_chunks_returned_to_freelist: 3.
num_chunks_taken_from_freelist: 4369.
num_chunk_merges: 3.
num_chunk_splits: 2884.
num_chunks_enlarged: 1926.
num_inconsistent_stats: 0.

CodeHeap 'non-profiled nmethods': size=120000Kb used=4722Kb max_used=4722Kb free=115277Kb
 bounds [0x00000199c4d40000, 0x00000199c51e0000, 0x00000199cc270000]
CodeHeap 'profiled nmethods': size=120000Kb used=16221Kb max_used=16221Kb free=103778Kb
 bounds [0x00000199bd270000, 0x00000199be250000, 0x00000199c47a0000]
CodeHeap 'non-nmethods': size=5760Kb used=2387Kb max_used=2428Kb free=3372Kb
 bounds [0x00000199c47a0000, 0x00000199c4a10000, 0x00000199c4d40000]
 total_blobs=9048 nmethods=8129 adapters=831
 compilation: enabled
              stopped_count=0, restarted_count=0
 full_count=0

Compilation events (20 events):
Event: 33.517 Thread 0x00000199d3513090 8900       1       org.gradle.internal.operations.OperationIdentifier::getId (5 bytes)
Event: 33.517 Thread 0x00000199d3513090 nmethod 8900 0x00000199c51dbc90 code [0x00000199c51dbe20, 0x00000199c51dbef8]
Event: 33.527 Thread 0x00000199d3513090 8901       3       java.util.ArrayList::<init> (63 bytes)
Event: 33.527 Thread 0x00000199d3513090 nmethod 8901 0x00000199be240910 code [0x00000199be240b00, 0x00000199be241078]
Event: 33.547 Thread 0x00000199d3513090 8902       3       kotlin.reflect.jvm.internal.ClassValueCache::get (71 bytes)
Event: 33.549 Thread 0x00000199d3513090 nmethod 8902 0x00000199be241210 code [0x00000199be2414c0, 0x00000199be2422a8]
Event: 33.550 Thread 0x00000199d3513090 8903       1       org.gradle.internal.logging.events.ProgressStartEvent::isBuildOperationStart (5 bytes)
Event: 33.550 Thread 0x00000199d3513090 nmethod 8903 0x00000199c51dbf90 code [0x00000199c51dc120, 0x00000199c51dc1f8]
Event: 33.551 Thread 0x00000199d3513090 8904       3       java.util.zip.ZipFile$ZipFileInputStream::available (22 bytes)
Event: 33.552 Thread 0x00000199d3513090 nmethod 8904 0x00000199be242710 code [0x00000199be2428a0, 0x00000199be242a38]
Event: 33.555 Thread 0x00000199d3513090 8905       1       org.gradle.internal.logging.events.ProgressStartEvent::getStatus (5 bytes)
Event: 33.555 Thread 0x00000199d3513090 nmethod 8905 0x00000199c51dc290 code [0x00000199c51dc420, 0x00000199c51dc4f8]
Event: 33.561 Thread 0x00000199d3513090 8907       1       java.beans.GenericBeanInfo::getEventSetDescriptors (5 bytes)
Event: 33.561 Thread 0x00000199d3513090 nmethod 8907 0x00000199c51dc590 code [0x00000199c51dc720, 0x00000199c51dc7f8]
Event: 33.561 Thread 0x00000199d3513090 8908       1       java.beans.GenericBeanInfo::getPropertyDescriptors (5 bytes)
Event: 33.561 Thread 0x00000199d3513090 nmethod 8908 0x00000199c51dc890 code [0x00000199c51dca20, 0x00000199c51dcaf8]
Event: 33.561 Thread 0x00000199d3513090 8909       3       groovy.lang.MetaClassImpl::applyStrayPropertyMethods (288 bytes)
Event: 33.566 Thread 0x00000199d3513090 nmethod 8909 0x00000199be242b10 code [0x00000199be242fc0, 0x00000199be245918]
Event: 33.569 Thread 0x00000199d3513090 8910       3       java.lang.Thread::getContextClassLoader (32 bytes)
Event: 33.571 Thread 0x00000199d3513090 nmethod 8910 0x00000199be246890 code [0x00000199be246ac0, 0x00000199be247478]

GC Heap History (20 events):
Event: 23.357 GC heap before
{Heap before GC invocations=41 (full 0):
 garbage-first heap   total 145408K, used 106747K [0x0000000080000000, 0x0000000100000000)
  region size 1024K, 25 young (25600K), 1 survivors (1024K)
 Metaspace       used 65892K, committed 66560K, reserved 1114112K
  class space    used 8857K, committed 9152K, reserved 1048576K
}
Event: 23.362 GC heap after
{Heap after GC invocations=42 (full 0):
 garbage-first heap   total 145408K, used 84216K [0x0000000080000000, 0x0000000100000000)
  region size 1024K, 2 young (2048K), 2 survivors (2048K)
 Metaspace       used 65892K, committed 66560K, reserved 1114112K
  class space    used 8857K, committed 9152K, reserved 1048576K
}
Event: 23.638 GC heap before
{Heap before GC invocations=42 (full 0):
 garbage-first heap   total 145408K, used 89336K [0x0000000080000000, 0x0000000100000000)
  region size 1024K, 7 young (7168K), 2 survivors (2048K)
 Metaspace       used 67214K, committed 67904K, reserved 1114112K
  class space    used 9029K, committed 9344K, reserved 1048576K
}
Event: 23.646 GC heap after
{Heap after GC invocations=43 (full 0):
 garbage-first heap   total 145408K, used 84522K [0x0000000080000000, 0x0000000100000000)
  region size 1024K, 1 young (1024K), 1 survivors (1024K)
 Metaspace       used 67214K, committed 67904K, reserved 1114112K
  class space    used 9029K, committed 9344K, reserved 1048576K
}
Event: 24.094 GC heap before
{Heap before GC invocations=43 (full 0):
 garbage-first heap   total 145408K, used 94762K [0x0000000080000000, 0x0000000100000000)
  region size 1024K, 13 young (13312K), 1 survivors (1024K)
 Metaspace       used 69118K, committed 69824K, reserved 1114112K
  class space    used 9260K, committed 9536K, reserved 1048576K
}
Event: 24.098 GC heap after
{Heap after GC invocations=44 (full 0):
 garbage-first heap   total 145408K, used 85909K [0x0000000080000000, 0x0000000100000000)
  region size 1024K, 3 young (3072K), 3 survivors (3072K)
 Metaspace       used 69118K, committed 69824K, reserved 1114112K
  class space    used 9260K, committed 9536K, reserved 1048576K
}
Event: 24.733 GC heap before
{Heap before GC invocations=45 (full 0):
 garbage-first heap   total 176128K, used 118677K [0x0000000080000000, 0x0000000100000000)
  region size 1024K, 29 young (29696K), 3 survivors (3072K)
 Metaspace       used 70325K, committed 71040K, reserved 1114112K
  class space    used 9428K, committed 9728K, reserved 1048576K
}
Event: 24.741 GC heap after
{Heap after GC invocations=46 (full 0):
 garbage-first heap   total 176128K, used 88496K [0x0000000080000000, 0x0000000100000000)
  region size 1024K, 4 young (4096K), 4 survivors (4096K)
 Metaspace       used 70325K, committed 71040K, reserved 1114112K
  class space    used 9428K, committed 9728K, reserved 1048576K
}
Event: 24.888 GC heap before
{Heap before GC invocations=46 (full 0):
 garbage-first heap   total 176128K, used 91568K [0x0000000080000000, 0x0000000100000000)
  region size 1024K, 8 young (8192K), 4 survivors (4096K)
 Metaspace       used 70626K, committed 71296K, reserved 1114112K
  class space    used 9472K, committed 9728K, reserved 1048576K
}
Event: 24.894 GC heap after
{Heap after GC invocations=47 (full 0):
 garbage-first heap   total 176128K, used 88871K [0x0000000080000000, 0x0000000100000000)
  region size 1024K, 1 young (1024K), 1 survivors (1024K)
 Metaspace       used 70626K, committed 71296K, reserved 1114112K
  class space    used 9472K, committed 9728K, reserved 1048576K
}
Event: 26.338 GC heap before
{Heap before GC invocations=47 (full 0):
 garbage-first heap   total 176128K, used 129831K [0x0000000080000000, 0x0000000100000000)
  region size 1024K, 41 young (41984K), 1 survivors (1024K)
 Metaspace       used 73982K, committed 74688K, reserved 1114112K
  class space    used 9946K, committed 10240K, reserved 1048576K
}
Event: 26.344 GC heap after
{Heap after GC invocations=48 (full 0):
 garbage-first heap   total 221184K, used 90483K [0x0000000080000000, 0x0000000100000000)
  region size 1024K, 3 young (3072K), 3 survivors (3072K)
 Metaspace       used 73982K, committed 74688K, reserved 1114112K
  class space    used 9946K, committed 10240K, reserved 1048576K
}
Event: 28.418 GC heap before
{Heap before GC invocations=49 (full 0):
 garbage-first heap   total 221184K, used 157043K [0x0000000080000000, 0x0000000100000000)
  region size 1024K, 68 young (69632K), 3 survivors (3072K)
 Metaspace       used 79782K, committed 80448K, reserved 1179648K
  class space    used 10709K, committed 11008K, reserved 1048576K
}
Event: 28.432 GC heap after
{Heap after GC invocations=50 (full 0):
 garbage-first heap   total 221184K, used 93700K [0x0000000080000000, 0x0000000100000000)
  region size 1024K, 6 young (6144K), 6 survivors (6144K)
 Metaspace       used 79782K, committed 80448K, reserved 1179648K
  class space    used 10709K, committed 11008K, reserved 1048576K
}
Event: 28.713 GC heap before
{Heap before GC invocations=50 (full 0):
 garbage-first heap   total 221184K, used 96772K [0x0000000080000000, 0x0000000100000000)
  region size 1024K, 10 young (10240K), 6 survivors (6144K)
 Metaspace       used 80107K, committed 80768K, reserved 1179648K
  class space    used 10752K, committed 11008K, reserved 1048576K
}
Event: 28.724 GC heap after
{Heap after GC invocations=51 (full 0):
 garbage-first heap   total 221184K, used 94105K [0x0000000080000000, 0x0000000100000000)
  region size 1024K, 1 young (1024K), 1 survivors (1024K)
 Metaspace       used 80107K, committed 80768K, reserved 1179648K
  class space    used 10752K, committed 11008K, reserved 1048576K
}
Event: 31.192 GC heap before
{Heap before GC invocations=51 (full 0):
 garbage-first heap   total 221184K, used 171929K [0x0000000080000000, 0x0000000100000000)
  region size 1024K, 77 young (78848K), 1 survivors (1024K)
 Metaspace       used 86233K, committed 86912K, reserved 1179648K
  class space    used 11795K, committed 12096K, reserved 1048576K
}
Event: 31.201 GC heap after
{Heap after GC invocations=52 (full 0):
 garbage-first heap   total 221184K, used 96778K [0x0000000080000000, 0x0000000100000000)
  region size 1024K, 4 young (4096K), 4 survivors (4096K)
 Metaspace       used 86233K, committed 86912K, reserved 1179648K
  class space    used 11795K, committed 12096K, reserved 1048576K
}
Event: 32.463 GC heap before
{Heap before GC invocations=52 (full 0):
 garbage-first heap   total 221184K, used 129546K [0x0000000080000000, 0x0000000100000000)
  region size 1024K, 26 young (26624K), 4 survivors (4096K)
 Metaspace       used 88519K, committed 89280K, reserved 1179648K
  class space    used 11987K, committed 12352K, reserved 1048576K
}
Event: 32.476 GC heap after
{Heap after GC invocations=53 (full 0):
 garbage-first heap   total 221184K, used 108698K [0x0000000080000000, 0x0000000100000000)
  region size 1024K, 9 young (9216K), 9 survivors (9216K)
 Metaspace       used 88519K, committed 89280K, reserved 1179648K
  class space    used 11987K, committed 12352K, reserved 1048576K
}

Dll operation events (3 events):
Event: 0.012 Loaded shared library C:\Program Files\Android\Android Studio1\jbr\bin\java.dll
Event: 0.278 Loaded shared library C:\Program Files\Android\Android Studio1\jbr\bin\zip.dll
Event: 0.719 Loaded shared library C:\Program Files\Android\Android Studio1\jbr\bin\verify.dll

Deoptimization events (20 events):
Event: 33.050 Thread 0x00000199d9e78400 DEOPT PACKING pc=0x00000199c516e568 sp=0x0000001924bfc8c0
Event: 33.050 Thread 0x00000199d9e78400 DEOPT UNPACKING pc=0x00000199c47f69a3 sp=0x0000001924bfc840 mode 2
Event: 33.056 Thread 0x00000199d9e76bf0 Uncommon trap: trap_request=0xffffff45 fr.pc=0x00000199c4fcc9c8 relative=0x0000000000000608
Event: 33.056 Thread 0x00000199d9e76bf0 Uncommon trap: reason=unstable_if action=reinterpret pc=0x00000199c4fcc9c8 method=java.util.HashMap$HashIterator.<init>(Ljava/util/HashMap;)V @ 45 c2
Event: 33.056 Thread 0x00000199d9e76bf0 DEOPT PACKING pc=0x00000199c4fcc9c8 sp=0x0000001924efedf0
Event: 33.056 Thread 0x00000199d9e76bf0 DEOPT UNPACKING pc=0x00000199c47f69a3 sp=0x0000001924efec80 mode 2
Event: 33.100 Thread 0x00000199d9e76bf0 DEOPT PACKING pc=0x00000199bddabc6d sp=0x0000001924efd100
Event: 33.100 Thread 0x00000199d9e76bf0 DEOPT UNPACKING pc=0x00000199c47f7143 sp=0x0000001924efc6c8 mode 0
Event: 33.124 Thread 0x00000199d9e76bf0 Uncommon trap: trap_request=0xffffffc6 fr.pc=0x00000199c4eee728 relative=0x0000000000000188
Event: 33.124 Thread 0x00000199d9e76bf0 Uncommon trap: reason=bimorphic_or_optimized_type_check action=maybe_recompile pc=0x00000199c4eee728 method=java.util.stream.StreamOpFlag.fromCharacteristics(Ljava/util/Spliterator;)I @ 14 c2
Event: 33.124 Thread 0x00000199d9e76bf0 DEOPT PACKING pc=0x00000199c4eee728 sp=0x0000001924efe3d0
Event: 33.124 Thread 0x00000199d9e76bf0 DEOPT UNPACKING pc=0x00000199c47f69a3 sp=0x0000001924efe2b8 mode 2
Event: 33.128 Thread 0x00000199d9e76bf0 DEOPT PACKING pc=0x00000199bde155b4 sp=0x0000001924efe6a0
Event: 33.128 Thread 0x00000199d9e76bf0 DEOPT UNPACKING pc=0x00000199c47f7143 sp=0x0000001924efdb60 mode 0
Event: 33.139 Thread 0x00000199d9e76bf0 DEOPT PACKING pc=0x00000199bd3c429c sp=0x0000001924efe5a0
Event: 33.139 Thread 0x00000199d9e76bf0 DEOPT UNPACKING pc=0x00000199c47f7143 sp=0x0000001924efda18 mode 0
Event: 33.398 Thread 0x00000199d9e74570 Uncommon trap: trap_request=0xffffff45 fr.pc=0x00000199c504575c relative=0x000000000000021c
Event: 33.398 Thread 0x00000199d9e74570 Uncommon trap: reason=unstable_if action=reinterpret pc=0x00000199c504575c method=java.lang.ThreadLocal.get()Ljava/lang/Object; @ 11 c2
Event: 33.398 Thread 0x00000199d9e74570 DEOPT PACKING pc=0x00000199c504575c sp=0x00000019250fd3d0
Event: 33.398 Thread 0x00000199d9e74570 DEOPT UNPACKING pc=0x00000199c47f69a3 sp=0x00000019250fd368 mode 2

Classes unloaded (0 events):
No events

Classes redefined (0 events):
No events

Internal exceptions (20 events):
Event: 32.965 Thread 0x00000199d94617b0 Exception <a 'java/lang/ClassNotFoundException'{0x000000008cc0b960}: org/gradle/api/DefaultTaskCustomizer> (0x000000008cc0b960) 
thrown [s\src\hotspot\share\classfile\systemDictionary.cpp, line 256]
Event: 32.970 Thread 0x00000199d94617b0 Exception <a 'java/lang/ClassNotFoundException'{0x000000008cc72698}: org/gradle/api/DefaultTask_DecoratedCustomizer> (0x000000008cc72698) 
thrown [s\src\hotspot\share\classfile\systemDictionary.cpp, line 256]
Event: 32.976 Thread 0x00000199d94617b0 Exception <a 'java/lang/ClassNotFoundException'{0x000000008ccb9598}: org/gradle/api/tasks/testing/AbstractTestTaskBeanInfo> (0x000000008ccb9598) 
thrown [s\src\hotspot\share\classfile\systemDictionary.cpp, line 256]
Event: 32.977 Thread 0x00000199d94617b0 Exception <a 'java/lang/ClassNotFoundException'{0x000000008ccc3d38}: org/gradle/api/internal/ConventionTaskBeanInfo> (0x000000008ccc3d38) 
thrown [s\src\hotspot\share\classfile\systemDictionary.cpp, line 256]
Event: 32.978 Thread 0x00000199d94617b0 Exception <a 'java/lang/ClassNotFoundException'{0x000000008ccce508}: org/gradle/api/internal/ConventionTaskCustomizer> (0x000000008ccce508) 
thrown [s\src\hotspot\share\classfile\systemDictionary.cpp, line 256]
Event: 32.980 Thread 0x00000199d94617b0 Exception <a 'java/lang/ClassNotFoundException'{0x000000008ccea498}: org/gradle/api/tasks/testing/AbstractTestTaskCustomizer> (0x000000008ccea498) 
thrown [s\src\hotspot\share\classfile\systemDictionary.cpp, line 256]
Event: 33.131 Thread 0x00000199d9462620 Exception <a 'java/lang/NoSuchMethodError'{0x000000008c749d28}: static Lorg/gradle/internal/build/event/types/DefaultTaskStartedProgressEvent;.<clinit>()V> (0x000000008c749d28) 
thrown [s\src\hotspot\share\prims\jni.cpp, line 1108]
Event: 33.132 Thread 0x00000199d9462620 Exception <a 'java/lang/NoSuchMethodError'{0x000000008c74b9d0}: static Lorg/gradle/internal/build/event/types/AbstractProgressEvent;.<clinit>()V> (0x000000008c74b9d0) 
thrown [s\src\hotspot\share\prims\jni.cpp, line 1108]
Event: 33.133 Thread 0x00000199d9462620 Exception <a 'java/lang/NoSuchMethodError'{0x000000008c78c960}: static Lorg/gradle/internal/build/event/types/DefaultTaskDescriptor;.<clinit>()V> (0x000000008c78c960) 
thrown [s\src\hotspot\share\prims\jni.cpp, line 1108]
Event: 33.134 Thread 0x00000199d9462620 Exception <a 'java/lang/NoSuchMethodError'{0x000000008c79a058}: static Lorg/gradle/internal/operations/OperationIdentifier;.<clinit>()V> (0x000000008c79a058) 
thrown [s\src\hotspot\share\prims\jni.cpp, line 1108]
Event: 33.141 Thread 0x00000199d9462620 Exception <a 'java/lang/NoSuchMethodError'{0x000000008c7a4fc0}: static Lorg/gradle/internal/build/event/types/DefaultTaskFinishedProgressEvent;.<clinit>()V> (0x000000008c7a4fc0) 
thrown [s\src\hotspot\share\prims\jni.cpp, line 1108]
Event: 33.144 Thread 0x00000199d9462620 Exception <a 'java/lang/NoSuchMethodError'{0x000000008c7f8908}: static Lorg/gradle/internal/build/event/types/DefaultTaskSuccessResult;.<clinit>()V> (0x000000008c7f8908) 
thrown [s\src\hotspot\share\prims\jni.cpp, line 1108]
Event: 33.146 Thread 0x00000199d9462620 Exception <a 'java/lang/NoSuchMethodError'{0x000000008c7fa000}: static Lorg/gradle/internal/build/event/types/AbstractTaskResult;.<clinit>()V> (0x000000008c7fa000) 
thrown [s\src\hotspot\share\prims\jni.cpp, line 1108]
Event: 33.147 Thread 0x00000199d9462620 Exception <a 'java/lang/NoSuchMethodError'{0x000000008c7fbdc0}: static Lorg/gradle/internal/build/event/types/AbstractResult;.<clinit>()V> (0x000000008c7fbdc0) 
thrown [s\src\hotspot\share\prims\jni.cpp, line 1108]
Event: 33.398 Thread 0x00000199d9e74570 Implicit null exception at 0x00000199c5045583 to 0x00000199c5045748
Event: 33.559 Thread 0x00000199d94617b0 Exception <a 'java/lang/ClassNotFoundException'{0x000000008c38f150}: org/jetbrains/plugins/gradle/tooling/util/SourceSetCachedFinder$1BeanInfo> (0x000000008c38f150) 
thrown [s\src\hotspot\share\classfile\systemDictionary.cpp, line 256]
Event: 33.560 Thread 0x00000199d94617b0 Exception <a 'java/lang/ClassNotFoundException'{0x000000008c3978d8}: org/jetbrains/plugins/gradle/tooling/util/SourceSetCachedFinder$1Customizer> (0x000000008c3978d8) 
thrown [s\src\hotspot\share\classfile\systemDictionary.cpp, line 256]
Event: 33.571 Thread 0x00000199d94617b0 Exception <a 'java/lang/ClassNotFoundException'{0x000000008c249328}: org/jetbrains/plugins/gradle/tooling/util/SourceSetCachedFinder$2BeanInfo> (0x000000008c249328) 
thrown [s\src\hotspot\share\classfile\systemDictionary.cpp, line 256]
Event: 33.572 Thread 0x00000199d94617b0 Exception <a 'java/lang/ClassNotFoundException'{0x000000008c251ab0}: org/jetbrains/plugins/gradle/tooling/util/SourceSetCachedFinder$2Customizer> (0x000000008c251ab0) 
thrown [s\src\hotspot\share\classfile\systemDictionary.cpp, line 256]
Event: 33.580 Thread 0x00000199d94617b0 Exception <a 'java/lang/ClassNotFoundException'{0x000000008c280700}: org/jetbrains/plugins/gradle/tooling/util/SourceSetCachedFinderBeanInfo> (0x000000008c280700) 
thrown [s\src\hotspot\share\classfile\systemDictionary.cpp, line 256]

VM Operations (20 events):
Event: 28.418 Executing VM operation: G1CollectForAllocation
Event: 28.432 Executing VM operation: G1CollectForAllocation done
Event: 28.713 Executing VM operation: G1CollectForAllocation
Event: 28.724 Executing VM operation: G1CollectForAllocation done
Event: 29.725 Executing VM operation: Cleanup
Event: 29.725 Executing VM operation: Cleanup done
Event: 30.730 Executing VM operation: Cleanup
Event: 30.731 Executing VM operation: Cleanup done
Event: 30.961 Executing VM operation: HandshakeAllThreads
Event: 30.961 Executing VM operation: HandshakeAllThreads done
Event: 31.192 Executing VM operation: G1CollectForAllocation
Event: 31.201 Executing VM operation: G1CollectForAllocation done
Event: 32.212 Executing VM operation: Cleanup
Event: 32.212 Executing VM operation: Cleanup done
Event: 32.463 Executing VM operation: G1TryInitiateConcMark
Event: 32.476 Executing VM operation: G1TryInitiateConcMark done
Event: 33.128 Executing VM operation: HandshakeAllThreads
Event: 33.128 Executing VM operation: HandshakeAllThreads done
Event: 33.139 Executing VM operation: HandshakeAllThreads
Event: 33.139 Executing VM operation: HandshakeAllThreads done

Events (20 events):
Event: 32.676 loading class java/io/ObjectOutputStream$PutFieldImpl done
Event: 32.937 loading class java/util/AbstractCollectionBeanInfo
Event: 32.937 loading class java/util/AbstractCollectionBeanInfo done
Event: 32.937 loading class java/util/AbstractCollectionBeanInfo
Event: 32.937 loading class java/util/AbstractCollectionBeanInfo done
Event: 32.937 loading class java/util/AbstractCollectionCustomizer
Event: 32.937 loading class java/util/AbstractCollectionCustomizer done
Event: 32.937 loading class java/util/AbstractCollectionCustomizer
Event: 32.937 loading class java/util/AbstractCollectionCustomizer done
Event: 33.037 Thread 0x00000199d9e78400 Thread added: 0x00000199d9e78400
Event: 33.049 Thread 0x00000199d9e74a40 Thread added: 0x00000199d9e74a40
Event: 33.050 Thread 0x00000199d9e75d80 Thread added: 0x00000199d9e75d80
Event: 33.050 Thread 0x00000199d9e76bf0 Thread added: 0x00000199d9e76bf0
Event: 33.084 Thread 0x00000199d9e72890 Thread added: 0x00000199d9e72890
Event: 33.123 loading class java/util/TreeMap$KeySpliterator
Event: 33.124 loading class java/util/TreeMap$TreeMapSpliterator
Event: 33.124 loading class java/util/TreeMap$TreeMapSpliterator done
Event: 33.124 loading class java/util/TreeMap$KeySpliterator done
Event: 33.379 Thread 0x00000199d9e74570 Thread added: 0x00000199d9e74570
Event: 33.417 Thread 0x00000199db299730 Thread added: 0x00000199db299730


Dynamic libraries:
0x00007ff7ddf20000 - 0x00007ff7ddf2a000 	C:\Program Files\Android\Android Studio1\jbr\bin\java.exe
0x00007ff841eb0000 - 0x00007ff8420a8000 	C:\WINDOWS\SYSTEM32\ntdll.dll
0x00007ff841d50000 - 0x00007ff841e0d000 	C:\WINDOWS\System32\KERNEL32.DLL
0x00007ff83f870000 - 0x00007ff83fb66000 	C:\WINDOWS\System32\KERNELBASE.dll
0x00007ff83f580000 - 0x00007ff83f680000 	C:\WINDOWS\System32\ucrtbase.dll
0x00007ff82d4b0000 - 0x00007ff82d4c7000 	C:\Program Files\Android\Android Studio1\jbr\bin\jli.dll
0x00007ff8137c0000 - 0x00007ff8137db000 	C:\Program Files\Android\Android Studio1\jbr\bin\VCRUNTIME140.dll
0x00007ff841550000 - 0x00007ff8416ee000 	C:\WINDOWS\System32\USER32.dll
0x00007ff83f840000 - 0x00007ff83f862000 	C:\WINDOWS\System32\win32u.dll
0x00007ff840700000 - 0x00007ff84072c000 	C:\WINDOWS\System32\GDI32.dll
0x00007ff831d30000 - 0x00007ff831fca000 	C:\WINDOWS\WinSxS\amd64_microsoft.windows.common-controls_6595b64144ccf1df_6.0.19041.3636_none_60b6a03d71f818d5\COMCTL32.dll
0x00007ff83f680000 - 0x00007ff83f79a000 	C:\WINDOWS\System32\gdi32full.dll
0x00007ff83f7a0000 - 0x00007ff83f83d000 	C:\WINDOWS\System32\msvcp_win.dll
0x00007ff8418a0000 - 0x00007ff84193e000 	C:\WINDOWS\System32\msvcrt.dll
0x00007ff840c60000 - 0x00007ff840c90000 	C:\WINDOWS\System32\IMM32.DLL
0x00007ff82d850000 - 0x00007ff82d85c000 	C:\Program Files\Android\Android Studio1\jbr\bin\vcruntime140_1.dll
0x00007ff80dd00000 - 0x00007ff80dd8d000 	C:\Program Files\Android\Android Studio1\jbr\bin\msvcp140.dll
0x00007ffffc2c0000 - 0x00007ffffcf40000 	C:\Program Files\Android\Android Studio1\jbr\bin\server\jvm.dll
0x00007ff840210000 - 0x00007ff8402c3000 	C:\WINDOWS\System32\ADVAPI32.dll
0x00007ff8404b0000 - 0x00007ff84054f000 	C:\WINDOWS\System32\sechost.dll
0x00007ff8400e0000 - 0x00007ff840206000 	C:\WINDOWS\System32\RPCRT4.dll
0x00007ff83fd80000 - 0x00007ff83fda7000 	C:\WINDOWS\System32\bcrypt.dll
0x00007ff837a70000 - 0x00007ff837a97000 	C:\WINDOWS\SYSTEM32\WINMM.dll
0x00007ff82c200000 - 0x00007ff82c209000 	C:\WINDOWS\SYSTEM32\WSOCK32.dll
0x00007ff8414e0000 - 0x00007ff84154b000 	C:\WINDOWS\System32\WS2_32.dll
0x00007ff837d70000 - 0x00007ff837d7a000 	C:\WINDOWS\SYSTEM32\VERSION.dll
0x00007ff83d430000 - 0x00007ff83d442000 	C:\WINDOWS\SYSTEM32\kernel.appcore.dll
0x00007ff838b70000 - 0x00007ff838b7a000 	C:\Program Files\Android\Android Studio1\jbr\bin\jimage.dll
0x00007ff82ccc0000 - 0x00007ff82cea4000 	C:\WINDOWS\SYSTEM32\DBGHELP.DLL
0x00007ff82cc50000 - 0x00007ff82cc84000 	C:\WINDOWS\SYSTEM32\dbgcore.DLL
0x00007ff83fe70000 - 0x00007ff83fef2000 	C:\WINDOWS\System32\bcryptPrimitives.dll
0x00007ff832830000 - 0x00007ff83283e000 	C:\Program Files\Android\Android Studio1\jbr\bin\instrument.dll
0x00007ff8332f0000 - 0x00007ff833315000 	C:\Program Files\Android\Android Studio1\jbr\bin\java.dll
0x00007ff8330f0000 - 0x00007ff833108000 	C:\Program Files\Android\Android Studio1\jbr\bin\zip.dll
0x00007ff840d90000 - 0x00007ff8414d5000 	C:\WINDOWS\System32\SHELL32.dll
0x00007ff83d630000 - 0x00007ff83ddcb000 	C:\WINDOWS\SYSTEM32\windows.storage.dll
0x00007ff8419f0000 - 0x00007ff841d44000 	C:\WINDOWS\System32\combase.dll
0x00007ff83efb0000 - 0x00007ff83efdd000 	C:\WINDOWS\SYSTEM32\Wldp.dll
0x00007ff841940000 - 0x00007ff8419ed000 	C:\WINDOWS\System32\SHCORE.dll
0x00007ff841e10000 - 0x00007ff841e65000 	C:\WINDOWS\System32\shlwapi.dll
0x00007ff83f4b0000 - 0x00007ff83f4d5000 	C:\WINDOWS\SYSTEM32\profapi.dll
0x00007ff82d900000 - 0x00007ff82d919000 	C:\Program Files\Android\Android Studio1\jbr\bin\net.dll
0x00007ff836b90000 - 0x00007ff836c9a000 	C:\WINDOWS\SYSTEM32\WINHTTP.dll
0x00007ff83ed10000 - 0x00007ff83ed7a000 	C:\WINDOWS\system32\mswsock.dll
0x00007ff82d5a0000 - 0x00007ff82d5b6000 	C:\Program Files\Android\Android Studio1\jbr\bin\nio.dll
0x00007ff833150000 - 0x00007ff833160000 	C:\Program Files\Android\Android Studio1\jbr\bin\verify.dll
0x00007ff815d10000 - 0x00007ff815d37000 	C:\Users\COMBATIENTE\.gradle\native\68d5fa5c4cc2d200863cafc0d521ce42e7d3e7ee720ec0a83991735586a16f82\windows-amd64\native-platform.dll
0x00007ff80c430000 - 0x00007ff80c574000 	C:\Users\COMBATIENTE\.gradle\native\e376f236ea51e6404a007f0833ffe2c6e607c4080706a723a18a27aeea778392\windows-amd64\native-platform-file-events.dll
0x00007ff833070000 - 0x00007ff833079000 	C:\Program Files\Android\Android Studio1\jbr\bin\management.dll
0x00007ff8328c0000 - 0x00007ff8328cb000 	C:\Program Files\Android\Android Studio1\jbr\bin\management_ext.dll
0x00007ff840370000 - 0x00007ff840378000 	C:\WINDOWS\System32\PSAPI.DLL
0x00007ff83ef00000 - 0x00007ff83ef18000 	C:\WINDOWS\SYSTEM32\CRYPTSP.dll
0x00007ff83e5d0000 - 0x00007ff83e604000 	C:\WINDOWS\system32\rsaenh.dll
0x00007ff83f430000 - 0x00007ff83f45e000 	C:\WINDOWS\SYSTEM32\USERENV.dll
0x00007ff83ef20000 - 0x00007ff83ef2c000 	C:\WINDOWS\SYSTEM32\CRYPTBASE.dll
0x00007ff83e9b0000 - 0x00007ff83e9eb000 	C:\WINDOWS\SYSTEM32\IPHLPAPI.DLL
0x00007ff8402d0000 - 0x00007ff8402d8000 	C:\WINDOWS\System32\NSI.dll
0x00007ff838500000 - 0x00007ff838517000 	C:\WINDOWS\SYSTEM32\dhcpcsvc6.DLL
0x00007ff838ef0000 - 0x00007ff838f0d000 	C:\WINDOWS\SYSTEM32\dhcpcsvc.DLL
0x00007ff83e9f0000 - 0x00007ff83eaba000 	C:\WINDOWS\SYSTEM32\DNSAPI.dll
0x00007ff8387a0000 - 0x00007ff8387a7000 	C:\WINDOWS\system32\wshunix.dll

dbghelp: loaded successfully - version: 4.0.5 - missing functions: none
symbol engine: initialized successfully - sym options: 0x614 - pdb path: .;C:\Program Files\Android\Android Studio1\jbr\bin;C:\WINDOWS\SYSTEM32;C:\WINDOWS\WinSxS\amd64_microsoft.windows.common-controls_6595b64144ccf1df_6.0.19041.3636_none_60b6a03d71f818d5;C:\Program Files\Android\Android Studio1\jbr\bin\server;C:\Users\COMBATIENTE\.gradle\native\68d5fa5c4cc2d200863cafc0d521ce42e7d3e7ee720ec0a83991735586a16f82\windows-amd64;C:\Users\COMBATIENTE\.gradle\native\e376f236ea51e6404a007f0833ffe2c6e607c4080706a723a18a27aeea778392\windows-amd64

VM Arguments:
jvm_args: --add-opens=java.base/java.util=ALL-UNNAMED --add-opens=java.base/java.lang=ALL-UNNAMED --add-opens=java.base/java.lang.invoke=ALL-UNNAMED --add-opens=java.prefs/java.util.prefs=ALL-UNNAMED --add-opens=java.base/java.nio.charset=ALL-UNNAMED --add-opens=java.base/java.net=ALL-UNNAMED --add-opens=java.base/java.util.concurrent.atomic=ALL-UNNAMED -Xmx2048m -Dfile.encoding=UTF-8 -Duser.country=US -Duser.language=en -Duser.variant -javaagent:C:\Users\COMBATIENTE\.gradle\wrapper\dists\gradle-8.2-bin\bbg7u40eoinfdyxsxr3z4i7ta\gradle-8.2\lib\agents\gradle-instrumentation-agent-8.2.jar 
java_command: org.gradle.launcher.daemon.bootstrap.GradleDaemon 8.2
java_class_path (initial): C:\Users\COMBATIENTE\.gradle\wrapper\dists\gradle-8.2-bin\bbg7u40eoinfdyxsxr3z4i7ta\gradle-8.2\lib\gradle-launcher-8.2.jar
Launcher Type: SUN_STANDARD

[Global flags]
     intx CICompilerCount                          = 3                                         {product} {ergonomic}
     uint ConcGCThreads                            = 1                                         {product} {ergonomic}
     uint G1ConcRefinementThreads                  = 4                                         {product} {ergonomic}
   size_t G1HeapRegionSize                         = 1048576                                   {product} {ergonomic}
    uintx GCDrainStackTargetSize                   = 64                                        {product} {ergonomic}
   size_t InitialHeapSize                          = 201326592                                 {product} {ergonomic}
   size_t MarkStackSize                            = 4194304                                   {product} {ergonomic}
   size_t MaxHeapSize                              = 2147483648                                {product} {command line}
   size_t MaxNewSize                               = 1287651328                                {product} {ergonomic}
   size_t MinHeapDeltaBytes                        = 1048576                                   {product} {ergonomic}
   size_t MinHeapSize                              = 8388608                                   {product} {ergonomic}
    uintx NonNMethodCodeHeapSize                   = 5832780                                {pd product} {ergonomic}
    uintx NonProfiledCodeHeapSize                  = 122912730                              {pd product} {ergonomic}
    uintx ProfiledCodeHeapSize                     = 122912730                              {pd product} {ergonomic}
    uintx ReservedCodeCacheSize                    = 251658240                              {pd product} {ergonomic}
     bool SegmentedCodeCache                       = true                                      {product} {ergonomic}
   size_t SoftMaxHeapSize                          = 2147483648                             {manageable} {ergonomic}
     bool UseCompressedClassPointers               = true                           {product lp64_product} {ergonomic}
     bool UseCompressedOops                        = true                           {product lp64_product} {ergonomic}
     bool UseG1GC                                  = true                                      {product} {ergonomic}
     bool UseLargePagesIndividualAllocation        = false                                  {pd product} {ergonomic}

Logging:
Log output configuration:
 #0: stdout all=warning uptime,level,tags
 #1: stderr all=off uptime,level,tags

Environment Variables:
PATH=C:\Program Files\Rockwell Software\RSCommon;C:\Program Files (x86)\Common Files\Oracle\Java\javapath;C:\Program Files (x86)\PC Connectivity Solution\;C:\ProgramData\Oracle\Java\javapath;C:\WINDOWS\system32;C:\WINDOWS;C:\WINDOWS\System32\Wbem;C:\WINDOWS\System32\WindowsPowerShell\v1.0\;C:\Program Files (x86)\NVIDIA Corporation\PhysX\Common;C:\WINDOWS\system32;C:\WINDOWS;C:\WINDOWS\System32\Wbem;C:\WINDOWS\System32\WindowsPowerShell\v1.0\;C:\WINDOWS\System32\OpenSSH\;c:\Program Files (x86)\Microsoft SQL Server\100\Tools\Binn\;c:\Program Files (x86)\Microsoft SQL Server\100\DTS\Binn\;c:\Program Files (x86)\Microsoft SQL Server\100\Tools\Binn\VSShell\Common7\IDE\;C:\Program Files\Microsoft SQL Server\110\Tools\Binn\;C:\Program Files\Microsoft SQL Server\120\Tools\Binn\;C:\Program Files\PowerShell\7\;C:\Program Files\Git\cmd;C:\Program Files (x86)\Windows Kits\10\Windows Performance Toolkit\;C:\Program Files\PowerShell\7-preview\preview;C:\Users\COMBATIENTE\AppData\Local\Microsoft\WindowsApps;C:\dev\flutter\bin;C:\Users\COMBATIENTE\AppData\Local\Programs\Microsoft VS Code\bin
USERNAME=COMBATIENTE
OS=Windows_NT
PROCESSOR_IDENTIFIER=Intel64 Family 6 Model 69 Stepping 1, GenuineIntel
TMP=C:\Users\COMBAT~1\AppData\Local\Temp
TEMP=C:\Users\COMBAT~1\AppData\Local\Temp


JNI global refs:
JNI global refs: 26, weak refs: 17

JNI global refs memory usage: 843, weak refs: 841

OOME stack traces (most recent first):
Classloader memory used:
Loader org.gradle.internal.classloader.VisitableURLClassLoader                         : 4516K
Loader bootstrap                                                                       : 2872K
Loader org.gradle.internal.classloader.VisitableURLClassLoader$InstrumentingVisitableURLClassLoader: 2495K
Loader org.gradle.initialization.MixInLegacyTypesClassLoader                           : 1149K
Loader org.gradle.internal.classloader.VisitableURLClassLoader                         : 137K
Loader jdk.internal.loader.ClassLoaders$PlatformClassLoader                            : 64960B
Loader jdk.internal.reflect.DelegatingClassLoader                                      : 63695B
Loader jdk.internal.loader.ClassLoaders$AppClassLoader                                 : 28359B
Loader org.gradle.groovy.scripts.internal.DefaultScriptCompilationHandler$ScriptClassLoader: 12651B
Loader org.codehaus.groovy.runtime.callsite.CallSiteClassLoader                        : 7045B
Loader sun.reflect.misc.MethodUtil                                                     : 373B


[error occurred during error reporting (Classloader stats), id 0xe0000001, Out of Memory Error (s\src\hotspot\share\memory\arena.cpp:78)]


---------------  S Y S T E M  ---------------

OS:
 Windows 10 , 64 bit Build 19041 (10.0.19041.3636)
OS uptime: 5 days 8:16 hours

CPU: total 4 (initial active 4) (2 cores per cpu, 2 threads per core) family 6 model 69 stepping 1 microcode 0x25, cx8, cmov, fxsr, ht, mmx, sse, sse2, sse3, ssse3, sse4.1, sse4.2, popcnt, lzcnt, tsc, tscinvbit, avx, avx2, aes, erms, clmul, bmi1, bmi2, fma, vzeroupper, clflush

Memory: 4k page, system-wide physical 12224M (2514M free)
TotalPageFile size 13624M (AvailPageFile size 4M)
current process WorkingSet (physical memory assigned to process): 461M, peak: 461M
current process commit charge ("private bytes"): 487M, peak: 487M

vm_info: OpenJDK 64-Bit Server VM (17.0.7+0-b2043.56-10550314) for windows-amd64 JRE (17.0.7+0-b2043.56-10550314), built on Jul 24 2023 18:27:45 by "androidbuild" with MS VC++ 16.10 / 16.11 (VS2019)

END.
