#
# There is insufficient memory for the Java Runtime Environment to continue.
# Native memory allocation (malloc) failed to allocate 262160 bytes for Chunk::new
# Possible reasons:
#   The system is out of physical RAM or swap space
#   The process is running with CompressedOops enabled, and the Java Heap may be blocking the growth of the native heap
# Possible solutions:
#   Reduce memory load on the system
#   Increase physical memory or swap space
#   Check if swap backing store is full
#   Decrease Java heap size (-Xmx/-Xms)
#   Decrease number of Java threads
#   Decrease Java thread stack sizes (-Xss)
#   Set larger code cache with -XX:ReservedCodeCacheSize=
#   JVM is running with Unscaled Compressed Oops mode in which the Java heap is
#     placed in the first 4GB address space. The Java Heap base address is the
#     maximum limit for the native heap growth. Please use -XX:HeapBaseMinAddress
#     to set the Java Heap base and to place the Java Heap above 4GB virtual address.
# This output file may be truncated or incomplete.
#
#  Out of Memory Error (arena.cpp:189), pid=3632, tid=15616
#
# JRE version: OpenJDK Runtime Environment (17.0.7) (build 17.0.7+0-b2043.56-10550314)
# Java VM: OpenJDK 64-Bit Server VM (17.0.7+0-b2043.56-10550314, mixed mode, tiered, compressed oops, compressed class ptrs, g1 gc, windows-amd64)
# No core dump will be written. Minidumps are not enabled by default on client versions of Windows
#

---------------  S U M M A R Y ------------

Command Line: --add-opens=java.base/java.util=ALL-UNNAMED --add-opens=java.base/java.lang=ALL-UNNAMED --add-opens=java.base/java.lang.invoke=ALL-UNNAMED --add-opens=java.prefs/java.util.prefs=ALL-UNNAMED --add-opens=java.base/java.nio.charset=ALL-UNNAMED --add-opens=java.base/java.net=ALL-UNNAMED --add-opens=java.base/java.util.concurrent.atomic=ALL-UNNAMED -Xmx2048m -Dfile.encoding=UTF-8 -Duser.country=US -Duser.language=en -Duser.variant -javaagent:C:\Users\COMBATIENTE\.gradle\wrapper\dists\gradle-8.2-bin\bbg7u40eoinfdyxsxr3z4i7ta\gradle-8.2\lib\agents\gradle-instrumentation-agent-8.2.jar org.gradle.launcher.daemon.bootstrap.GradleDaemon 8.2

Host: Intel(R) Core(TM) i5-4210U CPU @ 1.70GHz, 4 cores, 11G,  Windows 10 , 64 bit Build 19041 (10.0.19041.3636)
Time: Mon Feb 12 20:36:56 2024 Arab Standard Time elapsed time: 12.011296 seconds (0d 0h 0m 12s)

---------------  T H R E A D  ---------------

Current thread (0x000001e2fa5fbc60):  JavaThread "C2 CompilerThread1" daemon [_thread_in_native, id=15616, stack(0x000000ac59900000,0x000000ac59a00000)]


Current CompileTask:
C2:  12011 4751   !   4       java.net.URLClassLoader::findClass (47 bytes)

Stack: [0x000000ac59900000,0x000000ac59a00000]
Native frames: (J=compiled Java code, j=interpreted, Vv=VM code, C=native code)
V  [jvm.dll+0x683bfa]
V  [jvm.dll+0x8430a4]
V  [jvm.dll+0x8449be]
V  [jvm.dll+0x845023]
V  [jvm.dll+0x24ad2f]
V  [jvm.dll+0xac25c]
V  [jvm.dll+0xac82c]
V  [jvm.dll+0xac36b]
V  [jvm.dll+0x66102c]
V  [jvm.dll+0x60fa07]
V  [jvm.dll+0x61523b]
V  [jvm.dll+0x616002]
V  [jvm.dll+0x614564]
V  [jvm.dll+0x21d0c8]
V  [jvm.dll+0x21c671]
V  [jvm.dll+0x1a605d]
V  [jvm.dll+0x22c148]
V  [jvm.dll+0x22a209]
V  [jvm.dll+0x7f858c]
V  [jvm.dll+0x7f2aea]
V  [jvm.dll+0x682a35]
C  [ucrtbase.dll+0x21bb2]
C  [KERNEL32.DLL+0x17344]
C  [ntdll.dll+0x526b1]


---------------  P R O C E S S  ---------------

Threads class SMR info:
_java_thread_list=0x000001e2fc4c9370, length=40, elements={
0x000001e2da757330, 0x000001e2f3d3dc20, 0x000001e2f3d3f140, 0x000001e2f3d4db70,
0x000001e2f3d50440, 0x000001e2f3d514a0, 0x000001e2f3d52500, 0x000001e2f80483c0,
0x000001e2f8049460, 0x000001e2f804cd20, 0x000001e2f8143db0, 0x000001e2f83c4b80,
0x000001e2fa3fc6d0, 0x000001e2f9722450, 0x000001e2f94e0580, 0x000001e2f9d89650,
0x000001e2fa72c3a0, 0x000001e2f9c527d0, 0x000001e2f9c53640, 0x000001e2f9c50620,
0x000001e2f9c51e30, 0x000001e2f9c53b10, 0x000001e2fa5fbc60, 0x000001e2f9c52300,
0x000001e2f9c51960, 0x000001e2f9c52ca0, 0x000001e2f9c50af0, 0x000001e2f9c50fc0,
0x000001e2f9c51490, 0x000001e2f9c53170, 0x000001e2f9b82600, 0x000001e2f9b81790,
0x000001e2f9b7ff80, 0x000001e2f9b7b280, 0x000001e2f9b812c0, 0x000001e2f9b81c60,
0x000001e2f9b7bc20, 0x000001e2f9b80450, 0x000001e2f9b7ec40, 0x000001e2f9b7ddd0
}

Java Threads: ( => current thread )
  0x000001e2da757330 JavaThread "main" [_thread_blocked, id=6060, stack(0x000000ac58500000,0x000000ac58600000)]
  0x000001e2f3d3dc20 JavaThread "Reference Handler" daemon [_thread_blocked, id=12332, stack(0x000000ac58d00000,0x000000ac58e00000)]
  0x000001e2f3d3f140 JavaThread "Finalizer" daemon [_thread_blocked, id=15424, stack(0x000000ac58e00000,0x000000ac58f00000)]
  0x000001e2f3d4db70 JavaThread "Signal Dispatcher" daemon [_thread_blocked, id=12440, stack(0x000000ac58f00000,0x000000ac59000000)]
  0x000001e2f3d50440 JavaThread "Attach Listener" daemon [_thread_blocked, id=2248, stack(0x000000ac59000000,0x000000ac59100000)]
  0x000001e2f3d514a0 JavaThread "Service Thread" daemon [_thread_blocked, id=7140, stack(0x000000ac59100000,0x000000ac59200000)]
  0x000001e2f3d52500 JavaThread "Monitor Deflation Thread" daemon [_thread_blocked, id=17372, stack(0x000000ac59200000,0x000000ac59300000)]
  0x000001e2f80483c0 JavaThread "C2 CompilerThread0" daemon [_thread_in_native, id=18064, stack(0x000000ac59300000,0x000000ac59400000)]
  0x000001e2f8049460 JavaThread "C1 CompilerThread0" daemon [_thread_blocked, id=17984, stack(0x000000ac59400000,0x000000ac59500000)]
  0x000001e2f804cd20 JavaThread "Sweeper thread" daemon [_thread_blocked, id=17748, stack(0x000000ac59500000,0x000000ac59600000)]
  0x000001e2f8143db0 JavaThread "Common-Cleaner" daemon [_thread_blocked, id=9676, stack(0x000000ac59600000,0x000000ac59700000)]
  0x000001e2f83c4b80 JavaThread "Notification Thread" daemon [_thread_blocked, id=11368, stack(0x000000ac59700000,0x000000ac59800000)]
  0x000001e2fa3fc6d0 JavaThread "Daemon health stats" [_thread_blocked, id=6120, stack(0x000000ac59d00000,0x000000ac59e00000)]
  0x000001e2f9722450 JavaThread "Incoming local TCP Connector on port 12765" [_thread_in_native, id=4072, stack(0x000000ac59e00000,0x000000ac59f00000)]
  0x000001e2f94e0580 JavaThread "Daemon periodic checks" [_thread_blocked, id=7224, stack(0x000000ac59f00000,0x000000ac5a000000)]
  0x000001e2f9d89650 JavaThread "Daemon" [_thread_blocked, id=6028, stack(0x000000ac5a000000,0x000000ac5a100000)]
  0x000001e2fa72c3a0 JavaThread "Handler for socket connection from /127.0.0.1:12765 to /127.0.0.1:12766" [_thread_in_native, id=3652, stack(0x000000ac5a100000,0x000000ac5a200000)]
  0x000001e2f9c527d0 JavaThread "Cancel handler" [_thread_blocked, id=13436, stack(0x000000ac5a200000,0x000000ac5a300000)]
  0x000001e2f9c53640 JavaThread "Daemon worker" [_thread_in_vm, id=920, stack(0x000000ac5a300000,0x000000ac5a400000)]
  0x000001e2f9c50620 JavaThread "Asynchronous log dispatcher for DefaultDaemonConnection: socket connection from /127.0.0.1:12765 to /127.0.0.1:12766" [_thread_blocked, id=12276, stack(0x000000ac5a400000,0x000000ac5a500000)]
  0x000001e2f9c51e30 JavaThread "Stdin handler" [_thread_blocked, id=9424, stack(0x000000ac5a500000,0x000000ac5a600000)]
  0x000001e2f9c53b10 JavaThread "Daemon client event forwarder" [_thread_blocked, id=9812, stack(0x000000ac5a600000,0x000000ac5a700000)]
=>0x000001e2fa5fbc60 JavaThread "C2 CompilerThread1" daemon [_thread_in_native, id=15616, stack(0x000000ac59900000,0x000000ac59a00000)]
  0x000001e2f9c52300 JavaThread "Cache worker for journal cache (C:\Users\COMBATIENTE\.gradle\caches\journal-1)" [_thread_blocked, id=6092, stack(0x000000ac5a700000,0x000000ac5a800000)]
  0x000001e2f9c51960 JavaThread "File lock request listener" [_thread_in_native, id=14072, stack(0x000000ac5a800000,0x000000ac5a900000)]
  0x000001e2f9c52ca0 JavaThread "Cache worker for file hash cache (C:\Users\COMBATIENTE\.gradle\caches\8.2\fileHashes)" [_thread_blocked, id=9720, stack(0x000000ac5a900000,0x000000ac5aa00000)]
  0x000001e2f9c50af0 JavaThread "File watcher server" daemon [_thread_in_native, id=15380, stack(0x000000ac5aa00000,0x000000ac5ab00000)]
  0x000001e2f9c50fc0 JavaThread "File watcher consumer" daemon [_thread_blocked, id=9412, stack(0x000000ac5ab00000,0x000000ac5ac00000)]
  0x000001e2f9c51490 JavaThread "jar transforms" [_thread_blocked, id=5372, stack(0x000000ac5ac00000,0x000000ac5ad00000)]
  0x000001e2f9c53170 JavaThread "jar transforms Thread 2" [_thread_blocked, id=3860, stack(0x000000ac5ad00000,0x000000ac5ae00000)]
  0x000001e2f9b82600 JavaThread "jar transforms Thread 3" [_thread_blocked, id=7616, stack(0x000000ac5ae00000,0x000000ac5af00000)]
  0x000001e2f9b81790 JavaThread "jar transforms Thread 4" [_thread_blocked, id=15208, stack(0x000000ac5af00000,0x000000ac5b000000)]
  0x000001e2f9b7ff80 JavaThread "Cache worker for checksums cache (C:\Users\COMBATIENTE\AndroidStudioProjects\MyApp2\.gradle\8.2\checksums)" [_thread_blocked, id=16776, stack(0x000000ac5b000000,0x000000ac5b100000)]
  0x000001e2f9b7b280 JavaThread "Cache worker for cache directory md-rule (C:\Users\COMBATIENTE\.gradle\caches\8.2\md-rule)" [_thread_blocked, id=11064, stack(0x000000ac5b100000,0x000000ac5b200000)]
  0x000001e2f9b812c0 JavaThread "Cache worker for file content cache (C:\Users\COMBATIENTE\.gradle\caches\8.2\fileContent)" [_thread_blocked, id=16224, stack(0x000000ac5b200000,0x000000ac5b300000)]
  0x000001e2f9b81c60 JavaThread "Cache worker for file hash cache (C:\Users\COMBATIENTE\AndroidStudioProjects\MyApp2\.gradle\8.2\fileHashes)" [_thread_blocked, id=7252, stack(0x000000ac5b300000,0x000000ac5b400000)]
  0x000001e2f9b7bc20 JavaThread "Cache worker for cache directory md-supplier (C:\Users\COMBATIENTE\.gradle\caches\8.2\md-supplier)" [_thread_blocked, id=9284, stack(0x000000ac5b400000,0x000000ac5b500000)]
  0x000001e2f9b80450 JavaThread "Cache worker for execution history cache (C:\Users\COMBATIENTE\.gradle\caches\8.2\executionHistory)" [_thread_blocked, id=8444, stack(0x000000ac5b500000,0x000000ac5b600000)]
  0x000001e2f9b7ec40 JavaThread "Cache worker for kotlin-dsl (C:\Users\COMBATIENTE\.gradle\caches\8.2\kotlin-dsl)" [_thread_blocked, id=1860, stack(0x000000ac5b600000,0x000000ac5b700000)]
  0x000001e2f9b7ddd0 JavaThread "Cache worker for dependencies-accessors (C:\Users\COMBATIENTE\AndroidStudioProjects\MyApp2\.gradle\8.2\dependencies-accessors)" [_thread_blocked, id=6148, stack(0x000000ac5b700000,0x000000ac5b800000)]

Other Threads:
  0x000001e2f8013020 VMThread "VM Thread" [stack: 0x000000ac58c00000,0x000000ac58d00000] [id=13396]
  0x000001e2da7c7b50 WatcherThread [stack: 0x000000ac59800000,0x000000ac59900000] [id=11564]
  0x000001e2da7b3910 GCTaskThread "GC Thread#0" [stack: 0x000000ac58700000,0x000000ac58800000] [id=6132]
  0x000001e2f8465460 GCTaskThread "GC Thread#1" [stack: 0x000000ac59a00000,0x000000ac59b00000] [id=17800]
  0x000001e2f8743a00 GCTaskThread "GC Thread#2" [stack: 0x000000ac59b00000,0x000000ac59c00000] [id=3620]
  0x000001e2f8661f60 GCTaskThread "GC Thread#3" [stack: 0x000000ac59c00000,0x000000ac59d00000] [id=17272]
  0x000001e2d871e6b0 ConcurrentGCThread "G1 Main Marker" [stack: 0x000000ac58800000,0x000000ac58900000] [id=16468]
  0x000001e2da7c0820 ConcurrentGCThread "G1 Conc#0" [stack: 0x000000ac58900000,0x000000ac58a00000] [id=4640]
  0x000001e2da81dce0 ConcurrentGCThread "G1 Refine#0" [stack: 0x000000ac58a00000,0x000000ac58b00000] [id=16340]
  0x000001e2da81e610 ConcurrentGCThread "G1 Service" [stack: 0x000000ac58b00000,0x000000ac58c00000] [id=17820]

Threads with active compile tasks:
C2 CompilerThread0    12176 4752       4       java.net.URLClassLoader$1::run (5 bytes)
C2 CompilerThread1    12176 4751   !   4       java.net.URLClassLoader::findClass (47 bytes)

VM state: not at safepoint (normal execution)

VM Mutex/Monitor currently owned by a thread: None

Heap address: 0x0000000080000000, size: 2048 MB, Compressed Oops mode: 32-bit

CDS archive(s) not mapped
Compressed class space mapped at: 0x0000000100000000-0x0000000140000000, reserved size: 1073741824
Narrow klass base: 0x0000000000000000, Narrow klass shift: 3, Narrow klass range: 0x140000000

GC Precious Log:
 CPUs: 4 total, 4 available
 Memory: 12224M
 Large Page Support: Disabled
 NUMA Support: Disabled
 Compressed Oops: Enabled (32-bit)
 Heap Region Size: 1M
 Heap Min Capacity: 8M
 Heap Initial Capacity: 192M
 Heap Max Capacity: 2G
 Pre-touch: Disabled
 Parallel Workers: 4
 Concurrent Workers: 1
 Concurrent Refinement Workers: 4
 Periodic GC: Disabled

Heap:
 garbage-first heap   total 275456K, used 126207K [0x0000000080000000, 0x0000000100000000)
  region size 1024K, 63 young (64512K), 3 survivors (3072K)
 Metaspace       used 53543K, committed 54080K, reserved 1114112K
  class space    used 7190K, committed 7424K, reserved 1048576K

Heap Regions: E=young(eden), S=young(survivor), O=old, HS=humongous(starts), HC=humongous(continues), CS=collection set, F=free, OA=open archive, CA=closed archive, TAMS=top-at-mark-start (previous, next)
|   0|0x0000000080000000, 0x0000000080100000, 0x0000000080100000|100%| O|  |TAMS 0x0000000080100000, 0x0000000080100000| Untracked 
|   1|0x0000000080100000, 0x0000000080200000, 0x0000000080200000|100%| O|  |TAMS 0x0000000080200000, 0x0000000080200000| Untracked 
|   2|0x0000000080200000, 0x0000000080300000, 0x0000000080300000|100%|HS|  |TAMS 0x0000000080300000, 0x0000000080300000| Complete 
|   3|0x0000000080300000, 0x0000000080400000, 0x0000000080400000|100%|HC|  |TAMS 0x0000000080400000, 0x0000000080400000| Complete 
|   4|0x0000000080400000, 0x0000000080500000, 0x0000000080500000|100%|HC|  |TAMS 0x0000000080500000, 0x0000000080500000| Complete 
|   5|0x0000000080500000, 0x0000000080600000, 0x0000000080600000|100%|HC|  |TAMS 0x0000000080600000, 0x0000000080600000| Complete 
|   6|0x0000000080600000, 0x0000000080700000, 0x0000000080700000|100%| O|  |TAMS 0x0000000080700000, 0x0000000080700000| Untracked 
|   7|0x0000000080700000, 0x0000000080800000, 0x0000000080800000|100%| O|  |TAMS 0x0000000080800000, 0x0000000080800000| Untracked 
|   8|0x0000000080800000, 0x0000000080900000, 0x0000000080900000|100%| O|  |TAMS 0x0000000080900000, 0x0000000080900000| Untracked 
|   9|0x0000000080900000, 0x0000000080a00000, 0x0000000080a00000|100%| O|  |TAMS 0x0000000080a00000, 0x0000000080a00000| Untracked 
|  10|0x0000000080a00000, 0x0000000080b00000, 0x0000000080b00000|100%| O|  |TAMS 0x0000000080b00000, 0x0000000080b00000| Untracked 
|  11|0x0000000080b00000, 0x0000000080bdb800, 0x0000000080c00000| 85%| O|  |TAMS 0x0000000080bdb800, 0x0000000080bdb800| Untracked 
|  12|0x0000000080c00000, 0x0000000080d00000, 0x0000000080d00000|100%| O|  |TAMS 0x0000000080d00000, 0x0000000080d00000| Untracked 
|  13|0x0000000080d00000, 0x0000000080e00000, 0x0000000080e00000|100%| O|  |TAMS 0x0000000080e00000, 0x0000000080e00000| Untracked 
|  14|0x0000000080e00000, 0x0000000080f00000, 0x0000000080f00000|100%| O|  |TAMS 0x0000000080f00000, 0x0000000080f00000| Untracked 
|  15|0x0000000080f00000, 0x0000000081000000, 0x0000000081000000|100%| O|  |TAMS 0x0000000081000000, 0x0000000081000000| Untracked 
|  16|0x0000000081000000, 0x0000000081100000, 0x0000000081100000|100%| O|  |TAMS 0x0000000081100000, 0x0000000081100000| Untracked 
|  17|0x0000000081100000, 0x0000000081200000, 0x0000000081200000|100%| O|  |TAMS 0x0000000081200000, 0x0000000081200000| Untracked 
|  18|0x0000000081200000, 0x0000000081300000, 0x0000000081300000|100%| O|  |TAMS 0x0000000081300000, 0x0000000081300000| Untracked 
|  19|0x0000000081300000, 0x0000000081400000, 0x0000000081400000|100%|HS|  |TAMS 0x0000000081400000, 0x0000000081400000| Complete 
|  20|0x0000000081400000, 0x0000000081500000, 0x0000000081500000|100%|HC|  |TAMS 0x0000000081500000, 0x0000000081500000| Complete 
|  21|0x0000000081500000, 0x0000000081600000, 0x0000000081600000|100%|HS|  |TAMS 0x0000000081600000, 0x0000000081600000| Complete 
|  22|0x0000000081600000, 0x0000000081700000, 0x0000000081700000|100%|HC|  |TAMS 0x0000000081700000, 0x0000000081700000| Complete 
|  23|0x0000000081700000, 0x0000000081800000, 0x0000000081800000|100%|HC|  |TAMS 0x0000000081800000, 0x0000000081800000| Complete 
|  24|0x0000000081800000, 0x0000000081900000, 0x0000000081900000|100%| O|  |TAMS 0x0000000081900000, 0x0000000081900000| Untracked 
|  25|0x0000000081900000, 0x0000000081a00000, 0x0000000081a00000|100%| O|  |TAMS 0x0000000081a00000, 0x0000000081a00000| Untracked 
|  26|0x0000000081a00000, 0x0000000081b00000, 0x0000000081b00000|100%| O|  |TAMS 0x0000000081b00000, 0x0000000081b00000| Untracked 
|  27|0x0000000081b00000, 0x0000000081c00000, 0x0000000081c00000|100%|HS|  |TAMS 0x0000000081c00000, 0x0000000081c00000| Complete 
|  28|0x0000000081c00000, 0x0000000081d00000, 0x0000000081d00000|100%|HC|  |TAMS 0x0000000081d00000, 0x0000000081d00000| Complete 
|  29|0x0000000081d00000, 0x0000000081e00000, 0x0000000081e00000|100%| O|  |TAMS 0x0000000081e00000, 0x0000000081e00000| Untracked 
|  30|0x0000000081e00000, 0x0000000081f00000, 0x0000000081f00000|100%| O|  |TAMS 0x0000000081e00000, 0x0000000081f00000| Untracked 
|  31|0x0000000081f00000, 0x0000000082000000, 0x0000000082000000|100%|HS|  |TAMS 0x0000000082000000, 0x0000000082000000| Complete 
|  32|0x0000000082000000, 0x0000000082100000, 0x0000000082100000|100%|HC|  |TAMS 0x0000000082100000, 0x0000000082100000| Complete 
|  33|0x0000000082100000, 0x0000000082200000, 0x0000000082200000|100%|HC|  |TAMS 0x0000000082200000, 0x0000000082200000| Complete 
|  34|0x0000000082200000, 0x0000000082300000, 0x0000000082300000|100%|HC|  |TAMS 0x0000000082300000, 0x0000000082300000| Complete 
|  35|0x0000000082300000, 0x0000000082400000, 0x0000000082400000|100%|HC|  |TAMS 0x0000000082400000, 0x0000000082400000| Complete 
|  36|0x0000000082400000, 0x0000000082500000, 0x0000000082500000|100%|HC|  |TAMS 0x0000000082500000, 0x0000000082500000| Complete 
|  37|0x0000000082500000, 0x0000000082600000, 0x0000000082600000|100%|HC|  |TAMS 0x0000000082600000, 0x0000000082600000| Complete 
|  38|0x0000000082600000, 0x0000000082700000, 0x0000000082700000|100%|HC|  |TAMS 0x0000000082700000, 0x0000000082700000| Complete 
|  39|0x0000000082700000, 0x0000000082800000, 0x0000000082800000|100%|HC|  |TAMS 0x0000000082800000, 0x0000000082800000| Complete 
|  40|0x0000000082800000, 0x0000000082900000, 0x0000000082900000|100%|HC|  |TAMS 0x0000000082900000, 0x0000000082900000| Complete 
|  41|0x0000000082900000, 0x0000000082a00000, 0x0000000082a00000|100%|HC|  |TAMS 0x0000000082a00000, 0x0000000082a00000| Complete 
|  42|0x0000000082a00000, 0x0000000082b00000, 0x0000000082b00000|100%|HC|  |TAMS 0x0000000082b00000, 0x0000000082b00000| Complete 
|  43|0x0000000082b00000, 0x0000000082c00000, 0x0000000082c00000|100%|HS|  |TAMS 0x0000000082c00000, 0x0000000082c00000| Complete 
|  44|0x0000000082c00000, 0x0000000082d00000, 0x0000000082d00000|100%|HC|  |TAMS 0x0000000082d00000, 0x0000000082d00000| Complete 
|  45|0x0000000082d00000, 0x0000000082e00000, 0x0000000082e00000|100%| O|  |TAMS 0x0000000082e00000, 0x0000000082e00000| Untracked 
|  46|0x0000000082e00000, 0x0000000082f00000, 0x0000000082f00000|100%| O|  |TAMS 0x0000000082f00000, 0x0000000082f00000| Untracked 
|  47|0x0000000082f00000, 0x0000000083000000, 0x0000000083000000|100%| O|  |TAMS 0x0000000083000000, 0x0000000083000000| Untracked 
|  48|0x0000000083000000, 0x0000000083100000, 0x0000000083100000|100%| O|  |TAMS 0x0000000083100000, 0x0000000083100000| Untracked 
|  49|0x0000000083100000, 0x0000000083200000, 0x0000000083200000|100%|HS|  |TAMS 0x0000000083100000, 0x0000000083100000| Complete 
|  50|0x0000000083200000, 0x0000000083300000, 0x0000000083300000|100%| O|  |TAMS 0x0000000083300000, 0x0000000083300000| Untracked 
|  51|0x0000000083300000, 0x0000000083400000, 0x0000000083400000|100%| O|  |TAMS 0x0000000083400000, 0x0000000083400000| Untracked 
|  52|0x0000000083400000, 0x0000000083500000, 0x0000000083500000|100%| O|  |TAMS 0x0000000083500000, 0x0000000083500000| Untracked 
|  53|0x0000000083500000, 0x0000000083600000, 0x0000000083600000|100%| O|  |TAMS 0x0000000083600000, 0x0000000083600000| Untracked 
|  54|0x0000000083600000, 0x0000000083700000, 0x0000000083700000|100%| O|  |TAMS 0x0000000083700000, 0x0000000083700000| Untracked 
|  55|0x0000000083700000, 0x0000000083800000, 0x0000000083800000|100%| O|  |TAMS 0x000000008372c400, 0x0000000083800000| Untracked 
|  56|0x0000000083800000, 0x0000000083900000, 0x0000000083900000|100%| O|  |TAMS 0x0000000083800000, 0x0000000083900000| Untracked 
|  57|0x0000000083900000, 0x000000008393ce00, 0x0000000083a00000| 23%| O|  |TAMS 0x0000000083900000, 0x000000008393ce00| Untracked 
|  58|0x0000000083a00000, 0x0000000083b00000, 0x0000000083b00000|100%|HS|  |TAMS 0x0000000083a00000, 0x0000000083a00000| Complete 
|  59|0x0000000083b00000, 0x0000000083b00000, 0x0000000083c00000|  0%| F|  |TAMS 0x0000000083b00000, 0x0000000083b00000| Untracked 
|  60|0x0000000083c00000, 0x0000000083d00000, 0x0000000083d00000|100%| O|  |TAMS 0x0000000083c00000, 0x0000000083d00000| Untracked 
|  61|0x0000000083d00000, 0x0000000083e00000, 0x0000000083e00000|100%|HS|  |TAMS 0x0000000083d00000, 0x0000000083d00000| Complete 
|  62|0x0000000083e00000, 0x0000000083f00000, 0x0000000083f00000|100%|HC|  |TAMS 0x0000000083e00000, 0x0000000083e00000| Complete 
|  63|0x0000000083f00000, 0x0000000084000000, 0x0000000084000000|100%|HC|  |TAMS 0x0000000083f00000, 0x0000000083f00000| Complete 
|  64|0x0000000084000000, 0x0000000084000000, 0x0000000084100000|  0%| F|  |TAMS 0x0000000084000000, 0x0000000084000000| Untracked 
|  65|0x0000000084100000, 0x0000000084100000, 0x0000000084200000|  0%| F|  |TAMS 0x0000000084100000, 0x0000000084100000| Untracked 
|  66|0x0000000084200000, 0x0000000084200000, 0x0000000084300000|  0%| F|  |TAMS 0x0000000084200000, 0x0000000084200000| Untracked 
|  67|0x0000000084300000, 0x0000000084300000, 0x0000000084400000|  0%| F|  |TAMS 0x0000000084300000, 0x0000000084300000| Untracked 
|  68|0x0000000084400000, 0x0000000084400000, 0x0000000084500000|  0%| F|  |TAMS 0x0000000084400000, 0x0000000084400000| Untracked 
|  69|0x0000000084500000, 0x0000000084500000, 0x0000000084600000|  0%| F|  |TAMS 0x0000000084500000, 0x0000000084500000| Untracked 
|  70|0x0000000084600000, 0x0000000084600000, 0x0000000084700000|  0%| F|  |TAMS 0x0000000084600000, 0x0000000084600000| Untracked 
|  71|0x0000000084700000, 0x0000000084700000, 0x0000000084800000|  0%| F|  |TAMS 0x0000000084700000, 0x0000000084700000| Untracked 
|  72|0x0000000084800000, 0x0000000084800000, 0x0000000084900000|  0%| F|  |TAMS 0x0000000084800000, 0x0000000084800000| Untracked 
|  73|0x0000000084900000, 0x0000000084900000, 0x0000000084a00000|  0%| F|  |TAMS 0x0000000084900000, 0x0000000084900000| Untracked 
|  74|0x0000000084a00000, 0x0000000084a00000, 0x0000000084b00000|  0%| F|  |TAMS 0x0000000084a00000, 0x0000000084a00000| Untracked 
|  75|0x0000000084b00000, 0x0000000084b00000, 0x0000000084c00000|  0%| F|  |TAMS 0x0000000084b00000, 0x0000000084b00000| Untracked 
|  76|0x0000000084c00000, 0x0000000084c00000, 0x0000000084d00000|  0%| F|  |TAMS 0x0000000084c00000, 0x0000000084c00000| Untracked 
|  77|0x0000000084d00000, 0x0000000084d00000, 0x0000000084e00000|  0%| F|  |TAMS 0x0000000084d00000, 0x0000000084d00000| Untracked 
|  78|0x0000000084e00000, 0x0000000084e00000, 0x0000000084f00000|  0%| F|  |TAMS 0x0000000084e00000, 0x0000000084e00000| Untracked 
|  79|0x0000000084f00000, 0x0000000084f00000, 0x0000000085000000|  0%| F|  |TAMS 0x0000000084f00000, 0x0000000084f00000| Untracked 
|  80|0x0000000085000000, 0x0000000085000000, 0x0000000085100000|  0%| F|  |TAMS 0x0000000085000000, 0x0000000085000000| Untracked 
|  81|0x0000000085100000, 0x0000000085100000, 0x0000000085200000|  0%| F|  |TAMS 0x0000000085100000, 0x0000000085100000| Untracked 
|  82|0x0000000085200000, 0x0000000085200000, 0x0000000085300000|  0%| F|  |TAMS 0x0000000085200000, 0x0000000085200000| Untracked 
|  83|0x0000000085300000, 0x0000000085300000, 0x0000000085400000|  0%| F|  |TAMS 0x0000000085300000, 0x0000000085300000| Untracked 
|  84|0x0000000085400000, 0x0000000085400000, 0x0000000085500000|  0%| F|  |TAMS 0x0000000085400000, 0x0000000085400000| Untracked 
|  85|0x0000000085500000, 0x0000000085500000, 0x0000000085600000|  0%| F|  |TAMS 0x0000000085500000, 0x0000000085500000| Untracked 
|  86|0x0000000085600000, 0x0000000085600000, 0x0000000085700000|  0%| F|  |TAMS 0x0000000085600000, 0x0000000085600000| Untracked 
|  87|0x0000000085700000, 0x0000000085700000, 0x0000000085800000|  0%| F|  |TAMS 0x0000000085700000, 0x0000000085700000| Untracked 
|  88|0x0000000085800000, 0x0000000085800000, 0x0000000085900000|  0%| F|  |TAMS 0x0000000085800000, 0x0000000085800000| Untracked 
|  89|0x0000000085900000, 0x0000000085900000, 0x0000000085a00000|  0%| F|  |TAMS 0x0000000085900000, 0x0000000085900000| Untracked 
|  90|0x0000000085a00000, 0x0000000085a00000, 0x0000000085b00000|  0%| F|  |TAMS 0x0000000085a00000, 0x0000000085a00000| Untracked 
|  91|0x0000000085b00000, 0x0000000085b278d8, 0x0000000085c00000| 15%| S|CS|TAMS 0x0000000085b00000, 0x0000000085b00000| Complete 
|  92|0x0000000085c00000, 0x0000000085d00000, 0x0000000085d00000|100%| S|CS|TAMS 0x0000000085c00000, 0x0000000085c00000| Complete 
|  93|0x0000000085d00000, 0x0000000085e00000, 0x0000000085e00000|100%| S|CS|TAMS 0x0000000085d00000, 0x0000000085d00000| Complete 
|  94|0x0000000085e00000, 0x0000000085e00000, 0x0000000085f00000|  0%| F|  |TAMS 0x0000000085e00000, 0x0000000085e00000| Untracked 
|  95|0x0000000085f00000, 0x0000000085f00000, 0x0000000086000000|  0%| F|  |TAMS 0x0000000085f00000, 0x0000000085f00000| Untracked 
|  96|0x0000000086000000, 0x0000000086000000, 0x0000000086100000|  0%| F|  |TAMS 0x0000000086000000, 0x0000000086000000| Untracked 
|  97|0x0000000086100000, 0x0000000086100000, 0x0000000086200000|  0%| F|  |TAMS 0x0000000086100000, 0x0000000086100000| Untracked 
|  98|0x0000000086200000, 0x0000000086200000, 0x0000000086300000|  0%| F|  |TAMS 0x0000000086200000, 0x0000000086200000| Untracked 
|  99|0x0000000086300000, 0x0000000086300000, 0x0000000086400000|  0%| F|  |TAMS 0x0000000086300000, 0x0000000086300000| Untracked 
| 100|0x0000000086400000, 0x0000000086400000, 0x0000000086500000|  0%| F|  |TAMS 0x0000000086400000, 0x0000000086400000| Untracked 
| 101|0x0000000086500000, 0x0000000086500000, 0x0000000086600000|  0%| F|  |TAMS 0x0000000086500000, 0x0000000086500000| Untracked 
| 102|0x0000000086600000, 0x0000000086600000, 0x0000000086700000|  0%| F|  |TAMS 0x0000000086600000, 0x0000000086600000| Untracked 
| 103|0x0000000086700000, 0x0000000086700000, 0x0000000086800000|  0%| F|  |TAMS 0x0000000086700000, 0x0000000086700000| Untracked 
| 104|0x0000000086800000, 0x0000000086800000, 0x0000000086900000|  0%| F|  |TAMS 0x0000000086800000, 0x0000000086800000| Untracked 
| 105|0x0000000086900000, 0x0000000086900000, 0x0000000086a00000|  0%| F|  |TAMS 0x0000000086900000, 0x0000000086900000| Untracked 
| 106|0x0000000086a00000, 0x0000000086a00000, 0x0000000086b00000|  0%| F|  |TAMS 0x0000000086a00000, 0x0000000086a00000| Untracked 
| 107|0x0000000086b00000, 0x0000000086b00000, 0x0000000086c00000|  0%| F|  |TAMS 0x0000000086b00000, 0x0000000086b00000| Untracked 
| 108|0x0000000086c00000, 0x0000000086c00000, 0x0000000086d00000|  0%| F|  |TAMS 0x0000000086c00000, 0x0000000086c00000| Untracked 
| 109|0x0000000086d00000, 0x0000000086d00000, 0x0000000086e00000|  0%| F|  |TAMS 0x0000000086d00000, 0x0000000086d00000| Untracked 
| 110|0x0000000086e00000, 0x0000000086e00000, 0x0000000086f00000|  0%| F|  |TAMS 0x0000000086e00000, 0x0000000086e00000| Untracked 
| 111|0x0000000086f00000, 0x0000000086f00000, 0x0000000087000000|  0%| F|  |TAMS 0x0000000086f00000, 0x0000000086f00000| Untracked 
| 112|0x0000000087000000, 0x0000000087000000, 0x0000000087100000|  0%| F|  |TAMS 0x0000000087000000, 0x0000000087000000| Untracked 
| 113|0x0000000087100000, 0x0000000087100000, 0x0000000087200000|  0%| F|  |TAMS 0x0000000087100000, 0x0000000087100000| Untracked 
| 114|0x0000000087200000, 0x0000000087200000, 0x0000000087300000|  0%| F|  |TAMS 0x0000000087200000, 0x0000000087200000| Untracked 
| 115|0x0000000087300000, 0x0000000087300000, 0x0000000087400000|  0%| F|  |TAMS 0x0000000087300000, 0x0000000087300000| Untracked 
| 116|0x0000000087400000, 0x0000000087400000, 0x0000000087500000|  0%| F|  |TAMS 0x0000000087400000, 0x0000000087400000| Untracked 
| 117|0x0000000087500000, 0x0000000087500000, 0x0000000087600000|  0%| F|  |TAMS 0x0000000087500000, 0x0000000087500000| Untracked 
| 118|0x0000000087600000, 0x0000000087600000, 0x0000000087700000|  0%| F|  |TAMS 0x0000000087600000, 0x0000000087600000| Untracked 
| 119|0x0000000087700000, 0x0000000087700000, 0x0000000087800000|  0%| F|  |TAMS 0x0000000087700000, 0x0000000087700000| Untracked 
| 120|0x0000000087800000, 0x0000000087800000, 0x0000000087900000|  0%| F|  |TAMS 0x0000000087800000, 0x0000000087800000| Untracked 
| 121|0x0000000087900000, 0x0000000087900000, 0x0000000087a00000|  0%| F|  |TAMS 0x0000000087900000, 0x0000000087900000| Untracked 
| 122|0x0000000087a00000, 0x0000000087a00000, 0x0000000087b00000|  0%| F|  |TAMS 0x0000000087a00000, 0x0000000087a00000| Untracked 
| 123|0x0000000087b00000, 0x0000000087b00000, 0x0000000087c00000|  0%| F|  |TAMS 0x0000000087b00000, 0x0000000087b00000| Untracked 
| 124|0x0000000087c00000, 0x0000000087c00000, 0x0000000087d00000|  0%| F|  |TAMS 0x0000000087c00000, 0x0000000087c00000| Untracked 
| 125|0x0000000087d00000, 0x0000000087d00000, 0x0000000087e00000|  0%| F|  |TAMS 0x0000000087d00000, 0x0000000087d00000| Untracked 
| 126|0x0000000087e00000, 0x0000000087e00000, 0x0000000087f00000|  0%| F|  |TAMS 0x0000000087e00000, 0x0000000087e00000| Untracked 
| 127|0x0000000087f00000, 0x0000000087f00000, 0x0000000088000000|  0%| F|  |TAMS 0x0000000087f00000, 0x0000000087f00000| Untracked 
| 128|0x0000000088000000, 0x0000000088000000, 0x0000000088100000|  0%| F|  |TAMS 0x0000000088000000, 0x0000000088000000| Untracked 
| 129|0x0000000088100000, 0x0000000088100000, 0x0000000088200000|  0%| F|  |TAMS 0x0000000088100000, 0x0000000088100000| Untracked 
| 130|0x0000000088200000, 0x0000000088200000, 0x0000000088300000|  0%| F|  |TAMS 0x0000000088200000, 0x0000000088200000| Untracked 
| 131|0x0000000088300000, 0x0000000088300000, 0x0000000088400000|  0%| F|  |TAMS 0x0000000088300000, 0x0000000088300000| Untracked 
| 132|0x0000000088400000, 0x0000000088400000, 0x0000000088500000|  0%| F|  |TAMS 0x0000000088400000, 0x0000000088400000| Untracked 
| 133|0x0000000088500000, 0x0000000088500000, 0x0000000088600000|  0%| F|  |TAMS 0x0000000088500000, 0x0000000088500000| Untracked 
| 134|0x0000000088600000, 0x0000000088600000, 0x0000000088700000|  0%| F|  |TAMS 0x0000000088600000, 0x0000000088600000| Untracked 
| 135|0x0000000088700000, 0x0000000088700000, 0x0000000088800000|  0%| F|  |TAMS 0x0000000088700000, 0x0000000088700000| Untracked 
| 136|0x0000000088800000, 0x0000000088800000, 0x0000000088900000|  0%| F|  |TAMS 0x0000000088800000, 0x0000000088800000| Untracked 
| 137|0x0000000088900000, 0x0000000088900000, 0x0000000088a00000|  0%| F|  |TAMS 0x0000000088900000, 0x0000000088900000| Untracked 
| 138|0x0000000088a00000, 0x0000000088a00000, 0x0000000088b00000|  0%| F|  |TAMS 0x0000000088a00000, 0x0000000088a00000| Untracked 
| 139|0x0000000088b00000, 0x0000000088b00000, 0x0000000088c00000|  0%| F|  |TAMS 0x0000000088b00000, 0x0000000088b00000| Untracked 
| 140|0x0000000088c00000, 0x0000000088c00000, 0x0000000088d00000|  0%| F|  |TAMS 0x0000000088c00000, 0x0000000088c00000| Untracked 
| 141|0x0000000088d00000, 0x0000000088d00000, 0x0000000088e00000|  0%| F|  |TAMS 0x0000000088d00000, 0x0000000088d00000| Untracked 
| 142|0x0000000088e00000, 0x0000000088e00000, 0x0000000088f00000|  0%| F|  |TAMS 0x0000000088e00000, 0x0000000088e00000| Untracked 
| 143|0x0000000088f00000, 0x0000000088f00000, 0x0000000089000000|  0%| F|  |TAMS 0x0000000088f00000, 0x0000000088f00000| Untracked 
| 144|0x0000000089000000, 0x0000000089000000, 0x0000000089100000|  0%| F|  |TAMS 0x0000000089000000, 0x0000000089000000| Untracked 
| 145|0x0000000089100000, 0x0000000089100000, 0x0000000089200000|  0%| F|  |TAMS 0x0000000089100000, 0x0000000089100000| Untracked 
| 146|0x0000000089200000, 0x0000000089200000, 0x0000000089300000|  0%| F|  |TAMS 0x0000000089200000, 0x0000000089200000| Untracked 
| 147|0x0000000089300000, 0x0000000089300000, 0x0000000089400000|  0%| F|  |TAMS 0x0000000089300000, 0x0000000089300000| Untracked 
| 148|0x0000000089400000, 0x0000000089400000, 0x0000000089500000|  0%| F|  |TAMS 0x0000000089400000, 0x0000000089400000| Untracked 
| 149|0x0000000089500000, 0x0000000089500000, 0x0000000089600000|  0%| F|  |TAMS 0x0000000089500000, 0x0000000089500000| Untracked 
| 150|0x0000000089600000, 0x0000000089600000, 0x0000000089700000|  0%| F|  |TAMS 0x0000000089600000, 0x0000000089600000| Untracked 
| 151|0x0000000089700000, 0x0000000089700000, 0x0000000089800000|  0%| F|  |TAMS 0x0000000089700000, 0x0000000089700000| Untracked 
| 152|0x0000000089800000, 0x0000000089800000, 0x0000000089900000|  0%| F|  |TAMS 0x0000000089800000, 0x0000000089800000| Untracked 
| 153|0x0000000089900000, 0x0000000089900000, 0x0000000089a00000|  0%| F|  |TAMS 0x0000000089900000, 0x0000000089900000| Untracked 
| 154|0x0000000089a00000, 0x0000000089a00000, 0x0000000089b00000|  0%| F|  |TAMS 0x0000000089a00000, 0x0000000089a00000| Untracked 
| 155|0x0000000089b00000, 0x0000000089b00000, 0x0000000089c00000|  0%| F|  |TAMS 0x0000000089b00000, 0x0000000089b00000| Untracked 
| 156|0x0000000089c00000, 0x0000000089c00000, 0x0000000089d00000|  0%| F|  |TAMS 0x0000000089c00000, 0x0000000089c00000| Untracked 
| 157|0x0000000089d00000, 0x0000000089d00000, 0x0000000089e00000|  0%| F|  |TAMS 0x0000000089d00000, 0x0000000089d00000| Untracked 
| 158|0x0000000089e00000, 0x0000000089e00000, 0x0000000089f00000|  0%| F|  |TAMS 0x0000000089e00000, 0x0000000089e00000| Untracked 
| 159|0x0000000089f00000, 0x0000000089f00000, 0x000000008a000000|  0%| F|  |TAMS 0x0000000089f00000, 0x0000000089f00000| Untracked 
| 160|0x000000008a000000, 0x000000008a000000, 0x000000008a100000|  0%| F|  |TAMS 0x000000008a000000, 0x000000008a000000| Untracked 
| 161|0x000000008a100000, 0x000000008a100000, 0x000000008a200000|  0%| F|  |TAMS 0x000000008a100000, 0x000000008a100000| Untracked 
| 162|0x000000008a200000, 0x000000008a200000, 0x000000008a300000|  0%| F|  |TAMS 0x000000008a200000, 0x000000008a200000| Untracked 
| 163|0x000000008a300000, 0x000000008a300000, 0x000000008a400000|  0%| F|  |TAMS 0x000000008a300000, 0x000000008a300000| Untracked 
| 164|0x000000008a400000, 0x000000008a400000, 0x000000008a500000|  0%| F|  |TAMS 0x000000008a400000, 0x000000008a400000| Untracked 
| 165|0x000000008a500000, 0x000000008a500000, 0x000000008a600000|  0%| F|  |TAMS 0x000000008a500000, 0x000000008a500000| Untracked 
| 166|0x000000008a600000, 0x000000008a600000, 0x000000008a700000|  0%| F|  |TAMS 0x000000008a600000, 0x000000008a600000| Untracked 
| 167|0x000000008a700000, 0x000000008a700000, 0x000000008a800000|  0%| F|  |TAMS 0x000000008a700000, 0x000000008a700000| Untracked 
| 168|0x000000008a800000, 0x000000008a800000, 0x000000008a900000|  0%| F|  |TAMS 0x000000008a800000, 0x000000008a800000| Untracked 
| 169|0x000000008a900000, 0x000000008a900000, 0x000000008aa00000|  0%| F|  |TAMS 0x000000008a900000, 0x000000008a900000| Untracked 
| 170|0x000000008aa00000, 0x000000008aa00000, 0x000000008ab00000|  0%| F|  |TAMS 0x000000008aa00000, 0x000000008aa00000| Untracked 
| 171|0x000000008ab00000, 0x000000008ab00000, 0x000000008ac00000|  0%| F|  |TAMS 0x000000008ab00000, 0x000000008ab00000| Untracked 
| 172|0x000000008ac00000, 0x000000008ac00000, 0x000000008ad00000|  0%| F|  |TAMS 0x000000008ac00000, 0x000000008ac00000| Untracked 
| 173|0x000000008ad00000, 0x000000008ad00000, 0x000000008ae00000|  0%| F|  |TAMS 0x000000008ad00000, 0x000000008ad00000| Untracked 
| 174|0x000000008ae00000, 0x000000008ae00000, 0x000000008af00000|  0%| F|  |TAMS 0x000000008ae00000, 0x000000008ae00000| Untracked 
| 175|0x000000008af00000, 0x000000008af00000, 0x000000008b000000|  0%| F|  |TAMS 0x000000008af00000, 0x000000008af00000| Untracked 
| 176|0x000000008b000000, 0x000000008b000000, 0x000000008b100000|  0%| F|  |TAMS 0x000000008b000000, 0x000000008b000000| Untracked 
| 177|0x000000008b100000, 0x000000008b100000, 0x000000008b200000|  0%| F|  |TAMS 0x000000008b100000, 0x000000008b100000| Untracked 
| 178|0x000000008b200000, 0x000000008b200000, 0x000000008b300000|  0%| F|  |TAMS 0x000000008b200000, 0x000000008b200000| Untracked 
| 179|0x000000008b300000, 0x000000008b300000, 0x000000008b400000|  0%| F|  |TAMS 0x000000008b300000, 0x000000008b300000| Untracked 
| 180|0x000000008b400000, 0x000000008b400000, 0x000000008b500000|  0%| F|  |TAMS 0x000000008b400000, 0x000000008b400000| Untracked 
| 181|0x000000008b500000, 0x000000008b500000, 0x000000008b600000|  0%| F|  |TAMS 0x000000008b500000, 0x000000008b500000| Untracked 
| 182|0x000000008b600000, 0x000000008b600000, 0x000000008b700000|  0%| F|  |TAMS 0x000000008b600000, 0x000000008b600000| Untracked 
| 183|0x000000008b700000, 0x000000008b700000, 0x000000008b800000|  0%| F|  |TAMS 0x000000008b700000, 0x000000008b700000| Untracked 
| 184|0x000000008b800000, 0x000000008b800000, 0x000000008b900000|  0%| F|  |TAMS 0x000000008b800000, 0x000000008b800000| Untracked 
| 185|0x000000008b900000, 0x000000008b900000, 0x000000008ba00000|  0%| F|  |TAMS 0x000000008b900000, 0x000000008b900000| Untracked 
| 186|0x000000008ba00000, 0x000000008ba00000, 0x000000008bb00000|  0%| F|  |TAMS 0x000000008ba00000, 0x000000008ba00000| Untracked 
| 187|0x000000008bb00000, 0x000000008bb00000, 0x000000008bc00000|  0%| F|  |TAMS 0x000000008bb00000, 0x000000008bb00000| Untracked 
| 188|0x000000008bc00000, 0x000000008bc00000, 0x000000008bd00000|  0%| F|  |TAMS 0x000000008bc00000, 0x000000008bc00000| Untracked 
| 189|0x000000008bd00000, 0x000000008bd00000, 0x000000008be00000|  0%| F|  |TAMS 0x000000008bd00000, 0x000000008bd00000| Untracked 
| 190|0x000000008be00000, 0x000000008be00000, 0x000000008bf00000|  0%| F|  |TAMS 0x000000008be00000, 0x000000008be00000| Untracked 
| 191|0x000000008bf00000, 0x000000008bf00000, 0x000000008c000000|  0%| F|  |TAMS 0x000000008bf00000, 0x000000008bf00000| Untracked 
| 192|0x000000008c000000, 0x000000008c000000, 0x000000008c100000|  0%| F|  |TAMS 0x000000008c000000, 0x000000008c000000| Untracked 
| 193|0x000000008c100000, 0x000000008c100000, 0x000000008c200000|  0%| F|  |TAMS 0x000000008c100000, 0x000000008c100000| Untracked 
| 194|0x000000008c200000, 0x000000008c200000, 0x000000008c300000|  0%| F|  |TAMS 0x000000008c200000, 0x000000008c200000| Untracked 
| 195|0x000000008c300000, 0x000000008c300000, 0x000000008c400000|  0%| F|  |TAMS 0x000000008c300000, 0x000000008c300000| Untracked 
| 196|0x000000008c400000, 0x000000008c400000, 0x000000008c500000|  0%| F|  |TAMS 0x000000008c400000, 0x000000008c400000| Untracked 
| 197|0x000000008c500000, 0x000000008c500000, 0x000000008c600000|  0%| F|  |TAMS 0x000000008c500000, 0x000000008c500000| Untracked 
| 198|0x000000008c600000, 0x000000008c600000, 0x000000008c700000|  0%| F|  |TAMS 0x000000008c600000, 0x000000008c600000| Untracked 
| 199|0x000000008c700000, 0x000000008c700000, 0x000000008c800000|  0%| F|  |TAMS 0x000000008c700000, 0x000000008c700000| Untracked 
| 200|0x000000008c800000, 0x000000008c800000, 0x000000008c900000|  0%| F|  |TAMS 0x000000008c800000, 0x000000008c800000| Untracked 
| 201|0x000000008c900000, 0x000000008c900000, 0x000000008ca00000|  0%| F|  |TAMS 0x000000008c900000, 0x000000008c900000| Untracked 
| 202|0x000000008ca00000, 0x000000008ca00000, 0x000000008cb00000|  0%| F|  |TAMS 0x000000008ca00000, 0x000000008ca00000| Untracked 
| 203|0x000000008cb00000, 0x000000008cb00000, 0x000000008cc00000|  0%| F|  |TAMS 0x000000008cb00000, 0x000000008cb00000| Untracked 
| 204|0x000000008cc00000, 0x000000008cc00000, 0x000000008cd00000|  0%| F|  |TAMS 0x000000008cc00000, 0x000000008cc00000| Untracked 
| 205|0x000000008cd00000, 0x000000008cd00000, 0x000000008ce00000|  0%| F|  |TAMS 0x000000008cd00000, 0x000000008cd00000| Untracked 
| 206|0x000000008ce00000, 0x000000008ce00000, 0x000000008cf00000|  0%| F|  |TAMS 0x000000008ce00000, 0x000000008ce00000| Untracked 
| 207|0x000000008cf00000, 0x000000008cf00000, 0x000000008d000000|  0%| F|  |TAMS 0x000000008cf00000, 0x000000008cf00000| Untracked 
| 208|0x000000008d000000, 0x000000008d080800, 0x000000008d100000| 50%| E|  |TAMS 0x000000008d000000, 0x000000008d000000| Complete 
| 209|0x000000008d100000, 0x000000008d200000, 0x000000008d200000|100%| E|CS|TAMS 0x000000008d100000, 0x000000008d100000| Complete 
| 210|0x000000008d200000, 0x000000008d300000, 0x000000008d300000|100%| E|CS|TAMS 0x000000008d200000, 0x000000008d200000| Complete 
| 211|0x000000008d300000, 0x000000008d400000, 0x000000008d400000|100%| E|CS|TAMS 0x000000008d300000, 0x000000008d300000| Complete 
| 212|0x000000008d400000, 0x000000008d500000, 0x000000008d500000|100%| E|CS|TAMS 0x000000008d400000, 0x000000008d400000| Complete 
| 213|0x000000008d500000, 0x000000008d600000, 0x000000008d600000|100%| E|CS|TAMS 0x000000008d500000, 0x000000008d500000| Complete 
| 214|0x000000008d600000, 0x000000008d700000, 0x000000008d700000|100%| E|CS|TAMS 0x000000008d600000, 0x000000008d600000| Complete 
| 215|0x000000008d700000, 0x000000008d800000, 0x000000008d800000|100%| E|CS|TAMS 0x000000008d700000, 0x000000008d700000| Complete 
| 216|0x000000008d800000, 0x000000008d900000, 0x000000008d900000|100%| E|CS|TAMS 0x000000008d800000, 0x000000008d800000| Complete 
| 217|0x000000008d900000, 0x000000008da00000, 0x000000008da00000|100%| E|CS|TAMS 0x000000008d900000, 0x000000008d900000| Complete 
| 218|0x000000008da00000, 0x000000008db00000, 0x000000008db00000|100%| E|CS|TAMS 0x000000008da00000, 0x000000008da00000| Complete 
| 219|0x000000008db00000, 0x000000008dc00000, 0x000000008dc00000|100%| E|CS|TAMS 0x000000008db00000, 0x000000008db00000| Complete 
| 220|0x000000008dc00000, 0x000000008dd00000, 0x000000008dd00000|100%| E|CS|TAMS 0x000000008dc00000, 0x000000008dc00000| Complete 
| 221|0x000000008dd00000, 0x000000008de00000, 0x000000008de00000|100%| E|CS|TAMS 0x000000008dd00000, 0x000000008dd00000| Complete 
| 222|0x000000008de00000, 0x000000008df00000, 0x000000008df00000|100%| E|CS|TAMS 0x000000008de00000, 0x000000008de00000| Complete 
| 223|0x000000008df00000, 0x000000008e000000, 0x000000008e000000|100%| E|CS|TAMS 0x000000008df00000, 0x000000008df00000| Complete 
| 224|0x000000008e000000, 0x000000008e100000, 0x000000008e100000|100%| E|CS|TAMS 0x000000008e000000, 0x000000008e000000| Complete 
| 225|0x000000008e100000, 0x000000008e200000, 0x000000008e200000|100%| E|CS|TAMS 0x000000008e100000, 0x000000008e100000| Complete 
| 226|0x000000008e200000, 0x000000008e300000, 0x000000008e300000|100%| E|CS|TAMS 0x000000008e200000, 0x000000008e200000| Complete 
| 227|0x000000008e300000, 0x000000008e400000, 0x000000008e400000|100%| E|CS|TAMS 0x000000008e300000, 0x000000008e300000| Complete 
| 228|0x000000008e400000, 0x000000008e500000, 0x000000008e500000|100%| E|CS|TAMS 0x000000008e400000, 0x000000008e400000| Complete 
| 229|0x000000008e500000, 0x000000008e600000, 0x000000008e600000|100%| E|CS|TAMS 0x000000008e500000, 0x000000008e500000| Complete 
| 230|0x000000008e600000, 0x000000008e700000, 0x000000008e700000|100%| E|CS|TAMS 0x000000008e600000, 0x000000008e600000| Complete 
| 231|0x000000008e700000, 0x000000008e800000, 0x000000008e800000|100%| E|CS|TAMS 0x000000008e700000, 0x000000008e700000| Complete 
| 232|0x000000008e800000, 0x000000008e900000, 0x000000008e900000|100%| E|CS|TAMS 0x000000008e800000, 0x000000008e800000| Complete 
| 233|0x000000008e900000, 0x000000008ea00000, 0x000000008ea00000|100%| E|CS|TAMS 0x000000008e900000, 0x000000008e900000| Complete 
| 234|0x000000008ea00000, 0x000000008eb00000, 0x000000008eb00000|100%| E|CS|TAMS 0x000000008ea00000, 0x000000008ea00000| Complete 
| 235|0x000000008eb00000, 0x000000008ec00000, 0x000000008ec00000|100%| E|CS|TAMS 0x000000008eb00000, 0x000000008eb00000| Complete 
| 236|0x000000008ec00000, 0x000000008ed00000, 0x000000008ed00000|100%| E|CS|TAMS 0x000000008ec00000, 0x000000008ec00000| Complete 
| 237|0x000000008ed00000, 0x000000008ee00000, 0x000000008ee00000|100%| E|CS|TAMS 0x000000008ed00000, 0x000000008ed00000| Complete 
| 238|0x000000008ee00000, 0x000000008ef00000, 0x000000008ef00000|100%| E|CS|TAMS 0x000000008ee00000, 0x000000008ee00000| Complete 
| 239|0x000000008ef00000, 0x000000008f000000, 0x000000008f000000|100%| E|CS|TAMS 0x000000008ef00000, 0x000000008ef00000| Complete 
| 240|0x000000008f000000, 0x000000008f100000, 0x000000008f100000|100%| E|CS|TAMS 0x000000008f000000, 0x000000008f000000| Complete 
| 241|0x000000008f100000, 0x000000008f200000, 0x000000008f200000|100%| E|CS|TAMS 0x000000008f100000, 0x000000008f100000| Complete 
| 242|0x000000008f200000, 0x000000008f300000, 0x000000008f300000|100%| E|CS|TAMS 0x000000008f200000, 0x000000008f200000| Complete 
| 243|0x000000008f300000, 0x000000008f400000, 0x000000008f400000|100%| E|CS|TAMS 0x000000008f300000, 0x000000008f300000| Complete 
| 244|0x000000008f400000, 0x000000008f500000, 0x000000008f500000|100%| E|CS|TAMS 0x000000008f400000, 0x000000008f400000| Complete 
| 245|0x000000008f500000, 0x000000008f600000, 0x000000008f600000|100%| E|CS|TAMS 0x000000008f500000, 0x000000008f500000| Complete 
| 246|0x000000008f600000, 0x000000008f700000, 0x000000008f700000|100%| E|CS|TAMS 0x000000008f600000, 0x000000008f600000| Complete 
| 247|0x000000008f700000, 0x000000008f800000, 0x000000008f800000|100%| E|CS|TAMS 0x000000008f700000, 0x000000008f700000| Complete 
| 248|0x000000008f800000, 0x000000008f900000, 0x000000008f900000|100%| E|CS|TAMS 0x000000008f800000, 0x000000008f800000| Complete 
| 249|0x000000008f900000, 0x000000008fa00000, 0x000000008fa00000|100%| E|CS|TAMS 0x000000008f900000, 0x000000008f900000| Complete 
| 250|0x000000008fa00000, 0x000000008fb00000, 0x000000008fb00000|100%| E|CS|TAMS 0x000000008fa00000, 0x000000008fa00000| Complete 
| 251|0x000000008fb00000, 0x000000008fc00000, 0x000000008fc00000|100%| E|CS|TAMS 0x000000008fb00000, 0x000000008fb00000| Complete 
| 252|0x000000008fc00000, 0x000000008fd00000, 0x000000008fd00000|100%| E|CS|TAMS 0x000000008fc00000, 0x000000008fc00000| Complete 
| 253|0x000000008fd00000, 0x000000008fe00000, 0x000000008fe00000|100%| E|CS|TAMS 0x000000008fd00000, 0x000000008fd00000| Complete 
| 254|0x000000008fe00000, 0x000000008ff00000, 0x000000008ff00000|100%| E|CS|TAMS 0x000000008fe00000, 0x000000008fe00000| Complete 
| 255|0x000000008ff00000, 0x0000000090000000, 0x0000000090000000|100%| E|CS|TAMS 0x000000008ff00000, 0x000000008ff00000| Complete 
| 256|0x0000000090000000, 0x0000000090100000, 0x0000000090100000|100%| E|CS|TAMS 0x0000000090000000, 0x0000000090000000| Complete 
| 257|0x0000000090100000, 0x0000000090200000, 0x0000000090200000|100%| E|CS|TAMS 0x0000000090100000, 0x0000000090100000| Complete 
| 258|0x0000000090200000, 0x0000000090300000, 0x0000000090300000|100%| E|CS|TAMS 0x0000000090200000, 0x0000000090200000| Complete 
| 259|0x0000000090300000, 0x0000000090400000, 0x0000000090400000|100%| E|CS|TAMS 0x0000000090300000, 0x0000000090300000| Complete 
| 260|0x0000000090400000, 0x0000000090500000, 0x0000000090500000|100%| E|CS|TAMS 0x0000000090400000, 0x0000000090400000| Complete 
| 261|0x0000000090500000, 0x0000000090600000, 0x0000000090600000|100%| E|CS|TAMS 0x0000000090500000, 0x0000000090500000| Complete 
| 262|0x0000000090600000, 0x0000000090700000, 0x0000000090700000|100%| E|CS|TAMS 0x0000000090600000, 0x0000000090600000| Complete 
| 263|0x0000000090700000, 0x0000000090800000, 0x0000000090800000|100%| E|CS|TAMS 0x0000000090700000, 0x0000000090700000| Complete 
| 264|0x0000000090800000, 0x0000000090900000, 0x0000000090900000|100%| E|CS|TAMS 0x0000000090800000, 0x0000000090800000| Complete 
| 265|0x0000000090900000, 0x0000000090a00000, 0x0000000090a00000|100%| E|CS|TAMS 0x0000000090900000, 0x0000000090900000| Complete 
| 266|0x0000000090a00000, 0x0000000090b00000, 0x0000000090b00000|100%| E|CS|TAMS 0x0000000090a00000, 0x0000000090a00000| Complete 
| 267|0x0000000090b00000, 0x0000000090c00000, 0x0000000090c00000|100%| E|CS|TAMS 0x0000000090b00000, 0x0000000090b00000| Complete 
| 268|0x0000000090c00000, 0x0000000090d00000, 0x0000000090d00000|100%| E|CS|TAMS 0x0000000090c00000, 0x0000000090c00000| Complete 

Card table byte_map: [0x000001e2ed030000,0x000001e2ed430000] _byte_map_base: 0x000001e2ecc30000

Marking Bits (Prev, Next): (CMBitMap*) 0x000001e2d8719fe0, (CMBitMap*) 0x000001e2d871a020
 Prev Bits: [0x000001e2ed830000, 0x000001e2ef830000)
 Next Bits: [0x000001e2ef830000, 0x000001e2f1830000)

Polling page: 0x000001e2d8590000

Metaspace:

Usage:
  Non-class:     45.27 MB used.
      Class:      7.02 MB used.
       Both:     52.29 MB used.

Virtual space:
  Non-class space:       64.00 MB reserved,      45.56 MB ( 71%) committed,  1 nodes.
      Class space:        1.00 GB reserved,       7.25 MB ( <1%) committed,  1 nodes.
             Both:        1.06 GB reserved,      52.81 MB (  5%) committed. 

Chunk freelists:
   Non-Class:  1.51 MB
       Class:  8.66 MB
        Both:  10.17 MB

MaxMetaspaceSize: unlimited
CompressedClassSpaceSize: 1.00 GB
Initial GC threshold: 21.00 MB
Current GC threshold: 72.00 MB
CDS: off
MetaspaceReclaimPolicy: balanced
 - commit_granule_bytes: 65536.
 - commit_granule_words: 8192.
 - virtual_space_node_default_size: 8388608.
 - enlarge_chunks_in_place: 1.
 - new_chunks_are_fully_committed: 0.
 - uncommit_free_chunks: 1.
 - use_allocation_guard: 0.
 - handle_deallocations: 1.


Internal statistics:

num_allocs_failed_limit: 3.
num_arena_births: 630.
num_arena_deaths: 0.
num_vsnodes_births: 2.
num_vsnodes_deaths: 0.
num_space_committed: 845.
num_space_uncommitted: 0.
num_chunks_returned_to_freelist: 3.
num_chunks_taken_from_freelist: 2427.
num_chunk_merges: 3.
num_chunk_splits: 1562.
num_chunks_enlarged: 1026.
num_inconsistent_stats: 0.

CodeHeap 'non-profiled nmethods': size=120000Kb used=2805Kb max_used=2805Kb free=117194Kb
 bounds [0x000001e2e5700000, 0x000001e2e59c0000, 0x000001e2ecc30000]
CodeHeap 'profiled nmethods': size=120000Kb used=10118Kb max_used=10118Kb free=109881Kb
 bounds [0x000001e2ddc30000, 0x000001e2de620000, 0x000001e2e5160000]
CodeHeap 'non-nmethods': size=5760Kb used=2310Kb max_used=2353Kb free=3449Kb
 bounds [0x000001e2e5160000, 0x000001e2e53d0000, 0x000001e2e5700000]
 total_blobs=5673 nmethods=4848 adapters=737
 compilation: enabled
              stopped_count=0, restarted_count=0
 full_count=0

Compilation events (20 events):
Event: 11.946 Thread 0x000001e2f8049460 4830       3       groovyjarjarasm.asm.MethodWriter::visitLabel (328 bytes)
Event: 11.947 Thread 0x000001e2f8049460 nmethod 4830 0x000001e2de5f5710 code [0x000001e2de5f5980, 0x000001e2de5f66e8]
Event: 11.953 Thread 0x000001e2f8049460 4832   !   3       com.sun.beans.util.Cache::get (256 bytes)
Event: 11.956 Thread 0x000001e2f8049460 nmethod 4832 0x000001e2de5f6990 code [0x000001e2de5f6ce0, 0x000001e2de5f81f8]
Event: 11.956 Thread 0x000001e2f8049460 4833   !   3       com.sun.beans.introspect.ClassInfo::getMethods (47 bytes)
Event: 11.956 Thread 0x000001e2f8049460 nmethod 4833 0x000001e2de5f8e90 code [0x000001e2de5f9040, 0x000001e2de5f9348]
Event: 11.957 Thread 0x000001e2f8049460 4834       3       org.gradle.internal.classloader.TransformReplacer::ensureOpened (18 bytes)
Event: 11.957 Thread 0x000001e2f8049460 nmethod 4834 0x000001e2de5f9490 code [0x000001e2de5f9640, 0x000001e2de5f9868]
Event: 11.964 Thread 0x000001e2f8049460 4835       3       java.lang.invoke.MethodHandles::makeIdentity (23 bytes)
Event: 11.966 Thread 0x000001e2f8049460 nmethod 4835 0x000001e2de5f9990 code [0x000001e2de5f9c00, 0x000001e2de5fa5a8]
Event: 11.966 Thread 0x000001e2f8049460 4836       3       java.lang.invoke.BoundMethodHandle::editor (8 bytes)
Event: 11.966 Thread 0x000001e2f8049460 nmethod 4836 0x000001e2de5fa990 code [0x000001e2de5fab60, 0x000001e2de5faee8]
Event: 11.974 Thread 0x000001e2f8049460 4837       3       org.gradle.internal.service.DefaultServiceRegistry::get (44 bytes)
Event: 11.975 Thread 0x000001e2f8049460 nmethod 4837 0x000001e2de5fb090 code [0x000001e2de5fb3a0, 0x000001e2de5fc4e8]
Event: 11.988 Thread 0x000001e2f8049460 4838       3       org.gradle.api.internal.classpath.DefaultModuleRegistry::findJar (192 bytes)
Event: 11.990 Thread 0x000001e2f8049460 nmethod 4838 0x000001e2de5fcb10 code [0x000001e2de5fcea0, 0x000001e2de5fe2a8]
Event: 11.992 Thread 0x000001e2f8049460 4839       3       java.lang.invoke.SimpleMethodHandle::speciesData (4 bytes)
Event: 11.992 Thread 0x000001e2f8049460 nmethod 4839 0x000001e2de5fea10 code [0x000001e2de5feba0, 0x000001e2de5fecb8]
Event: 11.992 Thread 0x000001e2f8049460 4840       3       java.lang.invoke.SimpleMethodHandle::copyWithExtendL (7 bytes)
Event: 11.992 Thread 0x000001e2f8049460 nmethod 4840 0x000001e2de5fed90 code [0x000001e2de5fef40, 0x000001e2de5ff0e8]

GC Heap History (20 events):
Event: 6.423 GC heap before
{Heap before GC invocations=11 (full 0):
 garbage-first heap   total 81920K, used 55377K [0x0000000080000000, 0x0000000100000000)
  region size 1024K, 11 young (11264K), 2 survivors (2048K)
 Metaspace       used 30892K, committed 31232K, reserved 1114112K
  class space    used 4215K, committed 4416K, reserved 1048576K
}
Event: 6.426 GC heap after
{Heap after GC invocations=12 (full 0):
 garbage-first heap   total 81920K, used 49378K [0x0000000080000000, 0x0000000100000000)
  region size 1024K, 2 young (2048K), 2 survivors (2048K)
 Metaspace       used 30892K, committed 31232K, reserved 1114112K
  class space    used 4215K, committed 4416K, reserved 1048576K
}
Event: 6.757 GC heap before
{Heap before GC invocations=12 (full 0):
 garbage-first heap   total 81920K, used 61666K [0x0000000080000000, 0x0000000100000000)
  region size 1024K, 15 young (15360K), 2 survivors (2048K)
 Metaspace       used 32499K, committed 32896K, reserved 1114112K
  class space    used 4479K, committed 4672K, reserved 1048576K
}
Event: 6.763 GC heap after
{Heap after GC invocations=13 (full 0):
 garbage-first heap   total 81920K, used 50072K [0x0000000080000000, 0x0000000100000000)
  region size 1024K, 1 young (1024K), 1 survivors (1024K)
 Metaspace       used 32499K, committed 32896K, reserved 1114112K
  class space    used 4479K, committed 4672K, reserved 1048576K
}
Event: 7.196 GC heap before
{Heap before GC invocations=14 (full 0):
 garbage-first heap   total 89088K, used 63384K [0x0000000080000000, 0x0000000100000000)
  region size 1024K, 14 young (14336K), 1 survivors (1024K)
 Metaspace       used 34184K, committed 34560K, reserved 1114112K
  class space    used 4737K, committed 4928K, reserved 1048576K
}
Event: 7.201 GC heap after
{Heap after GC invocations=15 (full 0):
 garbage-first heap   total 89088K, used 50589K [0x0000000080000000, 0x0000000100000000)
  region size 1024K, 2 young (2048K), 2 survivors (2048K)
 Metaspace       used 34184K, committed 34560K, reserved 1114112K
  class space    used 4737K, committed 4928K, reserved 1048576K
}
Event: 7.752 GC heap before
{Heap before GC invocations=15 (full 0):
 garbage-first heap   total 89088K, used 67997K [0x0000000080000000, 0x0000000100000000)
  region size 1024K, 20 young (20480K), 2 survivors (2048K)
 Metaspace       used 37112K, committed 37504K, reserved 1114112K
  class space    used 5181K, committed 5376K, reserved 1048576K
}
Event: 7.757 GC heap after
{Heap after GC invocations=16 (full 0):
 garbage-first heap   total 107520K, used 51756K [0x0000000080000000, 0x0000000100000000)
  region size 1024K, 3 young (3072K), 3 survivors (3072K)
 Metaspace       used 37112K, committed 37504K, reserved 1114112K
  class space    used 5181K, committed 5376K, reserved 1048576K
}
Event: 8.648 GC heap before
{Heap before GC invocations=17 (full 0):
 garbage-first heap   total 107520K, used 81452K [0x0000000080000000, 0x0000000100000000)
  region size 1024K, 33 young (33792K), 3 survivors (3072K)
 Metaspace       used 42512K, committed 42944K, reserved 1114112K
  class space    used 5699K, committed 5888K, reserved 1048576K
}
Event: 8.663 GC heap after
{Heap after GC invocations=18 (full 0):
 garbage-first heap   total 107520K, used 55622K [0x0000000080000000, 0x0000000100000000)
  region size 1024K, 5 young (5120K), 5 survivors (5120K)
 Metaspace       used 42512K, committed 42944K, reserved 1114112K
  class space    used 5699K, committed 5888K, reserved 1048576K
}
Event: 8.668 GC heap before
{Heap before GC invocations=18 (full 0):
 garbage-first heap   total 107520K, used 56646K [0x0000000080000000, 0x0000000100000000)
  region size 1024K, 6 young (6144K), 5 survivors (5120K)
 Metaspace       used 42512K, committed 42944K, reserved 1114112K
  class space    used 5699K, committed 5888K, reserved 1048576K
}
Event: 8.678 GC heap after
{Heap after GC invocations=19 (full 0):
 garbage-first heap   total 107520K, used 56177K [0x0000000080000000, 0x0000000100000000)
  region size 1024K, 1 young (1024K), 1 survivors (1024K)
 Metaspace       used 42512K, committed 42944K, reserved 1114112K
  class space    used 5699K, committed 5888K, reserved 1048576K
}
Event: 8.894 GC heap before
{Heap before GC invocations=19 (full 0):
 garbage-first heap   total 107520K, used 67441K [0x0000000080000000, 0x0000000100000000)
  region size 1024K, 14 young (14336K), 1 survivors (1024K)
 Metaspace       used 42985K, committed 43392K, reserved 1114112K
  class space    used 5745K, committed 5888K, reserved 1048576K
}
Event: 8.898 GC heap after
{Heap after GC invocations=20 (full 0):
 garbage-first heap   total 107520K, used 57663K [0x0000000080000000, 0x0000000100000000)
  region size 1024K, 3 young (3072K), 3 survivors (3072K)
 Metaspace       used 42985K, committed 43392K, reserved 1114112K
  class space    used 5745K, committed 5888K, reserved 1048576K
}
Event: 9.701 GC heap before
{Heap before GC invocations=21 (full 0):
 garbage-first heap   total 111616K, used 89407K [0x0000000080000000, 0x0000000100000000)
  region size 1024K, 29 young (29696K), 3 survivors (3072K)
 Metaspace       used 46897K, committed 47360K, reserved 1114112K
  class space    used 6229K, committed 6464K, reserved 1048576K
}
Event: 9.708 GC heap after
{Heap after GC invocations=22 (full 0):
 garbage-first heap   total 111616K, used 59007K [0x0000000080000000, 0x0000000100000000)
  region size 1024K, 2 young (2048K), 2 survivors (2048K)
 Metaspace       used 46897K, committed 47360K, reserved 1114112K
  class space    used 6229K, committed 6464K, reserved 1048576K
}
Event: 9.783 GC heap before
{Heap before GC invocations=22 (full 0):
 garbage-first heap   total 111616K, used 62079K [0x0000000080000000, 0x0000000100000000)
  region size 1024K, 5 young (5120K), 2 survivors (2048K)
 Metaspace       used 47246K, committed 47680K, reserved 1114112K
  class space    used 6286K, committed 6528K, reserved 1048576K
}
Event: 9.790 GC heap after
{Heap after GC invocations=23 (full 0):
 garbage-first heap   total 111616K, used 58769K [0x0000000080000000, 0x0000000100000000)
  region size 1024K, 1 young (1024K), 1 survivors (1024K)
 Metaspace       used 47246K, committed 47680K, reserved 1114112K
  class space    used 6286K, committed 6528K, reserved 1048576K
}
Event: 10.286 GC heap before
{Heap before GC invocations=23 (full 0):
 garbage-first heap   total 111616K, used 72081K [0x0000000080000000, 0x0000000100000000)
  region size 1024K, 15 young (15360K), 1 survivors (1024K)
 Metaspace       used 48021K, committed 48512K, reserved 1114112K
  class space    used 6405K, committed 6656K, reserved 1048576K
}
Event: 10.296 GC heap after
{Heap after GC invocations=24 (full 0):
 garbage-first heap   total 275456K, used 60671K [0x0000000080000000, 0x0000000100000000)
  region size 1024K, 3 young (3072K), 3 survivors (3072K)
 Metaspace       used 48021K, committed 48512K, reserved 1114112K
  class space    used 6405K, committed 6656K, reserved 1048576K
}

Dll operation events (3 events):
Event: 0.021 Loaded shared library C:\Program Files\Android\Android Studio1\jbr\bin\java.dll
Event: 0.252 Loaded shared library C:\Program Files\Android\Android Studio1\jbr\bin\zip.dll
Event: 0.688 Loaded shared library C:\Program Files\Android\Android Studio1\jbr\bin\verify.dll

Deoptimization events (20 events):
Event: 11.673 Thread 0x000001e2f9c53640 DEOPT PACKING pc=0x000001e2e5916310 sp=0x000000ac5a3f8910
Event: 11.673 Thread 0x000001e2f9c53640 DEOPT UNPACKING pc=0x000001e2e51b69a3 sp=0x000000ac5a3f88d0 mode 2
Event: 11.674 Thread 0x000001e2f9c53640 Uncommon trap: trap_request=0xffffffde fr.pc=0x000001e2e592088c relative=0x0000000000001a6c
Event: 11.674 Thread 0x000001e2f9c53640 Uncommon trap: reason=class_check action=maybe_recompile pc=0x000001e2e592088c method=jdk.internal.loader.Resource.getBytes()[B @ 10 c2
Event: 11.674 Thread 0x000001e2f9c53640 DEOPT PACKING pc=0x000001e2e592088c sp=0x000000ac5a3f8760
Event: 11.674 Thread 0x000001e2f9c53640 DEOPT UNPACKING pc=0x000001e2e51b69a3 sp=0x000000ac5a3f8778 mode 2
Event: 11.682 Thread 0x000001e2f9c53640 Uncommon trap: trap_request=0xffffffde fr.pc=0x000001e2e58de9e4 relative=0x0000000000005564
Event: 11.682 Thread 0x000001e2f9c53640 Uncommon trap: reason=class_check action=maybe_recompile pc=0x000001e2e58de9e4 method=jdk.internal.loader.URLClassPath.getLoader(I)Ljdk/internal/loader/URLClassPath$Loader; @ 190 c2
Event: 11.682 Thread 0x000001e2f9c53640 DEOPT PACKING pc=0x000001e2e58de9e4 sp=0x000000ac5a3f86f0
Event: 11.682 Thread 0x000001e2f9c53640 DEOPT UNPACKING pc=0x000001e2e51b69a3 sp=0x000000ac5a3f8710 mode 2
Event: 11.682 Thread 0x000001e2f9c53640 Uncommon trap: trap_request=0xffffffde fr.pc=0x000001e2e5916310 relative=0x00000000000004f0
Event: 11.682 Thread 0x000001e2f9c53640 Uncommon trap: reason=class_check action=maybe_recompile pc=0x000001e2e5916310 method=jdk.internal.loader.URLClassPath.getResource(Ljava/lang/String;Z)Ljdk/internal/loader/Resource; @ 53 c2
Event: 11.682 Thread 0x000001e2f9c53640 DEOPT PACKING pc=0x000001e2e5916310 sp=0x000000ac5a3f87e0
Event: 11.682 Thread 0x000001e2f9c53640 DEOPT UNPACKING pc=0x000001e2e51b69a3 sp=0x000000ac5a3f87a0 mode 2
Event: 11.683 Thread 0x000001e2f9c53640 Uncommon trap: trap_request=0xffffffde fr.pc=0x000001e2e592088c relative=0x0000000000001a6c
Event: 11.683 Thread 0x000001e2f9c53640 Uncommon trap: reason=class_check action=maybe_recompile pc=0x000001e2e592088c method=jdk.internal.loader.Resource.getBytes()[B @ 10 c2
Event: 11.683 Thread 0x000001e2f9c53640 DEOPT PACKING pc=0x000001e2e592088c sp=0x000000ac5a3f8630
Event: 11.683 Thread 0x000001e2f9c53640 DEOPT UNPACKING pc=0x000001e2e51b69a3 sp=0x000000ac5a3f8648 mode 2
Event: 11.816 Thread 0x000001e2f9c53640 DEOPT PACKING pc=0x000001e2ddfd0d1b sp=0x000000ac5a3f8dd0
Event: 11.816 Thread 0x000001e2f9c53640 DEOPT UNPACKING pc=0x000001e2e51b7143 sp=0x000000ac5a3f8240 mode 0

Classes unloaded (0 events):
No events

Classes redefined (0 events):
No events

Internal exceptions (20 events):
Event: 11.148 Thread 0x000001e2f9c53640 Exception <a 'java/lang/NoSuchMethodError'{0x000000008f62add8}: 'java.lang.Object java.lang.invoke.DirectMethodHandle$Holder.invokeStatic(java.lang.Object, java.lang.Object, java.lang.Object, java.lang.Object, java.lang.Object, java.lang.Object, java.lang.Object, java.lang.Object, java.lang.Object, java.lang.Object, java.lang.Object, java.lang.Object, java.lang.Object, java.lang.Object, java.lang.Object, java.lang.Object, java.lang.Object)'> (0x000000008f62add8) 
thrown [s\src\hotspot\share\interpreter\lin
Event: 11.153 Thread 0x000001e2f9c53640 Exception <a 'java/lang/NoSuchMethodError'{0x000000008f654180}: 'java.lang.Object java.lang.invoke.DirectMethodHandle$Holder.invokeStatic(java.lang.Object, java.lang.Object, java.lang.Object, java.lang.Object, java.lang.Object, java.lang.Object, java.lang.Object, java.lang.Object, java.lang.Object, java.lang.Object, java.lang.Object, java.lang.Object, java.lang.Object, java.lang.Object, java.lang.Object, java.lang.Object, java.lang.Object, java.lang.Object)'> (0x000000008f654180) 
thrown [s\src\hotspot\sha
Event: 11.162 Thread 0x000001e2f9c53640 Exception <a 'java/lang/NoSuchMethodError'{0x000000008f67e660}: 'java.lang.Object java.lang.invoke.DirectMethodHandle$Holder.invokeStatic(java.lang.Object, java.lang.Object, java.lang.Object, java.lang.Object, java.lang.Object, java.lang.Object, java.lang.Object, java.lang.Object, java.lang.Object, java.lang.Object, java.lang.Object, java.lang.Object, java.lang.Object, java.lang.Object, java.lang.Object, java.lang.Object, java.lang.Object, java.lang.Object, java.lang.Object)'> (0x000000008f67e660) 
thrown 
Event: 11.166 Thread 0x000001e2f9c53640 Exception <a 'java/lang/NoSuchMethodError'{0x000000008f6a9cf8}: 'java.lang.Object java.lang.invoke.DirectMethodHandle$Holder.invokeStatic(java.lang.Object, java.lang.Object, java.lang.Object, java.lang.Object, java.lang.Object, java.lang.Object, java.lang.Object, java.lang.Object, java.lang.Object, java.lang.Object, java.lang.Object, java.lang.Object, java.lang.Object, java.lang.Object, java.lang.Object, java.lang.Object, java.lang.Object, java.lang.Object, java.lang.Object, java.lang.Object)'> (0x00000000
Event: 11.170 Thread 0x000001e2f9c53640 Exception <a 'java/lang/NoSuchMethodError'{0x000000008f6d6008}: 'java.lang.Object java.lang.invoke.DirectMethodHandle$Holder.invokeStatic(java.lang.Object, java.lang.Object, java.lang.Object, java.lang.Object, java.lang.Object, java.lang.Object, java.lang.Object, java.lang.Object, java.lang.Object, java.lang.Object, java.lang.Object, java.lang.Object, java.lang.Object, java.lang.Object, java.lang.Object, java.lang.Object, java.lang.Object, java.lang.Object, java.lang.Object, java.lang.Object, java.lang.Obj
Event: 11.174 Thread 0x000001e2f9c53640 Exception <a 'java/lang/NoSuchMethodError'{0x000000008f503da0}: 'java.lang.Object java.lang.invoke.DirectMethodHandle$Holder.invokeStatic(java.lang.Object, java.lang.Object, java.lang.Object, java.lang.Object, java.lang.Object, java.lang.Object, java.lang.Object, java.lang.Object, java.lang.Object, java.lang.Object, java.lang.Object, java.lang.Object, java.lang.Object, java.lang.Object, java.lang.Object, java.lang.Object, java.lang.Object, java.lang.Object, java.lang.Object, java.lang.Object, java.lang.Obj
Event: 11.180 Thread 0x000001e2f9c53640 Exception <a 'java/lang/NoSuchMethodError'{0x000000008f531c80}: 'java.lang.Object java.lang.invoke.DirectMethodHandle$Holder.invokeStatic(java.lang.Object, java.lang.Object, java.lang.Object, java.lang.Object, java.lang.Object, java.lang.Object, java.lang.Object, java.lang.Object, java.lang.Object, java.lang.Object, java.lang.Object, java.lang.Object, java.lang.Object, java.lang.Object, java.lang.Object, java.lang.Object, java.lang.Object, java.lang.Object, java.lang.Object, java.lang.Object, java.lang.Obj
Event: 11.187 Thread 0x000001e2f9c53640 Exception <a 'java/lang/NoSuchMethodError'{0x000000008f5617c8}: 'java.lang.Object java.lang.invoke.DirectMethodHandle$Holder.invokeStatic(java.lang.Object, java.lang.Object, java.lang.Object, java.lang.Object, java.lang.Object, java.lang.Object, java.lang.Object, java.lang.Object, java.lang.Object, java.lang.Object, java.lang.Object, java.lang.Object, java.lang.Object, java.lang.Object, java.lang.Object, java.lang.Object, java.lang.Object, java.lang.Object, java.lang.Object, java.lang.Object, java.lang.Obj
Event: 11.193 Thread 0x000001e2f9c53640 Exception <a 'java/lang/NoSuchMethodError'{0x000000008f593030}: 'java.lang.Object java.lang.invoke.DirectMethodHandle$Holder.invokeStatic(java.lang.Object, java.lang.Object, java.lang.Object, java.lang.Object, java.lang.Object, java.lang.Object, java.lang.Object, java.lang.Object, java.lang.Object, java.lang.Object, java.lang.Object, java.lang.Object, java.lang.Object, java.lang.Object, java.lang.Object, java.lang.Object, java.lang.Object, java.lang.Object, java.lang.Object, java.lang.Object, java.lang.Obj
Event: 11.415 Thread 0x000001e2f9c53640 Exception <a 'java/lang/IncompatibleClassChangeError'{0x000000008e9fb818}: Found class java.lang.Object, but interface was expected> (0x000000008e9fb818) 
thrown [s\src\hotspot\share\interpreter\linkResolver.cpp, line 838]
Event: 11.520 Thread 0x000001e2f9c53640 Exception <a 'java/lang/IncompatibleClassChangeError'{0x000000008e7ddf58}: Found class java.lang.Object, but interface was expected> (0x000000008e7ddf58) 
thrown [s\src\hotspot\share\interpreter\linkResolver.cpp, line 838]
Event: 11.533 Thread 0x000001e2f9c53640 Exception <a 'java/lang/NoSuchMethodError'{0x000000008e66bf48}: 'void java.lang.invoke.DirectMethodHandle$Holder.invokeStatic(java.lang.Object, java.lang.Object, java.lang.Object, java.lang.Object, java.lang.Object, java.lang.Object)'> (0x000000008e66bf48) 
thrown [s\src\hotspot\share\interpreter\linkResolver.cpp, line 771]
Event: 11.561 Thread 0x000001e2f9c53640 Exception <a 'java/lang/NoSuchMethodError'{0x000000008e586280}: 'int java.lang.invoke.DirectMethodHandle$Holder.invokeStaticInit(java.lang.Object, java.lang.Object, java.lang.Object, java.lang.Object, java.lang.Object)'> (0x000000008e586280) 
thrown [s\src\hotspot\share\interpreter\linkResolver.cpp, line 771]
Event: 11.766 Thread 0x000001e2f9c53640 Exception <a 'java/lang/IncompatibleClassChangeError'{0x000000008dd42238}: Found class java.lang.Object, but interface was expected> (0x000000008dd42238) 
thrown [s\src\hotspot\share\interpreter\linkResolver.cpp, line 838]
Event: 11.937 Thread 0x000001e2f9c53640 Exception <a 'java/lang/ClassNotFoundException'{0x000000008d948b78}: org/jetbrains/plugins/gradle/model/web/WebConfigurationBeanInfo> (0x000000008d948b78) 
thrown [s\src\hotspot\share\classfile\systemDictionary.cpp, line 256]
Event: 11.938 Thread 0x000001e2f9c53640 Exception <a 'java/lang/ClassNotFoundException'{0x000000008d951160}: org/jetbrains/plugins/gradle/model/web/WebConfigurationCustomizer> (0x000000008d951160) 
thrown [s\src\hotspot\share\classfile\systemDictionary.cpp, line 256]
Event: 11.943 Thread 0x000001e2f9c53640 Exception <a 'java/lang/ClassNotFoundException'{0x000000008d9755f8}: org/jetbrains/plugins/gradle/model/scala/ScalaModelBeanInfo> (0x000000008d9755f8) 
thrown [s\src\hotspot\share\classfile\systemDictionary.cpp, line 256]
Event: 11.944 Thread 0x000001e2f9c53640 Exception <a 'java/lang/ClassNotFoundException'{0x000000008d97db40}: org/jetbrains/plugins/gradle/model/scala/ScalaModelCustomizer> (0x000000008d97db40) 
thrown [s\src\hotspot\share\classfile\systemDictionary.cpp, line 256]
Event: 11.952 Thread 0x000001e2f9c53640 Exception <a 'java/lang/ClassNotFoundException'{0x000000008d9b91e8}: org/jetbrains/plugins/gradle/model/DependencyAccessorsModelBeanInfo> (0x000000008d9b91e8) 
thrown [s\src\hotspot\share\classfile\systemDictionary.cpp, line 256]
Event: 11.953 Thread 0x000001e2f9c53640 Exception <a 'java/lang/ClassNotFoundException'{0x000000008d9c17f8}: org/jetbrains/plugins/gradle/model/DependencyAccessorsModelCustomizer> (0x000000008d9c17f8) 
thrown [s\src\hotspot\share\classfile\systemDictionary.cpp, line 256]

VM Operations (20 events):
Event: 8.962 Executing VM operation: G1Concurrent
Event: 8.966 Executing VM operation: G1Concurrent done
Event: 9.007 Executing VM operation: G1Concurrent
Event: 9.007 Executing VM operation: G1Concurrent done
Event: 9.105 Executing VM operation: HandshakeAllThreads
Event: 9.105 Executing VM operation: HandshakeAllThreads done
Event: 9.111 Executing VM operation: HandshakeAllThreads
Event: 9.111 Executing VM operation: HandshakeAllThreads done
Event: 9.325 Executing VM operation: HandshakeAllThreads
Event: 9.325 Executing VM operation: HandshakeAllThreads done
Event: 9.701 Executing VM operation: G1CollectForAllocation
Event: 9.708 Executing VM operation: G1CollectForAllocation done
Event: 9.783 Executing VM operation: G1CollectForAllocation
Event: 9.790 Executing VM operation: G1CollectForAllocation done
Event: 10.286 Executing VM operation: G1TryInitiateConcMark
Event: 10.296 Executing VM operation: G1TryInitiateConcMark done
Event: 11.297 Executing VM operation: Cleanup
Event: 11.298 Executing VM operation: Cleanup done
Event: 11.421 Executing VM operation: HandshakeAllThreads
Event: 11.421 Executing VM operation: HandshakeAllThreads done

Events (20 events):
Event: 11.498 loading class java/util/stream/ReduceOps$5ReducingSink done
Event: 11.498 loading class java/util/stream/ReferencePipeline$4$1
Event: 11.499 loading class java/util/stream/ReferencePipeline$4$1 done
Event: 11.597 loading class jdk/internal/loader/URLClassPath$FileLoader
Event: 11.597 loading class jdk/internal/loader/URLClassPath$FileLoader done
Event: 11.599 loading class jdk/internal/loader/URLClassPath$FileLoader$1
Event: 11.599 loading class jdk/internal/loader/URLClassPath$FileLoader$1 done
Event: 11.661 loading class java/util/concurrent/atomic/AtomicReferenceFieldUpdater
Event: 11.662 loading class java/util/concurrent/atomic/AtomicReferenceFieldUpdater done
Event: 11.662 loading class java/util/concurrent/atomic/AtomicReferenceFieldUpdater$AtomicReferenceFieldUpdaterImpl
Event: 11.662 loading class java/util/concurrent/atomic/AtomicReferenceFieldUpdater$AtomicReferenceFieldUpdaterImpl done
Event: 11.662 loading class java/util/concurrent/atomic/AtomicReferenceFieldUpdater$AtomicReferenceFieldUpdaterImpl$1
Event: 11.662 loading class java/util/concurrent/atomic/AtomicReferenceFieldUpdater$AtomicReferenceFieldUpdaterImpl$1 done
Event: 11.810 loading class jdk/internal/math/FDBigInteger
Event: 11.812 loading class jdk/internal/math/FDBigInteger done
Event: 11.838 loading class java/util/zip/GZIPOutputStream
Event: 11.838 loading class java/util/zip/GZIPOutputStream done
Event: 11.838 loading class java/util/zip/GZIPInputStream
Event: 11.838 loading class java/util/zip/GZIPInputStream done
Event: 11.977 Thread 0x000001e2f9b7ddd0 Thread added: 0x000001e2f9b7ddd0


Dynamic libraries:
0x00007ff7ddf20000 - 0x00007ff7ddf2a000 	C:\Program Files\Android\Android Studio1\jbr\bin\java.exe
0x00007ff841eb0000 - 0x00007ff8420a8000 	C:\WINDOWS\SYSTEM32\ntdll.dll
0x00007ff841d50000 - 0x00007ff841e0d000 	C:\WINDOWS\System32\KERNEL32.DLL
0x00007ff83f870000 - 0x00007ff83fb66000 	C:\WINDOWS\System32\KERNELBASE.dll
0x00007ff83f580000 - 0x00007ff83f680000 	C:\WINDOWS\System32\ucrtbase.dll
0x00007ff82d4b0000 - 0x00007ff82d4c7000 	C:\Program Files\Android\Android Studio1\jbr\bin\jli.dll
0x00007ff841550000 - 0x00007ff8416ee000 	C:\WINDOWS\System32\USER32.dll
0x00007ff83f840000 - 0x00007ff83f862000 	C:\WINDOWS\System32\win32u.dll
0x00007ff840700000 - 0x00007ff84072c000 	C:\WINDOWS\System32\GDI32.dll
0x00007ff83f680000 - 0x00007ff83f79a000 	C:\WINDOWS\System32\gdi32full.dll
0x00007ff83f7a0000 - 0x00007ff83f83d000 	C:\WINDOWS\System32\msvcp_win.dll
0x00007ff82e7c0000 - 0x00007ff82e7db000 	C:\Program Files\Android\Android Studio1\jbr\bin\VCRUNTIME140.dll
0x00007ff831d30000 - 0x00007ff831fca000 	C:\WINDOWS\WinSxS\amd64_microsoft.windows.common-controls_6595b64144ccf1df_6.0.19041.3636_none_60b6a03d71f818d5\COMCTL32.dll
0x00007ff8418a0000 - 0x00007ff84193e000 	C:\WINDOWS\System32\msvcrt.dll
0x00007ff840c60000 - 0x00007ff840c90000 	C:\WINDOWS\System32\IMM32.DLL
0x00007ff833060000 - 0x00007ff83306c000 	C:\Program Files\Android\Android Studio1\jbr\bin\vcruntime140_1.dll
0x00007ff80dd00000 - 0x00007ff80dd8d000 	C:\Program Files\Android\Android Studio1\jbr\bin\msvcp140.dll
0x00007ffffc2c0000 - 0x00007ffffcf40000 	C:\Program Files\Android\Android Studio1\jbr\bin\server\jvm.dll
0x00007ff840210000 - 0x00007ff8402c3000 	C:\WINDOWS\System32\ADVAPI32.dll
0x00007ff8404b0000 - 0x00007ff84054f000 	C:\WINDOWS\System32\sechost.dll
0x00007ff8400e0000 - 0x00007ff840206000 	C:\WINDOWS\System32\RPCRT4.dll
0x00007ff83fd80000 - 0x00007ff83fda7000 	C:\WINDOWS\System32\bcrypt.dll
0x00007ff82c200000 - 0x00007ff82c209000 	C:\WINDOWS\SYSTEM32\WSOCK32.dll
0x00007ff8414e0000 - 0x00007ff84154b000 	C:\WINDOWS\System32\WS2_32.dll
0x00007ff837a70000 - 0x00007ff837a97000 	C:\WINDOWS\SYSTEM32\WINMM.dll
0x00007ff837d70000 - 0x00007ff837d7a000 	C:\WINDOWS\SYSTEM32\VERSION.dll
0x00007ff83d430000 - 0x00007ff83d442000 	C:\WINDOWS\SYSTEM32\kernel.appcore.dll
0x00007ff838b70000 - 0x00007ff838b7a000 	C:\Program Files\Android\Android Studio1\jbr\bin\jimage.dll
0x00007ff82ccc0000 - 0x00007ff82cea4000 	C:\WINDOWS\SYSTEM32\DBGHELP.DLL
0x00007ff82cc50000 - 0x00007ff82cc84000 	C:\WINDOWS\SYSTEM32\dbgcore.DLL
0x00007ff83fe70000 - 0x00007ff83fef2000 	C:\WINDOWS\System32\bcryptPrimitives.dll
0x00007ff832830000 - 0x00007ff83283e000 	C:\Program Files\Android\Android Studio1\jbr\bin\instrument.dll
0x00007ff8332f0000 - 0x00007ff833315000 	C:\Program Files\Android\Android Studio1\jbr\bin\java.dll
0x00007ff8330f0000 - 0x00007ff833108000 	C:\Program Files\Android\Android Studio1\jbr\bin\zip.dll
0x00007ff840d90000 - 0x00007ff8414d5000 	C:\WINDOWS\System32\SHELL32.dll
0x00007ff83d630000 - 0x00007ff83ddcb000 	C:\WINDOWS\SYSTEM32\windows.storage.dll
0x00007ff8419f0000 - 0x00007ff841d44000 	C:\WINDOWS\System32\combase.dll
0x00007ff83efb0000 - 0x00007ff83efdd000 	C:\WINDOWS\SYSTEM32\Wldp.dll
0x00007ff841940000 - 0x00007ff8419ed000 	C:\WINDOWS\System32\SHCORE.dll
0x00007ff841e10000 - 0x00007ff841e65000 	C:\WINDOWS\System32\shlwapi.dll
0x00007ff83f4b0000 - 0x00007ff83f4d5000 	C:\WINDOWS\SYSTEM32\profapi.dll
0x00007ff82d900000 - 0x00007ff82d919000 	C:\Program Files\Android\Android Studio1\jbr\bin\net.dll
0x00007ff836b90000 - 0x00007ff836c9a000 	C:\WINDOWS\SYSTEM32\WINHTTP.dll
0x00007ff83ed10000 - 0x00007ff83ed7a000 	C:\WINDOWS\system32\mswsock.dll
0x00007ff82d5a0000 - 0x00007ff82d5b6000 	C:\Program Files\Android\Android Studio1\jbr\bin\nio.dll
0x00007ff833150000 - 0x00007ff833160000 	C:\Program Files\Android\Android Studio1\jbr\bin\verify.dll
0x00007ff815d10000 - 0x00007ff815d37000 	C:\Users\COMBATIENTE\.gradle\native\68d5fa5c4cc2d200863cafc0d521ce42e7d3e7ee720ec0a83991735586a16f82\windows-amd64\native-platform.dll
0x00007ff80d0b0000 - 0x00007ff80d1f4000 	C:\Users\COMBATIENTE\.gradle\native\e376f236ea51e6404a007f0833ffe2c6e607c4080706a723a18a27aeea778392\windows-amd64\native-platform-file-events.dll
0x00007ff833070000 - 0x00007ff833079000 	C:\Program Files\Android\Android Studio1\jbr\bin\management.dll
0x00007ff8328c0000 - 0x00007ff8328cb000 	C:\Program Files\Android\Android Studio1\jbr\bin\management_ext.dll
0x00007ff840370000 - 0x00007ff840378000 	C:\WINDOWS\System32\PSAPI.DLL
0x00007ff83ef00000 - 0x00007ff83ef18000 	C:\WINDOWS\SYSTEM32\CRYPTSP.dll
0x00007ff83e5d0000 - 0x00007ff83e604000 	C:\WINDOWS\system32\rsaenh.dll
0x00007ff83f430000 - 0x00007ff83f45e000 	C:\WINDOWS\SYSTEM32\USERENV.dll
0x00007ff83ef20000 - 0x00007ff83ef2c000 	C:\WINDOWS\SYSTEM32\CRYPTBASE.dll
0x00007ff83e9b0000 - 0x00007ff83e9eb000 	C:\WINDOWS\SYSTEM32\IPHLPAPI.DLL
0x00007ff8402d0000 - 0x00007ff8402d8000 	C:\WINDOWS\System32\NSI.dll
0x00007ff838500000 - 0x00007ff838517000 	C:\WINDOWS\SYSTEM32\dhcpcsvc6.DLL
0x00007ff838ef0000 - 0x00007ff838f0d000 	C:\WINDOWS\SYSTEM32\dhcpcsvc.DLL
0x00007ff83e9f0000 - 0x00007ff83eaba000 	C:\WINDOWS\SYSTEM32\DNSAPI.dll
0x00007ff8387a0000 - 0x00007ff8387a7000 	C:\WINDOWS\system32\wshunix.dll

dbghelp: loaded successfully - version: 4.0.5 - missing functions: none
symbol engine: initialized successfully - sym options: 0x614 - pdb path: .;C:\Program Files\Android\Android Studio1\jbr\bin;C:\WINDOWS\SYSTEM32;C:\WINDOWS\WinSxS\amd64_microsoft.windows.common-controls_6595b64144ccf1df_6.0.19041.3636_none_60b6a03d71f818d5;C:\Program Files\Android\Android Studio1\jbr\bin\server;C:\Users\COMBATIENTE\.gradle\native\68d5fa5c4cc2d200863cafc0d521ce42e7d3e7ee720ec0a83991735586a16f82\windows-amd64;C:\Users\COMBATIENTE\.gradle\native\e376f236ea51e6404a007f0833ffe2c6e607c4080706a723a18a27aeea778392\windows-amd64

VM Arguments:
jvm_args: --add-opens=java.base/java.util=ALL-UNNAMED --add-opens=java.base/java.lang=ALL-UNNAMED --add-opens=java.base/java.lang.invoke=ALL-UNNAMED --add-opens=java.prefs/java.util.prefs=ALL-UNNAMED --add-opens=java.base/java.nio.charset=ALL-UNNAMED --add-opens=java.base/java.net=ALL-UNNAMED --add-opens=java.base/java.util.concurrent.atomic=ALL-UNNAMED -Xmx2048m -Dfile.encoding=UTF-8 -Duser.country=US -Duser.language=en -Duser.variant -javaagent:C:\Users\COMBATIENTE\.gradle\wrapper\dists\gradle-8.2-bin\bbg7u40eoinfdyxsxr3z4i7ta\gradle-8.2\lib\agents\gradle-instrumentation-agent-8.2.jar 
java_command: org.gradle.launcher.daemon.bootstrap.GradleDaemon 8.2
java_class_path (initial): C:\Users\COMBATIENTE\.gradle\wrapper\dists\gradle-8.2-bin\bbg7u40eoinfdyxsxr3z4i7ta\gradle-8.2\lib\gradle-launcher-8.2.jar
Launcher Type: SUN_STANDARD

[Global flags]
     intx CICompilerCount                          = 3                                         {product} {ergonomic}
     uint ConcGCThreads                            = 1                                         {product} {ergonomic}
     uint G1ConcRefinementThreads                  = 4                                         {product} {ergonomic}
   size_t G1HeapRegionSize                         = 1048576                                   {product} {ergonomic}
    uintx GCDrainStackTargetSize                   = 64                                        {product} {ergonomic}
   size_t InitialHeapSize                          = 201326592                                 {product} {ergonomic}
   size_t MarkStackSize                            = 4194304                                   {product} {ergonomic}
   size_t MaxHeapSize                              = 2147483648                                {product} {command line}
   size_t MaxNewSize                               = 1287651328                                {product} {ergonomic}
   size_t MinHeapDeltaBytes                        = 1048576                                   {product} {ergonomic}
   size_t MinHeapSize                              = 8388608                                   {product} {ergonomic}
    uintx NonNMethodCodeHeapSize                   = 5832780                                {pd product} {ergonomic}
    uintx NonProfiledCodeHeapSize                  = 122912730                              {pd product} {ergonomic}
    uintx ProfiledCodeHeapSize                     = 122912730                              {pd product} {ergonomic}
    uintx ReservedCodeCacheSize                    = 251658240                              {pd product} {ergonomic}
     bool SegmentedCodeCache                       = true                                      {product} {ergonomic}
   size_t SoftMaxHeapSize                          = 2147483648                             {manageable} {ergonomic}
     bool UseCompressedClassPointers               = true                           {product lp64_product} {ergonomic}
     bool UseCompressedOops                        = true                           {product lp64_product} {ergonomic}
     bool UseG1GC                                  = true                                      {product} {ergonomic}
     bool UseLargePagesIndividualAllocation        = false                                  {pd product} {ergonomic}

Logging:
Log output configuration:
 #0: stdout all=warning uptime,level,tags
 #1: stderr all=off uptime,level,tags

Environment Variables:
PATH=C:\Program Files\Rockwell Software\RSCommon;C:\Program Files (x86)\Common Files\Oracle\Java\javapath;C:\Program Files (x86)\PC Connectivity Solution\;C:\ProgramData\Oracle\Java\javapath;C:\WINDOWS\system32;C:\WINDOWS;C:\WINDOWS\System32\Wbem;C:\WINDOWS\System32\WindowsPowerShell\v1.0\;C:\Program Files (x86)\NVIDIA Corporation\PhysX\Common;C:\WINDOWS\system32;C:\WINDOWS;C:\WINDOWS\System32\Wbem;C:\WINDOWS\System32\WindowsPowerShell\v1.0\;C:\WINDOWS\System32\OpenSSH\;c:\Program Files (x86)\Microsoft SQL Server\100\Tools\Binn\;c:\Program Files (x86)\Microsoft SQL Server\100\DTS\Binn\;c:\Program Files (x86)\Microsoft SQL Server\100\Tools\Binn\VSShell\Common7\IDE\;C:\Program Files\Microsoft SQL Server\110\Tools\Binn\;C:\Program Files\Microsoft SQL Server\120\Tools\Binn\;C:\Program Files\PowerShell\7\;C:\Program Files\Git\cmd;C:\Program Files (x86)\Windows Kits\10\Windows Performance Toolkit\;C:\Program Files\PowerShell\7-preview\preview;C:\Users\COMBATIENTE\AppData\Local\Microsoft\WindowsApps;C:\dev\flutter\bin;C:\Users\COMBATIENTE\AppData\Local\Programs\Microsoft VS Code\bin
USERNAME=COMBATIENTE
OS=Windows_NT
PROCESSOR_IDENTIFIER=Intel64 Family 6 Model 69 Stepping 1, GenuineIntel
TMP=C:\Users\COMBAT~1\AppData\Local\Temp
TEMP=C:\Users\COMBAT~1\AppData\Local\Temp


JNI global refs:
JNI global refs: 24, weak refs: 2

JNI global refs memory usage: 843, weak refs: 841

OOME stack traces (most recent first):
Classloader memory used:
Loader org.gradle.internal.classloader.VisitableURLClassLoader                         : 3249K
Loader bootstrap                                                                       : 2420K
Loader org.gradle.initialization.MixInLegacyTypesClassLoader                           : 735K
Loader org.gradle.internal.classloader.VisitableURLClassLoader$InstrumentingVisitableURLClassLoader: 86075B
Loader org.gradle.internal.classloader.VisitableURLClassLoader                         : 73860B
Loader jdk.internal.loader.ClassLoaders$PlatformClassLoader                            : 65470B
Loader jdk.internal.loader.ClassLoaders$AppClassLoader                                 : 28352B
Loader jdk.internal.reflect.DelegatingClassLoader                                      : 26265B
Loader org.gradle.groovy.scripts.internal.DefaultScriptCompilationHandler$ScriptClassLoader: 11498B
Loader org.codehaus.groovy.runtime.callsite.CallSiteClassLoader                        : 6725B

Classes loaded by more than one classloader:
Class org.gradle.internal.Cast                                                        : loaded 3 times (x 69B)
Class org.gradle.api.GradleException                                                  : loaded 3 times (x 80B)
Class org.jetbrains.plugins.gradle.model.MavenRepositoryModel                         : loaded 2 times (x 68B)
Class org.gradle.internal.classpath.ClassPath                                         : loaded 2 times (x 68B)
Class org.gradle.api.internal.classpath.DefaultModuleRegistry                         : loaded 2 times (x 84B)
Class Settings_gradle$1$1                                                             : loaded 2 times (x 72B)
Class com.intellij.openapi.externalSystem.model.ExternalSystemException               : loaded 2 times (x 84B)
Class org.gradle.api.Action                                                           : loaded 2 times (x 68B)
Class org.jetbrains.kotlin.idea.gradleTooling.model.samWithReceiver.SamWithReceiverModel: loaded 2 times (x 68B)
Class org.jetbrains.plugins.gradle.model.ExternalProject                              : loaded 2 times (x 68B)
Class org.jetbrains.plugins.gradle.model.IntelliJSettings                             : loaded 2 times (x 68B)
Class sync_studio_tooling11_d313n79p1s7m2py0y83byf7yp$_run_closure1                   : loaded 2 times (x 134B)
Class org.jetbrains.kotlin.idea.gradleTooling.KotlinMPPGradleModel                    : loaded 2 times (x 68B)
Class org.gradle.api.internal.DefaultClassPathProvider                                : loaded 2 times (x 74B)
Class org.gradle.internal.installation.GradleInstallation$1                           : loaded 2 times (x 73B)
Class org.gradle.internal.exceptions.DefaultMultiCauseException                       : loaded 2 times (x 85B)
Class org.gradle.util.GradleVersion                                                   : loaded 2 times (x 81B)
Class org.gradle.internal.time.MonotonicClock                                         : loaded 2 times (x 75B)
Class org.gradle.internal.classloader.FilteringClassLoader                            : loaded 2 times (x 102B)
Class org.gradle.tooling.model.Model                                                  : loaded 2 times (x 68B)
Class org.gradle.internal.classpath.DefaultClassPath$ImmutableUniqueList$Builder      : loaded 2 times (x 73B)
Class org.jetbrains.kotlin.idea.gradleTooling.KotlinSourceSetContainer                : loaded 2 times (x 68B)
Class org.gradle.internal.classloader.ClassLoaderVisitor                              : loaded 2 times (x 74B)
Class org.gradle.internal.time.DefaultCountdownTimer                                  : loaded 2 times (x 86B)
Class org.gradle.internal.service.DefaultServiceLocator                               : loaded 2 times (x 81B)
Class org.gradle.internal.service.UnknownServiceException                             : loaded 2 times (x 81B)
Class org.jetbrains.plugins.gradle.model.DependencyAccessorsModel                     : loaded 2 times (x 68B)
Class org.gradle.internal.classloader.DefaultClassLoaderFactory                       : loaded 2 times (x 80B)
Class org.jetbrains.plugins.gradle.model.GradleExtensions                             : loaded 2 times (x 68B)
Class org.jetbrains.plugins.gradle.model.VersionCatalogsModel                         : loaded 2 times (x 68B)
Class org.gradle.internal.classloader.VisitableURLClassLoader$Spec                    : loaded 2 times (x 72B)
Class org.gradle.tooling.model.ProjectModel                                           : loaded 2 times (x 68B)
Class org.gradle.tooling.model.UnsupportedMethodException                             : loaded 2 times (x 80B)
Class org.gradle.tooling.internal.gradle.DefaultProjectIdentifier                     : loaded 2 times (x 84B)
Class org.gradle.api.internal.classpath.ModuleRegistry                                : loaded 2 times (x 68B)
Class org.jetbrains.plugins.gradle.model.RepositoriesModel                            : loaded 2 times (x 68B)
Class kotlin.jvm.internal.markers.KMappedMarker                                       : loaded 2 times (x 68B)
Class org.gradle.api.internal.ClassPathProvider                                       : loaded 2 times (x 68B)
Class org.gradle.internal.classloader.ClasspathUtil$1                                 : loaded 2 times (x 74B)
Class org.gradle.internal.classloader.ClassLoaderFactory                              : loaded 2 times (x 68B)
Class org.gradle.api.internal.classpath.ManifestUtil                                  : loaded 2 times (x 69B)
Class org.gradle.api.specs.Spec                                                       : loaded 2 times (x 68B)
Class org.gradle.tooling.internal.gradle.GradleBuildIdentity                          : loaded 2 times (x 68B)
Class org.gradle.internal.IoActions                                                   : loaded 2 times (x 69B)
Class ijinit_ayng805x2g0o8trfm68sy0453                                                : loaded 2 times (x 177B)
Class org.gradle.api.internal.classpath.EffectiveClassPath                            : loaded 2 times (x 88B)
Class kotlin.jvm.internal.DefaultConstructorMarker                                    : loaded 2 times (x 69B)
Class org.jetbrains.kotlin.idea.gradleTooling.model.annotation.AnnotationBasedPluginModel: loaded 2 times (x 68B)
Class org.jetbrains.kotlin.idea.gradleTooling.model.assignment.AssignmentModel        : loaded 2 times (x 68B)
Class org.gradle.internal.installation.CurrentGradleInstallation                      : loaded 2 times (x 71B)
Class org.gradle.internal.agents.InstrumentingClassLoader                             : loaded 2 times (x 68B)
Class org.gradle.internal.installation.CurrentGradleInstallationLocator               : loaded 2 times (x 69B)
Class org.gradle.api.internal.classpath.Module                                        : loaded 2 times (x 68B)
Class org.gradle.internal.service.CachingServiceLocator                               : loaded 2 times (x 80B)
Class org.gradle.internal.time.Timer                                                  : loaded 2 times (x 68B)
Class org.jetbrains.kotlin.idea.gradleTooling.KotlinDslScriptAdditionalTask           : loaded 2 times (x 68B)
Class org.jetbrains.plugins.gradle.model.tests.ExternalTestsModel                     : loaded 2 times (x 68B)
Class org.gradle.internal.classpath.DefaultClassPath                                  : loaded 2 times (x 88B)
Class com.intellij.openapi.externalSystem.model.project.dependencies.ProjectDependencies: loaded 2 times (x 68B)
Class org.jetbrains.kotlin.idea.gradleTooling.PrepareKotlinIdeImportTaskModel         : loaded 2 times (x 68B)
Class org.gradle.internal.impldep.com.google.common.base.Preconditions                : loaded 2 times (x 69B)
Class kotlin.jvm.functions.Function1                                                  : loaded 2 times (x 68B)
Class org.gradle.internal.time.Time                                                   : loaded 2 times (x 69B)
Class org.gradle.internal.time.TimeSource$1                                           : loaded 2 times (x 75B)
Class org.gradle.internal.classloader.SystemClassLoaderSpec                           : loaded 2 times (x 69B)
Class kotlin.Function                                                                 : loaded 2 times (x 68B)
Class org.gradle.api.UncheckedIOException                                             : loaded 2 times (x 80B)
Class Program                                                                         : loaded 2 times (x 70B)
Class org.gradle.tooling.internal.gradle.GradleProjectIdentity                        : loaded 2 times (x 68B)
Class org.gradle.internal.time.CountdownTimer                                         : loaded 2 times (x 68B)
Class org.gradle.internal.time.Clock                                                  : loaded 2 times (x 68B)
Class org.gradle.internal.classloader.ClasspathUtil                                   : loaded 2 times (x 69B)
Class org.gradle.tooling.model.BuildIdentifier                                        : loaded 2 times (x 68B)
Class org.gradle.api.internal.DefaultClassPathRegistry                                : loaded 2 times (x 74B)
Class org.gradle.api.internal.classpath.DefaultModuleRegistry$DefaultModule           : loaded 2 times (x 84B)
Class org.gradle.internal.time.TimeSource                                             : loaded 2 times (x 68B)
Class sync_studio_tooling11_d313n79p1s7m2py0y83byf7yp                                 : loaded 2 times (x 177B)
Class org.jetbrains.kotlin.android.synthetic.idea.AndroidExtensionsGradleModel        : loaded 2 times (x 68B)
Class org.gradle.api.internal.classpath.UnknownModuleException                        : loaded 2 times (x 80B)
Class org.jetbrains.plugins.gradle.model.IntelliJProjectSettings                      : loaded 2 times (x 68B)
Class org.gradle.internal.service.ServiceLookupException                              : loaded 2 times (x 80B)
Class org.gradle.cache.GlobalCache                                                    : loaded 2 times (x 68B)
Class org.jetbrains.kotlin.idea.gradleTooling.model.lombok.LombokModel                : loaded 2 times (x 68B)
Class org.gradle.tooling.model.ProjectIdentifier                                      : loaded 2 times (x 68B)
Class [Lorg.gradle.api.internal.ClassPathProvider;                                    : loaded 2 times (x 67B)
Class org.gradle.internal.operations.MultipleBuildOperationFailures                   : loaded 2 times (x 85B)
Class org.gradle.util.internal.GUtil                                                  : loaded 2 times (x 69B)
Class org.jetbrains.plugins.gradle.model.AnnotationProcessingModel                    : loaded 2 times (x 68B)
Class org.gradle.internal.classloader.ClassLoaderSpec                                 : loaded 2 times (x 69B)
Class org.jetbrains.plugins.gradle.model.BuildScriptClasspathModel                    : loaded 2 times (x 68B)
Class org.gradle.internal.classloader.VisitableURLClassLoader                         : loaded 2 times (x 114B)
Class org.gradle.internal.installation.GradleInstallation                             : loaded 2 times (x 73B)
Class org.gradle.api.internal.ClassPathRegistry                                       : loaded 2 times (x 68B)
Class org.gradle.internal.classloader.VisitableURLClassLoader$InstrumentingVisitableURLClassLoader: loaded 2 times (x 120B)
Class org.gradle.internal.classloader.ClassLoaderHierarchy                            : loaded 2 times (x 68B)
Class org.gradle.internal.exceptions.MultiCauseException                              : loaded 2 times (x 68B)
Class org.jetbrains.kotlin.idea.gradleTooling.model.parcelize.ParcelizeGradleModel    : loaded 2 times (x 68B)
Class org.gradle.internal.InternalTransformer                                         : loaded 2 times (x 68B)
Class org.jetbrains.kotlin.idea.gradleTooling.model.noarg.NoArgModel                  : loaded 2 times (x 68B)
Class org.jetbrains.kotlin.idea.gradleTooling.KotlinGradleModel                       : loaded 2 times (x 68B)
Class org.gradle.tooling.internal.gradle.DefaultBuildIdentifier                       : loaded 2 times (x 77B)
Class org.gradle.internal.service.ServiceLocator                                      : loaded 2 times (x 68B)
Class Settings_gradle$1                                                               : loaded 2 times (x 72B)
Class org.jetbrains.kotlin.idea.gradleTooling.model.allopen.AllOpenModel              : loaded 2 times (x 68B)
Class org.gradle.internal.classpath.DefaultClassPath$ImmutableUniqueList              : loaded 2 times (x 159B)
Class org.gradle.internal.time.DefaultTimer                                           : loaded 2 times (x 78B)
Class org.gradle.internal.classpath.TransformedClassPath                              : loaded 2 times (x 94B)
Class Settings_gradle                                                                 : loaded 2 times (x 126B)


---------------  S Y S T E M  ---------------

OS:
 Windows 10 , 64 bit Build 19041 (10.0.19041.3636)
OS uptime: 5 days 8:17 hours

CPU: total 4 (initial active 4) (2 cores per cpu, 2 threads per core) family 6 model 69 stepping 1 microcode 0x25, cx8, cmov, fxsr, ht, mmx, sse, sse2, sse3, ssse3, sse4.1, sse4.2, popcnt, lzcnt, tsc, tscinvbit, avx, avx2, aes, erms, clmul, bmi1, bmi2, fma, vzeroupper, clflush

Memory: 4k page, system-wide physical 12224M (2726M free)
TotalPageFile size 13624M (AvailPageFile size 3M)
current process WorkingSet (physical memory assigned to process): 344M, peak: 344M
current process commit charge ("private bytes"): 475M, peak: 477M

vm_info: OpenJDK 64-Bit Server VM (17.0.7+0-b2043.56-10550314) for windows-amd64 JRE (17.0.7+0-b2043.56-10550314), built on Jul 24 2023 18:27:45 by "androidbuild" with MS VC++ 16.10 / 16.11 (VS2019)

END.
